<?xml version="1.0" encoding="utf-8"?><testsuites><testsuite name="pytest" errors="0" failures="0" skipped="5" tests="311" time="265.422" timestamp="2025-12-22T00:14:03.614618" hostname="niel-fzu"><testcase classname="test_mcp_comprehensive.TestProtocolCompliance" name="test_jsonrpc_version_required" time="3.014" /><testcase classname="test_mcp_comprehensive.TestProtocolCompliance" name="test_malformed_json" time="2.012" /><testcase classname="test_mcp_comprehensive.TestProtocolCompliance" name="test_unknown_method" time="1.018" /><testcase classname="test_mcp_comprehensive.TestProtocolCompliance" name="test_initialize_protocol_version" time="1.014" /><testcase classname="test_mcp_comprehensive.TestProtocolCompliance" name="test_initialize_capabilities" time="1.015" /><testcase classname="test_mcp_comprehensive.TestProtocolCompliance" name="test_initialized_notification" time="1.017" /><testcase classname="test_mcp_comprehensive.TestToolDiscovery" name="test_tools_list_structure" time="1.020" /><testcase classname="test_mcp_comprehensive.TestToolDiscovery" name="test_all_tools_have_required_fields" time="1.020" /><testcase classname="test_mcp_comprehensive.TestToolDiscovery" name="test_tool_schemas_valid_json_schema" time="1.018" /><testcase classname="test_mcp_comprehensive.TestToolDiscovery" name="test_comprehensive_generator_tool_exists" time="1.019" /><testcase classname="test_mcp_comprehensive.TestToolDiscovery" name="test_tool_count" time="1.024" /><testcase classname="test_mcp_comprehensive.TestToolDiscovery" name="test_tool_descriptions_informative" time="1.025" /><testcase classname="test_mcp_comprehensive.TestCrystalGeneration" name="test_generate_simple_cubic_si" time="1.993" /><testcase classname="test_mcp_comprehensive.TestCrystalGeneration" name="test_generate_rocksalt_nacl" time="1.615" /><testcase classname="test_mcp_comprehensive.TestCrystalGeneration" name="test_generate_with_seed_reproducibility" time="2.255" /><testcase classname="test_mcp_comprehensive.TestCrystalGeneration" name="test_generate_low_symmetry_triclinic" time="1.548" /><testcase classname="test_mcp_comprehensive.TestCrystalGeneration" name="test_generate_hexagonal_graphite" time="1.556" /><testcase classname="test_mcp_comprehensive.TestSpaceGroups" name="test_representative_space_groups[1]" time="1.904" /><testcase classname="test_mcp_comprehensive.TestSpaceGroups" name="test_representative_space_groups[2]" time="1.555" /><testcase classname="test_mcp_comprehensive.TestSpaceGroups" name="test_representative_space_groups[15]" time="1.746" /><testcase classname="test_mcp_comprehensive.TestSpaceGroups" name="test_representative_space_groups[47]" time="1.807" /><testcase classname="test_mcp_comprehensive.TestSpaceGroups" name="test_representative_space_groups[62]" time="1.596" /><testcase classname="test_mcp_comprehensive.TestSpaceGroups" name="test_representative_space_groups[88]" time="1.709" /><testcase classname="test_mcp_comprehensive.TestSpaceGroups" name="test_representative_space_groups[123]" time="1.775" /><testcase classname="test_mcp_comprehensive.TestSpaceGroups" name="test_representative_space_groups[166]" time="1.615" /><testcase classname="test_mcp_comprehensive.TestSpaceGroups" name="test_representative_space_groups[194]" time="1.632" /><testcase classname="test_mcp_comprehensive.TestSpaceGroups" name="test_representative_space_groups[225]" time="1.711" /><testcase classname="test_mcp_comprehensive.TestSpaceGroups" name="test_representative_space_groups[227]" time="1.637" /><testcase classname="test_mcp_comprehensive.TestSpaceGroups" name="test_representative_space_groups[230]" time="1.630" /><testcase classname="test_mcp_comprehensive.TestSpaceGroups" name="test_invalid_space_group_0" time="1.530" /><testcase classname="test_mcp_comprehensive.TestSpaceGroups" name="test_invalid_space_group_999" time="1.538" /><testcase classname="test_mcp_comprehensive.TestTransformations" name="test_make_supercell_2x2x2" time="2.105" /><testcase classname="test_mcp_comprehensive.TestTransformations" name="test_apply_strain_tensile" time="2.141" /><testcase classname="test_mcp_comprehensive.TestTransformations" name="test_generate_surface_slab" time="2.034" /><testcase classname="test_mcp_comprehensive.TestDefects" name="test_create_vacancy" time="1.836" /><testcase classname="test_mcp_comprehensive.TestDefects" name="test_create_interstitial" time="1.901" /><testcase classname="test_mcp_comprehensive.TestAnalysis" name="test_analyze_symmetry_diamond" time="2.236" /><testcase classname="test_mcp_comprehensive.TestAnalysis" name="test_validate_structure" time="2.181" /><testcase classname="test_mcp_comprehensive.TestExportFormats" name="test_export_vasp_poscar" time="1.826" /><testcase classname="test_mcp_comprehensive.TestExportFormats" name="test_export_cif" time="1.925" /><testcase classname="test_mcp_comprehensive.TestExportFormats" name="test_export_xyz" time="1.843" /><testcase classname="test_mcp_comprehensive.TestErrorHandling" name="test_missing_required_parameter" time="1.540" /><testcase classname="test_mcp_comprehensive.TestErrorHandling" name="test_wrong_parameter_type" time="1.544" /><testcase classname="test_mcp_comprehensive.TestErrorHandling" name="test_negative_lattice_parameter" time="1.507" /><testcase classname="test_mcp_comprehensive.TestErrorHandling" name="test_invalid_element_symbol" time="1.517" /><testcase classname="test_mcp_comprehensive.TestErrorHandling" name="test_mismatched_composition" time="1.548" /><testcase classname="test_mcp_comprehensive.TestErrorHandling" name="test_empty_structure_handling" time="1.280" /><testcase classname="test_mcp_comprehensive.TestPerformance" name="test_rapid_sequential_requests" time="1.031" /><testcase classname="test_mcp_comprehensive.TestPerformance" name="test_generation_performance_simple" time="1.676" /><testcase classname="test_mcp_comprehensive.TestPerformance" name="test_large_supercell_performance" time="2.126" /><testcase classname="test_mcp_comprehensive.TestIntegrationWorkflows" name="test_generate_analyze_export_workflow" time="2.342" /><testcase classname="test_mcp_comprehensive.TestIntegrationWorkflows" name="test_generate_transform_validate_workflow" time="2.647" /><testcase classname="test_mcp_comprehensive.TestIntegrationWorkflows" name="test_defect_creation_workflow" time="2.565" /><testcase classname="test_mcp_comprehensive.TestScientificCorrectness" name="test_lattice_parameter_preserved" time="1.589" /><testcase classname="test_mcp_comprehensive.TestScientificCorrectness" name="test_composition_preserved" time="1.589" /><testcase classname="test_mcp_comprehensive.TestScientificCorrectness" name="test_coordination_number_fcc" time="1.623" /><testcase classname="test_operation_matrix.TestBulkStructures" name="test_space_group_generation[1]" time="1.584" /><testcase classname="test_operation_matrix.TestBulkStructures" name="test_space_group_generation[2]" time="1.760" /><testcase classname="test_operation_matrix.TestBulkStructures" name="test_space_group_generation[3]" time="1.523" /><testcase classname="test_operation_matrix.TestBulkStructures" name="test_space_group_generation[5]" time="1.531" /><testcase classname="test_operation_matrix.TestBulkStructures" name="test_space_group_generation[7]" time="1.539" /><testcase classname="test_operation_matrix.TestBulkStructures" name="test_space_group_generation[10]" time="1.537" /><testcase classname="test_operation_matrix.TestBulkStructures" name="test_space_group_generation[12]" time="1.548" /><testcase classname="test_operation_matrix.TestBulkStructures" name="test_space_group_generation[15]" time="1.561" /><testcase classname="test_operation_matrix.TestBulkStructures" name="test_space_group_generation[16]" time="1.542" /><testcase classname="test_operation_matrix.TestBulkStructures" name="test_space_group_generation[20]" time="1.546" /><testcase classname="test_operation_matrix.TestBulkStructures" name="test_space_group_generation[25]" time="1.568" /><testcase classname="test_operation_matrix.TestBulkStructures" name="test_space_group_generation[33]" time="1.515" /><testcase classname="test_operation_matrix.TestBulkStructures" name="test_space_group_generation[47]" time="1.553" /><testcase classname="test_operation_matrix.TestBulkStructures" name="test_space_group_generation[55]" time="1.563" /><testcase classname="test_operation_matrix.TestBulkStructures" name="test_space_group_generation[62]" time="1.624" /><testcase classname="test_operation_matrix.TestBulkStructures" name="test_space_group_generation[70]" time="1.637" /><testcase classname="test_operation_matrix.TestBulkStructures" name="test_space_group_generation[75]" time="1.520" /><testcase classname="test_operation_matrix.TestBulkStructures" name="test_space_group_generation[82]" time="1.559" /><testcase classname="test_operation_matrix.TestBulkStructures" name="test_space_group_generation[88]" time="1.717" /><testcase classname="test_operation_matrix.TestBulkStructures" name="test_space_group_generation[99]" time="1.528" /><testcase classname="test_operation_matrix.TestBulkStructures" name="test_space_group_generation[111]" time="1.543" /><testcase classname="test_operation_matrix.TestBulkStructures" name="test_space_group_generation[123]" time="1.576" /><testcase classname="test_operation_matrix.TestBulkStructures" name="test_space_group_generation[136]" time="1.569" /><testcase classname="test_operation_matrix.TestBulkStructures" name="test_space_group_generation[142]" time="1.584" /><testcase classname="test_operation_matrix.TestBulkStructures" name="test_space_group_generation[143]" time="1.535" /><testcase classname="test_operation_matrix.TestBulkStructures" name="test_space_group_generation[147]" time="1.543" /><testcase classname="test_operation_matrix.TestBulkStructures" name="test_space_group_generation[150]" time="1.534" /><testcase classname="test_operation_matrix.TestBulkStructures" name="test_space_group_generation[155]" time="1.540" /><testcase classname="test_operation_matrix.TestBulkStructures" name="test_space_group_generation[160]" time="1.550" /><testcase classname="test_operation_matrix.TestBulkStructures" name="test_space_group_generation[166]" time="1.588" /><testcase classname="test_operation_matrix.TestBulkStructures" name="test_space_group_generation[168]" time="1.566" /><testcase classname="test_operation_matrix.TestBulkStructures" name="test_space_group_generation[174]" time="1.565" /><testcase classname="test_operation_matrix.TestBulkStructures" name="test_space_group_generation[177]" time="1.555" /><testcase classname="test_operation_matrix.TestBulkStructures" name="test_space_group_generation[183]" time="1.591" /><testcase classname="test_operation_matrix.TestBulkStructures" name="test_space_group_generation[187]" time="1.646" /><testcase classname="test_operation_matrix.TestBulkStructures" name="test_space_group_generation[191]" time="1.573" /><testcase classname="test_operation_matrix.TestBulkStructures" name="test_space_group_generation[194]" time="1.620" /><testcase classname="test_operation_matrix.TestBulkStructures" name="test_space_group_generation[195]" time="1.559" /><testcase classname="test_operation_matrix.TestBulkStructures" name="test_space_group_generation[200]" time="1.747" /><testcase classname="test_operation_matrix.TestBulkStructures" name="test_space_group_generation[205]" time="1.662" /><testcase classname="test_operation_matrix.TestBulkStructures" name="test_space_group_generation[211]" time="1.564" /><testcase classname="test_operation_matrix.TestBulkStructures" name="test_space_group_generation[215]" time="1.591" /><testcase classname="test_operation_matrix.TestBulkStructures" name="test_space_group_generation[221]" time="1.619" /><testcase classname="test_operation_matrix.TestBulkStructures" name="test_space_group_generation[225]" time="1.611" /><testcase classname="test_operation_matrix.TestBulkStructures" name="test_space_group_generation[227]" time="1.607" /><testcase classname="test_operation_matrix.TestBulkStructures" name="test_space_group_generation[229]" time="1.591" /><testcase classname="test_operation_matrix.TestBulkStructures" name="test_space_group_generation[230]" time="1.775" /><testcase classname="test_operation_matrix.TestDefectGeneration" name="test_point_defects[vacancy]" time="1.982" /><testcase classname="test_operation_matrix.TestDefectGeneration" name="test_point_defects[interstitial]" time="2.100" /><testcase classname="test_operation_matrix.TestDefectGeneration" name="test_point_defects[substitution]" time="2.025" /><testcase classname="test_operation_matrix.TestSurfaceGeneration" name="test_surface_generation[miller0]" time="1.994" /><testcase classname="test_operation_matrix.TestSurfaceGeneration" name="test_surface_generation[miller1]" time="1.957" /><testcase classname="test_operation_matrix.TestSurfaceGeneration" name="test_surface_generation[miller2]" time="1.968" /><testcase classname="test_operation_matrix.TestSurfaceGeneration" name="test_surface_generation[miller3]" time="2.058" /><testcase classname="test_operation_matrix.TestSurfaceGeneration" name="test_surface_generation[miller4]" time="2.296" /><testcase classname="test_operation_matrix.TestSurfaceGeneration" name="test_adsorbate_placement" time="2.255" /><testcase classname="test_operation_matrix.Test2DMaterials" name="test_2d_material_generation[graphene]" time="1.418" /><testcase classname="test_operation_matrix.Test2DMaterials" name="test_2d_material_generation[hBN]" time="1.415" /><testcase classname="test_operation_matrix.Test2DMaterials" name="test_2d_material_generation[MoS2]" time="1.292" /><testcase classname="test_operation_matrix.Test2DMaterials" name="test_graphene_nanoribbon" time="1.364" /><testcase classname="test_operation_matrix.TestTwistronics" name="test_twisted_bilayer_graphene" time="1.277" /><testcase classname="test_operation_matrix.TestTwistronics" name="test_moire_superlattice" time="1.360" /><testcase classname="test_operation_matrix.TestMolecularCrystals" name="test_benzene_crystal" time="1.046" /><testcase classname="test_operation_matrix.TestMolecularCrystals" name="test_ice_structures" time="1.036" /><testcase classname="test_operation_matrix.TestNanostructures" name="test_quantum_dot" time="1.606" /><testcase classname="test_operation_matrix.TestNanostructures" name="test_nanowire" time="1.404" /><testcase classname="test_operation_matrix.TestAdvancedMaterials" name="test_topological_insulator" time="1.686" /><testcase classname="test_operation_matrix.TestAdvancedMaterials" name="test_magnetic_structure" time="1.273" /><testcase classname="test_operation_matrix.TestTransformationOperations" name="test_all_strain_types" time="4.222" /><testcase classname="test_operation_matrix.TestTransformationOperations" name="test_heterostructure_creation" time="2.160" /><testcase classname="test_operation_matrix.TestAllExportFormats" name="test_export_format[export_vasp]" time="1.838" /><testcase classname="test_operation_matrix.TestAllExportFormats" name="test_export_format[export_cif]" time="1.849" /><testcase classname="test_operation_matrix.TestAllExportFormats" name="test_export_format[export_xyz]" time="2.096" /><testcase classname="test_operation_matrix.TestOperationCount" name="test_verify_operation_count" time="1.016" /><testcase classname="test_operation_matrix.TestStressOperations" name="test_rapid_space_group_scan" time="5.934" /><testcase classname="test_mcp_e2e.TestProtocolBasics" name="test_initialize" time="0.514" /><testcase classname="test_mcp_e2e.TestProtocolBasics" name="test_initialize_invalid_version" time="0.513" /><testcase classname="test_mcp_e2e.TestProtocolBasics" name="test_call_before_initialize" time="0.517" /><testcase classname="test_mcp_e2e.TestProtocolBasics" name="test_malformed_json" time="1.510" /><testcase classname="test_mcp_e2e.TestProtocolBasics" name="test_invalid_jsonrpc_version" time="1.511" /><testcase classname="test_mcp_e2e.TestToolManagement" name="test_tools_list" time="0.520" /><testcase classname="test_mcp_e2e.TestToolManagement" name="test_tool_not_found" time="0.516" /><testcase classname="test_mcp_e2e.TestToolExecution" name="test_generate_structure_valid" time="1.065" /><testcase classname="test_mcp_e2e.TestToolExecution" name="test_generate_invalid_spacegroup" time="1.075" /><testcase classname="test_mcp_e2e.TestToolExecution" name="test_generate_missing_required_params" time="1.016" /><testcase classname="test_mcp_e2e.TestToolExecution" name="test_generate_wrong_param_types" time="1.019" /><testcase classname="test_mcp_e2e.TestToolExecution" name="test_export_vasp_valid" time="1.344" /><testcase classname="test_mcp_e2e.TestToolExecution" name="test_export_invalid_structure" time="0.783" /><testcase classname="test_mcp_e2e.TestResourcesAndPrompts" name="test_resources_list" time="0.513" /><testcase classname="test_mcp_e2e.TestResourcesAndPrompts" name="test_prompts_list" time="0.513" /><testcase classname="test_mcp_e2e.TestPerformance" name="test_rapid_requests" time="0.522" /><testcase classname="test_mcp_e2e.TestPerformance" name="test_large_structure_generation" time="1.155" /><testcase classname="test_mcp_e2e.TestEndToEndWorkflows" name="test_generate_and_export_workflow" time="1.384" /><testcase classname="test_all_operations.TestOperationRegistry" name="test_all_operations_registered" time="0.001" /><testcase classname="test_all_operations.TestOperationRegistry" name="test_all_functions_importable" time="0.083" /><testcase classname="test_all_operations.TestBulkOperations" name="test_bulk_generation[generate_from_spacegroup]" time="0.118" /><testcase classname="test_all_operations.TestBulkOperations" name="test_bulk_generation[generate_prototype]" time="0.147" /><testcase classname="test_all_operations.TestBulkOperations" name="test_bulk_generation[generate_perovskite]" time="0.007" /><testcase classname="test_all_operations.TestBulkOperations" name="test_bulk_generation[generate_double_perovskite]" time="0.221" /><testcase classname="test_all_operations.TestBulkOperations" name="test_bulk_generation[generate_ruddlesden_popper]" time="0.002" /><testcase classname="test_all_operations.TestDefectOperations" name="test_defect_generation[generate_vacancy]" time="0.001" /><testcase classname="test_all_operations.TestDefectOperations" name="test_defect_generation[generate_interstitial]" time="0.001" /><testcase classname="test_all_operations.TestDefectOperations" name="test_defect_generation[generate_substitution]" time="0.001" /><testcase classname="test_all_operations.TestDefectOperations" name="test_defect_generation[generate_frenkel_pair]" time="0.001" /><testcase classname="test_all_operations.TestDefectOperations" name="test_defect_generation[generate_amorphous_structure]" time="0.076" /><testcase classname="test_all_operations.TestSurfaceOperations" name="test_surface_generation[generate_nanoparticle]" time="0.014" /><testcase classname="test_all_operations.TestSurfaceOperations" name="test_surface_generation[generate_reconstruction]" time="0.001" /><testcase classname="test_all_operations.Test2DOperations" name="test_2d_generation[generate_graphene]" time="0.003" /><testcase classname="test_all_operations.Test2DOperations" name="test_2d_generation[generate_silicene]" time="0.001" /><testcase classname="test_all_operations.Test2DOperations" name="test_2d_generation[generate_tmd]" time="0.001" /><testcase classname="test_all_operations.Test2DOperations" name="test_2d_generation[generate_mxene]" time="0.001" /><testcase classname="test_all_operations.Test2DOperations" name="test_2d_generation[generate_janus_tmd]" time="0.001" /><testcase classname="test_all_operations.TestElectronicOperations" name="test_electronic_generation[generate_topological_insulator]" time="0.003" /><testcase classname="test_all_operations.TestElectronicOperations" name="test_electronic_generation[generate_superconductor]" time="0.001" /><testcase classname="test_all_operations.TestMagneticOperations" name="test_magnetic_generation[generate_magnetic_structure]" time="0.001" /><testcase classname="test_all_operations.TestMagneticOperations" name="test_magnetic_generation[generate_heusler]" time="0.001" /><testcase classname="test_all_operations.TestMoleculeOperations" name="test_molecule_generation[generate_fullerene]" time="0.002" /><testcase classname="test_all_operations.TestMoleculeOperations" name="test_molecule_generation[generate_metal_cluster]" time="0.001" /><testcase classname="test_all_operations.TestMoleculeOperations" name="test_molecule_generation[generate_mof]" time="0.001" /><testcase classname="test_all_operations.TestQualityControlOperations" name="test_qc_operations[analyze_symmetry]" time="0.012" /><testcase classname="test_all_operations.TestQualityControlOperations" name="test_qc_operations[validate_structure]" time="0.014" /><testcase classname="test_all_operations.TestQualityControlOperations" name="test_qc_operations[get_subgroups]" time="0.765" /><testcase classname="test_all_operations.TestQualityControlOperations" name="test_qc_operations[get_symmetry_path]" time="0.645" /><testcase classname="test_all_operations.TestQualityControlOperations" name="test_qc_operations[transform_to_subgroup]" time="0.137" /><testcase classname="test_all_operations.TestExportOperations" name="test_export_operations[export_vasp]" time="0.001" /><testcase classname="test_all_operations.TestExportOperations" name="test_export_operations[export_cif]" time="0.001" /><testcase classname="test_all_operations.TestExportOperations" name="test_export_operations[export_xyz]" time="0.001" /><testcase classname="test_all_operations.TestAllCategoriesExecution" name="test_category_has_working_operation[adsorption]" time="0.001" /><testcase classname="test_all_operations.TestAllCategoriesExecution" name="test_category_has_working_operation[battery]" time="0.002" /><testcase classname="test_all_operations.TestAllCategoriesExecution" name="test_category_has_working_operation[biomolecular]" time="0.006" /><testcase classname="test_all_operations.TestAllCategoriesExecution" name="test_category_has_working_operation[bulk]" time="0.129" /><testcase classname="test_all_operations.TestAllCategoriesExecution" name="test_category_has_working_operation[catalyst]" time="0.006" /><testcase classname="test_all_operations.TestAllCategoriesExecution" name="test_category_has_working_operation[defect]" time="0.001" /><testcase classname="test_all_operations.TestAllCategoriesExecution" name="test_category_has_working_operation[electronic]" time="0.003" /><testcase classname="test_all_operations.TestAllCategoriesExecution" name="test_category_has_working_operation[external_fields]" time="0.001" /><testcase classname="test_all_operations.TestAllCategoriesExecution" name="test_category_has_working_operation[high_pressure]" time="0.001" /><testcase classname="test_all_operations.TestAllCategoriesExecution" name="test_category_has_working_operation[magnetic]" time="0.001" /><testcase classname="test_all_operations.TestAllCategoriesExecution" name="test_category_has_working_operation[molecule]" time="0.001" /><testcase classname="test_all_operations.TestAllCategoriesExecution" name="test_category_has_working_operation[nanotube]" time="0.003" /><testcase classname="test_all_operations.TestAllCategoriesExecution" name="test_category_has_working_operation[output_formats]" time="0.001" /><testcase classname="test_all_operations.TestAllCategoriesExecution" name="test_category_has_working_operation[photonic]" time="0.008" /><testcase classname="test_all_operations.TestAllCategoriesExecution" name="test_category_has_working_operation[quality_control]" time="0.011" /><testcase classname="test_all_operations.TestAllCategoriesExecution" name="test_category_has_working_operation[quantum]" time="0.005" /><testcase classname="test_all_operations.TestAllCategoriesExecution" name="test_category_has_working_operation[surface]" time="0.056" /><testcase classname="test_all_operations.TestAllCategoriesExecution" name="test_category_has_working_operation[thermoelectric]" time="0.001" /><testcase classname="test_all_operations.TestAllCategoriesExecution" name="test_category_has_working_operation[twist]" time="0.072" /><testcase classname="test_all_operations.TestAllCategoriesExecution" name="test_category_has_working_operation[two_d]" time="0.002" /><testcase classname="test_new_modules.TestBatteryAnodes" name="test_module_importable" time="0.000" /><testcase classname="test_new_modules.TestBatteryAnodes" name="test_silicon_anode_basic" time="0.004" /><testcase classname="test_new_modules.TestBatteryAnodes" name="test_silicon_anode_lithiated" time="0.003" /><testcase classname="test_new_modules.TestBatteryAnodes" name="test_germanium_anode" time="0.004" /><testcase classname="test_new_modules.TestBatteryAnodes" name="test_tin_anode" time="0.002" /><testcase classname="test_new_modules.TestBatteryAnodes" name="test_phosphorus_anode" time="0.001" /><testcase classname="test_new_modules.TestBatteryAnodes" name="test_sulfur_cathode" time="0.009" /><testcase classname="test_new_modules.TestBatteryAnodes" name="test_metal_anode" time="0.031" /><testcase classname="test_new_modules.TestElectricFields" name="test_module_importable" time="0.001" /><testcase classname="test_new_modules.TestElectricFields" name="test_polarized_cell" time="0.001" /><testcase classname="test_new_modules.TestElectricFields" name="test_ferroelectric_domain" time="0.005" /><testcase classname="test_new_modules.TestElectricFields" name="test_polar_surface" time="0.047" /><testcase classname="test_new_modules.TestElectricFields" name="test_field_induced_phase" time="0.001" /><testcase classname="test_new_modules.TestAdvancedFields" name="test_module_importable" time="0.000" /><testcase classname="test_new_modules.TestAdvancedFields" name="test_floquet_cell" time="0.001" /><testcase classname="test_new_modules.TestAdvancedFields" name="test_phonon_pumped_cell" time="0.001" /><testcase classname="test_new_modules.TestAdvancedFields" name="test_warm_dense_matter" time="2.768" /><testcase classname="test_new_modules.TestAdvancedFields" name="test_laser_shocked_cell" time="0.002" /><testcase classname="test_new_modules.TestAdvancedFields" name="test_bimeron" time="0.010" /><testcase classname="test_new_modules.TestConformers" name="test_module_importable" time="0.001"><skipped type="pytest.skip" message="rdkit not installed">/home/niel/git/crystal-mcp-server/tests/testsuit/test_new_modules.py:240: rdkit not installed</skipped></testcase><testcase classname="test_new_modules.TestConformers" name="test_generate_conformers" time="0.000"><skipped type="pytest.skip" message="rdkit not installed">/home/niel/git/crystal-mcp-server/tests/testsuit/test_new_modules.py:246: rdkit not installed</skipped></testcase><testcase classname="test_new_modules.TestConformers" name="test_generate_tautomers" time="0.000"><skipped type="pytest.skip" message="rdkit not installed">/home/niel/git/crystal-mcp-server/tests/testsuit/test_new_modules.py:252: rdkit not installed</skipped></testcase><testcase classname="test_new_modules.TestConformers" name="test_enumerate_stereoisomers" time="0.000"><skipped type="pytest.skip" message="rdkit not installed">/home/niel/git/crystal-mcp-server/tests/testsuit/test_new_modules.py:258: rdkit not installed</skipped></testcase><testcase classname="test_new_modules.TestDatabaseAdapters" name="test_module_importable" time="0.001" /><testcase classname="test_new_modules.TestDatabaseAdapters" name="test_export_ase_atoms" time="0.001" /><testcase classname="test_new_modules.TestDatabaseAdapters" name="test_export_aiida" time="0.002" /><testcase classname="test_new_modules.TestDatabaseAdapters" name="test_export_aflow" time="0.004" /><testcase classname="test_new_modules.TestDatabaseAdapters" name="test_export_materials_project" time="0.003" /><testcase classname="test_new_modules.TestDatabaseAdapters" name="test_export_optimade" time="0.001" /><testcase classname="test_new_modules.TestDatabaseAdapters" name="test_export_jarvis" time="0.001" /><testcase classname="test_new_modules.TestOptimizer" name="test_module_importable" time="0.001" /><testcase classname="test_new_modules.TestOptimizer" name="test_optimize_structure_ase" time="0.013" /><testcase classname="test_new_modules.TestOptimizer" name="test_optimize_structure_mlff" time="0.000"><skipped type="pytest.skip" message="CUDA compatibility issues - skip for now">/home/niel/git/crystal-mcp-server/tests/testsuit/test_new_modules.py:354: CUDA compatibility issues - skip for now</skipped></testcase><testcase classname="test_new_modules.TestQuasicrystals" name="test_module_importable" time="0.001" /><testcase classname="test_new_modules.TestQuasicrystals" name="test_generate_quasicrystal" time="0.062" /><testcase classname="test_new_modules.TestQuasicrystals" name="test_penrose_tiling_golden_ratio" time="0.282" /><testcase classname="test_new_modules.TestQuasicrystals" name="test_fibonacci_approximant" time="0.001" /><testcase classname="test_new_modules.TestQuasicrystals" name="test_icosahedral_quasicrystal" time="0.001" /><testcase classname="test_new_modules.TestQuasicrystals" name="test_decagonal_quasicrystal" time="0.001" /><testcase classname="test_new_modules.TestArtificialLattices" name="test_module_importable" time="0.000" /><testcase classname="test_new_modules.TestArtificialLattices" name="test_kagome_lattice" time="0.001" /><testcase classname="test_new_modules.TestArtificialLattices" name="test_lieb_lattice" time="0.001" /><testcase classname="test_new_modules.TestArtificialLattices" name="test_checkerboard_lattice" time="0.001" /><testcase classname="test_new_modules.TestArtificialLattices" name="test_dice_lattice" time="0.001" /><testcase classname="test_new_modules.TestArtificialLattices" name="test_honeycomb_variants" time="0.003" /><testcase classname="test_new_modules.TestArtificialLattices" name="test_ruby_lattice" time="0.002" /><testcase classname="test_new_modules.TestHEA2D" name="test_module_importable" time="0.001" /><testcase classname="test_new_modules.TestHEA2D" name="test_generate_2d_hea" time="0.003" /><testcase classname="test_new_modules.TestHEA2D" name="test_generate_2d_heo" time="0.001" /><testcase classname="test_new_modules.TestHEA2D" name="test_generate_2d_hec" time="0.001" /><testcase classname="test_new_modules.TestHEA2D" name="test_generate_2d_hen" time="0.001" /><testcase classname="test_new_modules.TestHEA2D" name="test_generate_2d_he_tmd" time="0.002" /><testcase classname="test_new_modules.TestHEA2D" name="test_generate_2d_he_mxene" time="0.003" /><testcase classname="test_new_modules.TestRegistryIntegration" name="test_registry_has_new_operations" time="0.001" /><testcase classname="test_new_modules.TestRegistryIntegration" name="test_total_operations_count" time="0.001" /><testcase classname="test_new_modules.TestRegistryIntegration" name="test_meta_structures_category_exists" time="0.001" /><testcase classname="test_new_modules.TestScientificAccuracy" name="test_golden_ratio_in_quasicrystals" time="0.123" /><testcase classname="test_new_modules.TestScientificAccuracy" name="test_kagome_has_correct_atoms" time="0.002" /><testcase classname="test_scientific_accuracy.TestElementalCrystals" name="test_silicon_diamond" time="0.145" /><testcase classname="test_scientific_accuracy.TestElementalCrystals" name="test_germanium_diamond" time="0.111" /><testcase classname="test_scientific_accuracy.TestElementalCrystals" name="test_copper_fcc" time="0.128" /><testcase classname="test_scientific_accuracy.TestElementalCrystals" name="test_gold_fcc" time="0.134" /><testcase classname="test_scientific_accuracy.TestElementalCrystals" name="test_iron_bcc" time="0.078" /><testcase classname="test_scientific_accuracy.TestElementalCrystals" name="test_tungsten_bcc" time="0.088" /><testcase classname="test_scientific_accuracy.TestBinaryCompounds" name="test_nacl_rocksalt" time="0.169" /><testcase classname="test_scientific_accuracy.TestBinaryCompounds" name="test_mgo_rocksalt" time="0.235" /><testcase classname="test_scientific_accuracy.TestBinaryCompounds" name="test_gaas_zincblende" time="0.071" /><testcase classname="test_scientific_accuracy.TestBinaryCompounds" name="test_zno_wurtzite" time="0.039" /><testcase classname="test_scientific_accuracy.Test2DMaterials" name="test_graphene_lattice_constant" time="0.002" /><testcase classname="test_scientific_accuracy.Test2DMaterials" name="test_hbn_lattice_constant" time="0.100" /><testcase classname="test_scientific_accuracy.Test2DMaterials" name="test_mos2_lattice_constant" time="0.001" /><testcase classname="test_scientific_accuracy.Test2DMaterials" name="test_graphene_atom_count" time="0.001" /><testcase classname="test_scientific_accuracy.TestTopologicalInsulators" name="test_bi2se3_structure" time="0.084" /><testcase classname="test_scientific_accuracy.TestTopologicalInsulators" name="test_bi2te3_structure" time="0.121" /><testcase classname="test_scientific_accuracy.TestStructureTransformations" name="test_hydrostatic_strain_volume" time="0.146" /><testcase classname="test_scientific_accuracy.TestStructureTransformations" name="test_vacancy_removes_one_atom" time="0.203" /><testcase classname="test_scientific_accuracy.TestSpaceGroupSymmetry" name="test_all_crystal_systems_covered" time="0.312" /><testcase classname="test_scientific_accuracy.TestSpaceGroupSymmetry" name="test_space_group_subgroup_relations" time="0.159" /><testcase classname="test_scientific_accuracy.TestSpaceGroupSymmetry" name="test_symmetry_path_finding" time="0.659" /><testcase classname="test_scientific_accuracy.TestCrystallographicConstraints" name="test_cubic_angles_are_90" time="0.119" /><testcase classname="test_scientific_accuracy.TestCrystallographicConstraints" name="test_cubic_axes_are_equal" time="0.100" /><testcase classname="test_scientific_accuracy.TestCrystallographicConstraints" name="test_hexagonal_gamma_is_120" time="0.043" /><testcase classname="test_scientific_accuracy.TestBatteryMaterials" name="test_lithium_metal_bcc" time="0.101" /><testcase classname="test_scientific_accuracy.TestBatteryMaterials" name="test_silicon_anode_structure" time="0.004" /><testcase classname="test_scientific_accuracy.TestBatteryMaterials" name="test_sulfur_cathode_has_s8_rings" time="0.006" /><testcase classname="test_scientific_accuracy.TestQuasicrystalScientificAccuracy" name="test_penrose_tiling_golden_ratio_precision" time="0.316" /><testcase classname="test_scientific_accuracy.TestQuasicrystalScientificAccuracy" name="test_fibonacci_sequence_in_approximant" time="0.002" /><testcase classname="test_scientific_accuracy.TestQuasicrystalScientificAccuracy" name="test_icosahedral_quasicrystal_symmetry" time="0.001" /><testcase classname="test_scientific_accuracy.TestArtificialLatticeScientificAccuracy" name="test_kagome_has_3_atoms_per_unit_cell" time="0.001" /><testcase classname="test_scientific_accuracy.TestArtificialLatticeScientificAccuracy" name="test_kagome_supercell_scaling" time="0.002" /><testcase classname="test_scientific_accuracy.TestArtificialLatticeScientificAccuracy" name="test_lieb_has_3_atoms_per_unit_cell" time="0.001" /><testcase classname="test_scientific_accuracy.TestMore2DMaterials" name="test_ws2_lattice_constant" time="0.001" /><testcase classname="test_scientific_accuracy.TestMore2DMaterials" name="test_mose2_lattice_constant" time="0.000" /><testcase classname="test_scientific_accuracy.TestMore2DMaterials" name="test_wse2_lattice_constant" time="0.001" /><testcase classname="test_scientific_accuracy.TestMore2DMaterials" name="test_tmd_stoichiometry" time="0.001" /><testcase classname="test_scientific_accuracy.TestMorePerovskites" name="test_pbtio3_tetragonality" time="0.057" /><testcase classname="test_scientific_accuracy.TestMorePerovskites" name="test_perovskite_stoichiometry" time="0.132" /><testcase classname="test_scientific_accuracy.TestHighEntropyMaterials" name="test_2d_hea_has_5_elements" time="0.003" /><testcase classname="test_scientific_accuracy.TestHighEntropyMaterials" name="test_2d_heo_has_oxygen" time="0.001" /><testcase classname="test_scientific_accuracy.TestHighEntropyMaterials" name="test_2d_hec_has_carbon" time="0.001" /><testcase classname="test_scientific_accuracy.TestNanotubeScientificAccuracy" name="test_cnt_diameter_formula" time="0.002" /><testcase classname="test_scientific_accuracy.TestNanotubeScientificAccuracy" name="test_cnt_chirality_types" time="0.005" /><testcase classname="test_scientific_accuracy.TestSpaceGroupTransformation" name="test_transform_to_direct_subgroup" time="0.175" /><testcase classname="test_scientific_accuracy.TestSpaceGroupTransformation" name="test_bifeo3_cubic_to_r3c_transformation" time="0.664" /><testcase classname="test_scientific_accuracy.TestSpaceGroupTransformation" name="test_get_all_transformation_paths" time="0.449" /><testcase classname="test_scientific_accuracy.TestSpaceGroupTransformation" name="test_transform_by_specific_path" time="0.186" /><testcase classname="test_scientific_accuracy.TestSpaceGroupTransformation" name="test_transformation_preserves_composition" time="0.565" /><testcase classname="test_scientific_accuracy.TestSpaceGroupTransformation" name="test_invalid_target_not_subgroup" time="0.040" /></testsuite></testsuites>