<?xml version="1.0" encoding="utf-8"?><testsuites><testsuite name="pytest" errors="0" failures="0" skipped="5" tests="404" time="354.211" timestamp="2025-12-25T09:55:00.604295" hostname="niel-fzu"><testcase classname="test_mcp_comprehensive.TestProtocolCompliance" name="test_jsonrpc_version_required" time="3.555" /><testcase classname="test_mcp_comprehensive.TestProtocolCompliance" name="test_malformed_json" time="2.553" /><testcase classname="test_mcp_comprehensive.TestProtocolCompliance" name="test_unknown_method" time="1.557" /><testcase classname="test_mcp_comprehensive.TestProtocolCompliance" name="test_initialize_protocol_version" time="1.556" /><testcase classname="test_mcp_comprehensive.TestProtocolCompliance" name="test_initialize_capabilities" time="1.556" /><testcase classname="test_mcp_comprehensive.TestProtocolCompliance" name="test_initialized_notification" time="1.562" /><testcase classname="test_mcp_comprehensive.TestToolDiscovery" name="test_tools_list_structure" time="1.562" /><testcase classname="test_mcp_comprehensive.TestToolDiscovery" name="test_all_tools_have_required_fields" time="1.563" /><testcase classname="test_mcp_comprehensive.TestToolDiscovery" name="test_tool_schemas_valid_json_schema" time="1.565" /><testcase classname="test_mcp_comprehensive.TestToolDiscovery" name="test_comprehensive_generator_tool_exists" time="1.566" /><testcase classname="test_mcp_comprehensive.TestToolDiscovery" name="test_tool_count" time="1.565" /><testcase classname="test_mcp_comprehensive.TestToolDiscovery" name="test_tool_descriptions_informative" time="1.567" /><testcase classname="test_mcp_comprehensive.TestCrystalGeneration" name="test_generate_simple_cubic_si" time="2.285" /><testcase classname="test_mcp_comprehensive.TestCrystalGeneration" name="test_generate_rocksalt_nacl" time="2.288" /><testcase classname="test_mcp_comprehensive.TestCrystalGeneration" name="test_generate_with_seed_reproducibility" time="2.966" /><testcase classname="test_mcp_comprehensive.TestCrystalGeneration" name="test_generate_low_symmetry_triclinic" time="2.112" /><testcase classname="test_mcp_comprehensive.TestCrystalGeneration" name="test_generate_hexagonal_graphite" time="2.224" /><testcase classname="test_mcp_comprehensive.TestSpaceGroups" name="test_representative_space_groups[1]" time="2.539" /><testcase classname="test_mcp_comprehensive.TestSpaceGroups" name="test_representative_space_groups[2]" time="2.124" /><testcase classname="test_mcp_comprehensive.TestSpaceGroups" name="test_representative_space_groups[15]" time="2.164" /><testcase classname="test_mcp_comprehensive.TestSpaceGroups" name="test_representative_space_groups[47]" time="2.192" /><testcase classname="test_mcp_comprehensive.TestSpaceGroups" name="test_representative_space_groups[62]" time="2.165" /><testcase classname="test_mcp_comprehensive.TestSpaceGroups" name="test_representative_space_groups[88]" time="2.153" /><testcase classname="test_mcp_comprehensive.TestSpaceGroups" name="test_representative_space_groups[123]" time="2.214" /><testcase classname="test_mcp_comprehensive.TestSpaceGroups" name="test_representative_space_groups[166]" time="2.212" /><testcase classname="test_mcp_comprehensive.TestSpaceGroups" name="test_representative_space_groups[194]" time="2.234" /><testcase classname="test_mcp_comprehensive.TestSpaceGroups" name="test_representative_space_groups[225]" time="2.259" /><testcase classname="test_mcp_comprehensive.TestSpaceGroups" name="test_representative_space_groups[227]" time="2.278" /><testcase classname="test_mcp_comprehensive.TestSpaceGroups" name="test_representative_space_groups[230]" time="2.202" /><testcase classname="test_mcp_comprehensive.TestSpaceGroups" name="test_invalid_space_group_0" time="1.563" /><testcase classname="test_mcp_comprehensive.TestSpaceGroups" name="test_invalid_space_group_999" time="1.561" /><testcase classname="test_mcp_comprehensive.TestTransformations" name="test_make_supercell_2x2x2" time="2.902" /><testcase classname="test_mcp_comprehensive.TestTransformations" name="test_apply_strain_tensile" time="2.775" /><testcase classname="test_mcp_comprehensive.TestTransformations" name="test_generate_surface_slab" time="2.601" /><testcase classname="test_mcp_comprehensive.TestDefects" name="test_create_vacancy" time="2.648" /><testcase classname="test_mcp_comprehensive.TestDefects" name="test_create_interstitial" time="2.536" /><testcase classname="test_mcp_comprehensive.TestAnalysis" name="test_analyze_symmetry_diamond" time="2.916" /><testcase classname="test_mcp_comprehensive.TestAnalysis" name="test_validate_structure" time="2.754" /><testcase classname="test_mcp_comprehensive.TestExportFormats" name="test_export_vasp_poscar" time="2.560" /><testcase classname="test_mcp_comprehensive.TestExportFormats" name="test_export_cif" time="2.539" /><testcase classname="test_mcp_comprehensive.TestExportFormats" name="test_export_xyz" time="2.576" /><testcase classname="test_mcp_comprehensive.TestErrorHandling" name="test_missing_required_parameter" time="2.135" /><testcase classname="test_mcp_comprehensive.TestErrorHandling" name="test_wrong_parameter_type" time="1.562" /><testcase classname="test_mcp_comprehensive.TestErrorHandling" name="test_negative_lattice_parameter" time="2.157" /><testcase classname="test_mcp_comprehensive.TestErrorHandling" name="test_invalid_element_symbol" time="2.198" /><testcase classname="test_mcp_comprehensive.TestErrorHandling" name="test_mismatched_composition" time="2.138" /><testcase classname="test_mcp_comprehensive.TestErrorHandling" name="test_empty_structure_handling" time="1.867" /><testcase classname="test_mcp_comprehensive.TestPerformance" name="test_rapid_sequential_requests" time="1.584" /><testcase classname="test_mcp_comprehensive.TestPerformance" name="test_generation_performance_simple" time="2.270" /><testcase classname="test_mcp_comprehensive.TestPerformance" name="test_large_supercell_performance" time="2.785" /><testcase classname="test_mcp_comprehensive.TestIntegrationWorkflows" name="test_generate_analyze_export_workflow" time="3.175" /><testcase classname="test_mcp_comprehensive.TestIntegrationWorkflows" name="test_generate_transform_validate_workflow" time="3.217" /><testcase classname="test_mcp_comprehensive.TestIntegrationWorkflows" name="test_defect_creation_workflow" time="3.019" /><testcase classname="test_mcp_comprehensive.TestScientificCorrectness" name="test_lattice_parameter_preserved" time="2.202" /><testcase classname="test_mcp_comprehensive.TestScientificCorrectness" name="test_composition_preserved" time="2.235" /><testcase classname="test_mcp_comprehensive.TestScientificCorrectness" name="test_coordination_number_fcc" time="2.234" /><testcase classname="test_operation_matrix.TestBulkStructures" name="test_space_group_generation[1]" time="2.126" /><testcase classname="test_operation_matrix.TestBulkStructures" name="test_space_group_generation[2]" time="2.136" /><testcase classname="test_operation_matrix.TestBulkStructures" name="test_space_group_generation[3]" time="2.144" /><testcase classname="test_operation_matrix.TestBulkStructures" name="test_space_group_generation[5]" time="2.152" /><testcase classname="test_operation_matrix.TestBulkStructures" name="test_space_group_generation[7]" time="2.161" /><testcase classname="test_operation_matrix.TestBulkStructures" name="test_space_group_generation[10]" time="2.179" /><testcase classname="test_operation_matrix.TestBulkStructures" name="test_space_group_generation[12]" time="2.144" /><testcase classname="test_operation_matrix.TestBulkStructures" name="test_space_group_generation[15]" time="2.129" /><testcase classname="test_operation_matrix.TestBulkStructures" name="test_space_group_generation[16]" time="2.141" /><testcase classname="test_operation_matrix.TestBulkStructures" name="test_space_group_generation[20]" time="2.193" /><testcase classname="test_operation_matrix.TestBulkStructures" name="test_space_group_generation[25]" time="2.177" /><testcase classname="test_operation_matrix.TestBulkStructures" name="test_space_group_generation[33]" time="2.167" /><testcase classname="test_operation_matrix.TestBulkStructures" name="test_space_group_generation[47]" time="2.143" /><testcase classname="test_operation_matrix.TestBulkStructures" name="test_space_group_generation[55]" time="2.151" /><testcase classname="test_operation_matrix.TestBulkStructures" name="test_space_group_generation[62]" time="2.143" /><testcase classname="test_operation_matrix.TestBulkStructures" name="test_space_group_generation[70]" time="2.208" /><testcase classname="test_operation_matrix.TestBulkStructures" name="test_space_group_generation[75]" time="2.132" /><testcase classname="test_operation_matrix.TestBulkStructures" name="test_space_group_generation[82]" time="2.131" /><testcase classname="test_operation_matrix.TestBulkStructures" name="test_space_group_generation[88]" time="2.146" /><testcase classname="test_operation_matrix.TestBulkStructures" name="test_space_group_generation[99]" time="2.148" /><testcase classname="test_operation_matrix.TestBulkStructures" name="test_space_group_generation[111]" time="2.146" /><testcase classname="test_operation_matrix.TestBulkStructures" name="test_space_group_generation[123]" time="2.223" /><testcase classname="test_operation_matrix.TestBulkStructures" name="test_space_group_generation[136]" time="2.301" /><testcase classname="test_operation_matrix.TestBulkStructures" name="test_space_group_generation[142]" time="2.187" /><testcase classname="test_operation_matrix.TestBulkStructures" name="test_space_group_generation[143]" time="2.233" /><testcase classname="test_operation_matrix.TestBulkStructures" name="test_space_group_generation[147]" time="2.176" /><testcase classname="test_operation_matrix.TestBulkStructures" name="test_space_group_generation[150]" time="2.280" /><testcase classname="test_operation_matrix.TestBulkStructures" name="test_space_group_generation[155]" time="2.283" /><testcase classname="test_operation_matrix.TestBulkStructures" name="test_space_group_generation[160]" time="2.138" /><testcase classname="test_operation_matrix.TestBulkStructures" name="test_space_group_generation[166]" time="2.237" /><testcase classname="test_operation_matrix.TestBulkStructures" name="test_space_group_generation[168]" time="2.189" /><testcase classname="test_operation_matrix.TestBulkStructures" name="test_space_group_generation[174]" time="2.189" /><testcase classname="test_operation_matrix.TestBulkStructures" name="test_space_group_generation[177]" time="2.171" /><testcase classname="test_operation_matrix.TestBulkStructures" name="test_space_group_generation[183]" time="2.151" /><testcase classname="test_operation_matrix.TestBulkStructures" name="test_space_group_generation[187]" time="2.539" /><testcase classname="test_operation_matrix.TestBulkStructures" name="test_space_group_generation[191]" time="2.233" /><testcase classname="test_operation_matrix.TestBulkStructures" name="test_space_group_generation[194]" time="2.239" /><testcase classname="test_operation_matrix.TestBulkStructures" name="test_space_group_generation[195]" time="2.156" /><testcase classname="test_operation_matrix.TestBulkStructures" name="test_space_group_generation[200]" time="2.238" /><testcase classname="test_operation_matrix.TestBulkStructures" name="test_space_group_generation[205]" time="2.185" /><testcase classname="test_operation_matrix.TestBulkStructures" name="test_space_group_generation[211]" time="2.213" /><testcase classname="test_operation_matrix.TestBulkStructures" name="test_space_group_generation[215]" time="2.250" /><testcase classname="test_operation_matrix.TestBulkStructures" name="test_space_group_generation[221]" time="2.204" /><testcase classname="test_operation_matrix.TestBulkStructures" name="test_space_group_generation[225]" time="2.248" /><testcase classname="test_operation_matrix.TestBulkStructures" name="test_space_group_generation[227]" time="2.255" /><testcase classname="test_operation_matrix.TestBulkStructures" name="test_space_group_generation[229]" time="2.329" /><testcase classname="test_operation_matrix.TestBulkStructures" name="test_space_group_generation[230]" time="2.352" /><testcase classname="test_operation_matrix.TestDefectGeneration" name="test_point_defects[vacancy]" time="2.536" /><testcase classname="test_operation_matrix.TestDefectGeneration" name="test_point_defects[interstitial]" time="2.764" /><testcase classname="test_operation_matrix.TestDefectGeneration" name="test_point_defects[substitution]" time="2.553" /><testcase classname="test_operation_matrix.TestSurfaceGeneration" name="test_surface_generation[miller0]" time="2.803" /><testcase classname="test_operation_matrix.TestSurfaceGeneration" name="test_surface_generation[miller1]" time="2.664" /><testcase classname="test_operation_matrix.TestSurfaceGeneration" name="test_surface_generation[miller2]" time="2.585" /><testcase classname="test_operation_matrix.TestSurfaceGeneration" name="test_surface_generation[miller3]" time="2.837" /><testcase classname="test_operation_matrix.TestSurfaceGeneration" name="test_surface_generation[miller4]" time="2.973" /><testcase classname="test_operation_matrix.TestSurfaceGeneration" name="test_adsorbate_placement" time="3.007" /><testcase classname="test_operation_matrix.Test2DMaterials" name="test_2d_material_generation[graphene]" time="1.953" /><testcase classname="test_operation_matrix.Test2DMaterials" name="test_2d_material_generation[hBN]" time="2.012" /><testcase classname="test_operation_matrix.Test2DMaterials" name="test_2d_material_generation[MoS2]" time="1.865" /><testcase classname="test_operation_matrix.Test2DMaterials" name="test_graphene_nanoribbon" time="1.990" /><testcase classname="test_operation_matrix.TestTwistronics" name="test_twisted_bilayer_graphene" time="1.869" /><testcase classname="test_operation_matrix.TestTwistronics" name="test_moire_superlattice" time="2.087" /><testcase classname="test_operation_matrix.TestMolecularCrystals" name="test_benzene_crystal" time="1.594" /><testcase classname="test_operation_matrix.TestMolecularCrystals" name="test_ice_structures" time="1.593" /><testcase classname="test_operation_matrix.TestNanostructures" name="test_quantum_dot" time="2.220" /><testcase classname="test_operation_matrix.TestNanostructures" name="test_nanowire" time="1.982" /><testcase classname="test_operation_matrix.TestAdvancedMaterials" name="test_topological_insulator" time="2.184" /><testcase classname="test_operation_matrix.TestAdvancedMaterials" name="test_magnetic_structure" time="1.868" /><testcase classname="test_operation_matrix.TestTransformationOperations" name="test_all_strain_types" time="5.087" /><testcase classname="test_operation_matrix.TestTransformationOperations" name="test_heterostructure_creation" time="2.897" /><testcase classname="test_operation_matrix.TestAllExportFormats" name="test_export_format[export_vasp]" time="2.517" /><testcase classname="test_operation_matrix.TestAllExportFormats" name="test_export_format[export_cif]" time="2.510" /><testcase classname="test_operation_matrix.TestAllExportFormats" name="test_export_format[export_xyz]" time="2.481" /><testcase classname="test_operation_matrix.TestOperationCount" name="test_verify_operation_count" time="1.565" /><testcase classname="test_operation_matrix.TestStressOperations" name="test_rapid_space_group_scan" time="7.911" /><testcase classname="test_mcp_e2e.TestProtocolBasics" name="test_initialize" time="1.513" /><testcase classname="test_mcp_e2e.TestProtocolBasics" name="test_initialize_invalid_version" time="1.512" /><testcase classname="test_mcp_e2e.TestProtocolBasics" name="test_call_before_initialize" time="1.519" /><testcase classname="test_mcp_e2e.TestProtocolBasics" name="test_malformed_json" time="2.510" /><testcase classname="test_mcp_e2e.TestProtocolBasics" name="test_invalid_jsonrpc_version" time="2.510" /><testcase classname="test_mcp_e2e.TestToolManagement" name="test_tools_list" time="1.523" /><testcase classname="test_mcp_e2e.TestToolManagement" name="test_tool_not_found" time="1.518" /><testcase classname="test_mcp_e2e.TestToolExecution" name="test_generate_structure_valid" time="2.289" /><testcase classname="test_mcp_e2e.TestToolExecution" name="test_generate_invalid_spacegroup" time="1.515" /><testcase classname="test_mcp_e2e.TestToolExecution" name="test_generate_missing_required_params" time="2.076" /><testcase classname="test_mcp_e2e.TestToolExecution" name="test_generate_wrong_param_types" time="1.516" /><testcase classname="test_mcp_e2e.TestToolExecution" name="test_export_vasp_valid" time="2.486" /><testcase classname="test_mcp_e2e.TestToolExecution" name="test_export_invalid_structure" time="1.815" /><testcase classname="test_mcp_e2e.TestResourcesAndPrompts" name="test_resources_list" time="1.513" /><testcase classname="test_mcp_e2e.TestResourcesAndPrompts" name="test_prompts_list" time="1.516" /><testcase classname="test_mcp_e2e.TestPerformance" name="test_rapid_requests" time="1.534" /><testcase classname="test_mcp_e2e.TestPerformance" name="test_large_structure_generation" time="2.263" /><testcase classname="test_mcp_e2e.TestEndToEndWorkflows" name="test_generate_and_export_workflow" time="2.501" /><testcase classname="test_all_operations.TestOperationRegistry" name="test_all_operations_registered" time="0.001" /><testcase classname="test_all_operations.TestOperationRegistry" name="test_all_functions_importable" time="0.066" /><testcase classname="test_all_operations.TestBulkOperations" name="test_bulk_generation[generate_from_spacegroup]" time="0.286" /><testcase classname="test_all_operations.TestBulkOperations" name="test_bulk_generation[generate_prototype]" time="0.135" /><testcase classname="test_all_operations.TestBulkOperations" name="test_bulk_generation[generate_perovskite]" time="0.005" /><testcase classname="test_all_operations.TestBulkOperations" name="test_bulk_generation[generate_double_perovskite]" time="0.028" /><testcase classname="test_all_operations.TestBulkOperations" name="test_bulk_generation[generate_ruddlesden_popper]" time="0.003" /><testcase classname="test_all_operations.TestDefectOperations" name="test_defect_generation[generate_vacancy]" time="0.001" /><testcase classname="test_all_operations.TestDefectOperations" name="test_defect_generation[generate_interstitial]" time="0.001" /><testcase classname="test_all_operations.TestDefectOperations" name="test_defect_generation[generate_substitution]" time="0.001" /><testcase classname="test_all_operations.TestDefectOperations" name="test_defect_generation[generate_frenkel_pair]" time="0.001" /><testcase classname="test_all_operations.TestDefectOperations" name="test_defect_generation[generate_amorphous_structure]" time="0.073" /><testcase classname="test_all_operations.TestSurfaceOperations" name="test_surface_generation[generate_nanoparticle]" time="0.015" /><testcase classname="test_all_operations.TestSurfaceOperations" name="test_surface_generation[generate_reconstruction]" time="0.001" /><testcase classname="test_all_operations.Test2DOperations" name="test_2d_generation[generate_graphene]" time="0.003" /><testcase classname="test_all_operations.Test2DOperations" name="test_2d_generation[generate_silicene]" time="0.001" /><testcase classname="test_all_operations.Test2DOperations" name="test_2d_generation[generate_tmd]" time="0.001" /><testcase classname="test_all_operations.Test2DOperations" name="test_2d_generation[generate_mxene]" time="0.001" /><testcase classname="test_all_operations.Test2DOperations" name="test_2d_generation[generate_janus_tmd]" time="0.001" /><testcase classname="test_all_operations.TestElectronicOperations" name="test_electronic_generation[generate_topological_insulator]" time="0.003" /><testcase classname="test_all_operations.TestElectronicOperations" name="test_electronic_generation[generate_superconductor]" time="0.001" /><testcase classname="test_all_operations.TestMagneticOperations" name="test_magnetic_generation[generate_magnetic_structure]" time="0.001" /><testcase classname="test_all_operations.TestMagneticOperations" name="test_magnetic_generation[generate_heusler]" time="0.001" /><testcase classname="test_all_operations.TestMoleculeOperations" name="test_molecule_generation[generate_fullerene]" time="0.001" /><testcase classname="test_all_operations.TestMoleculeOperations" name="test_molecule_generation[generate_metal_cluster]" time="0.001" /><testcase classname="test_all_operations.TestMoleculeOperations" name="test_molecule_generation[generate_mof]" time="0.001" /><testcase classname="test_all_operations.TestQualityControlOperations" name="test_qc_operations[analyze_symmetry]" time="0.010" /><testcase classname="test_all_operations.TestQualityControlOperations" name="test_qc_operations[validate_structure]" time="0.004" /><testcase classname="test_all_operations.TestQualityControlOperations" name="test_qc_operations[get_subgroups]" time="0.724" /><testcase classname="test_all_operations.TestQualityControlOperations" name="test_qc_operations[get_symmetry_path]" time="0.644" /><testcase classname="test_all_operations.TestQualityControlOperations" name="test_qc_operations[transform_to_subgroup]" time="0.121" /><testcase classname="test_all_operations.TestExportOperations" name="test_export_operations[export_vasp]" time="0.001" /><testcase classname="test_all_operations.TestExportOperations" name="test_export_operations[export_cif]" time="0.000" /><testcase classname="test_all_operations.TestExportOperations" name="test_export_operations[export_xyz]" time="0.000" /><testcase classname="test_all_operations.TestAllCategoriesExecution" name="test_category_has_working_operation[adsorption]" time="0.001" /><testcase classname="test_all_operations.TestAllCategoriesExecution" name="test_category_has_working_operation[battery]" time="0.001" /><testcase classname="test_all_operations.TestAllCategoriesExecution" name="test_category_has_working_operation[biomolecular]" time="0.004" /><testcase classname="test_all_operations.TestAllCategoriesExecution" name="test_category_has_working_operation[bulk]" time="0.137" /><testcase classname="test_all_operations.TestAllCategoriesExecution" name="test_category_has_working_operation[catalyst]" time="0.005" /><testcase classname="test_all_operations.TestAllCategoriesExecution" name="test_category_has_working_operation[defect]" time="0.000" /><testcase classname="test_all_operations.TestAllCategoriesExecution" name="test_category_has_working_operation[electronic]" time="0.002" /><testcase classname="test_all_operations.TestAllCategoriesExecution" name="test_category_has_working_operation[external_fields]" time="0.001" /><testcase classname="test_all_operations.TestAllCategoriesExecution" name="test_category_has_working_operation[high_pressure]" time="0.001" /><testcase classname="test_all_operations.TestAllCategoriesExecution" name="test_category_has_working_operation[magnetic]" time="0.001" /><testcase classname="test_all_operations.TestAllCategoriesExecution" name="test_category_has_working_operation[molecule]" time="0.001" /><testcase classname="test_all_operations.TestAllCategoriesExecution" name="test_category_has_working_operation[nanotube]" time="0.004" /><testcase classname="test_all_operations.TestAllCategoriesExecution" name="test_category_has_working_operation[output_formats]" time="0.001" /><testcase classname="test_all_operations.TestAllCategoriesExecution" name="test_category_has_working_operation[photonic]" time="0.009" /><testcase classname="test_all_operations.TestAllCategoriesExecution" name="test_category_has_working_operation[quality_control]" time="0.010" /><testcase classname="test_all_operations.TestAllCategoriesExecution" name="test_category_has_working_operation[quantum]" time="0.004" /><testcase classname="test_all_operations.TestAllCategoriesExecution" name="test_category_has_working_operation[surface]" time="0.046" /><testcase classname="test_all_operations.TestAllCategoriesExecution" name="test_category_has_working_operation[thermoelectric]" time="0.001" /><testcase classname="test_all_operations.TestAllCategoriesExecution" name="test_category_has_working_operation[twist]" time="0.081" /><testcase classname="test_all_operations.TestAllCategoriesExecution" name="test_category_has_working_operation[two_d]" time="0.002" /><testcase classname="test_new_modules.TestBatteryAnodes" name="test_module_importable" time="0.000" /><testcase classname="test_new_modules.TestBatteryAnodes" name="test_silicon_anode_basic" time="0.002" /><testcase classname="test_new_modules.TestBatteryAnodes" name="test_silicon_anode_lithiated" time="0.002" /><testcase classname="test_new_modules.TestBatteryAnodes" name="test_germanium_anode" time="0.002" /><testcase classname="test_new_modules.TestBatteryAnodes" name="test_tin_anode" time="0.001" /><testcase classname="test_new_modules.TestBatteryAnodes" name="test_phosphorus_anode" time="0.002" /><testcase classname="test_new_modules.TestBatteryAnodes" name="test_sulfur_cathode" time="0.008" /><testcase classname="test_new_modules.TestBatteryAnodes" name="test_metal_anode" time="0.030" /><testcase classname="test_new_modules.TestElectricFields" name="test_module_importable" time="0.001" /><testcase classname="test_new_modules.TestElectricFields" name="test_polarized_cell" time="0.001" /><testcase classname="test_new_modules.TestElectricFields" name="test_ferroelectric_domain" time="0.004" /><testcase classname="test_new_modules.TestElectricFields" name="test_polar_surface" time="0.041" /><testcase classname="test_new_modules.TestElectricFields" name="test_field_induced_phase" time="0.001" /><testcase classname="test_new_modules.TestAdvancedFields" name="test_module_importable" time="0.000" /><testcase classname="test_new_modules.TestAdvancedFields" name="test_floquet_cell" time="0.001" /><testcase classname="test_new_modules.TestAdvancedFields" name="test_phonon_pumped_cell" time="0.001" /><testcase classname="test_new_modules.TestAdvancedFields" name="test_warm_dense_matter" time="2.526" /><testcase classname="test_new_modules.TestAdvancedFields" name="test_laser_shocked_cell" time="0.002" /><testcase classname="test_new_modules.TestAdvancedFields" name="test_bimeron" time="0.010" /><testcase classname="test_new_modules.TestConformers" name="test_module_importable" time="0.000"><skipped type="pytest.skip" message="rdkit not installed">/home/niel/git/crystal-mcp-server/tests/testsuit/test_new_modules.py:237: rdkit not installed</skipped></testcase><testcase classname="test_new_modules.TestConformers" name="test_generate_conformers" time="0.000"><skipped type="pytest.skip" message="rdkit not installed">/home/niel/git/crystal-mcp-server/tests/testsuit/test_new_modules.py:243: rdkit not installed</skipped></testcase><testcase classname="test_new_modules.TestConformers" name="test_generate_tautomers" time="0.000"><skipped type="pytest.skip" message="rdkit not installed">/home/niel/git/crystal-mcp-server/tests/testsuit/test_new_modules.py:249: rdkit not installed</skipped></testcase><testcase classname="test_new_modules.TestConformers" name="test_enumerate_stereoisomers" time="0.000"><skipped type="pytest.skip" message="rdkit not installed">/home/niel/git/crystal-mcp-server/tests/testsuit/test_new_modules.py:255: rdkit not installed</skipped></testcase><testcase classname="test_new_modules.TestDatabaseAdapters" name="test_module_importable" time="0.000" /><testcase classname="test_new_modules.TestDatabaseAdapters" name="test_export_ase_atoms" time="0.001" /><testcase classname="test_new_modules.TestDatabaseAdapters" name="test_export_aiida" time="0.001" /><testcase classname="test_new_modules.TestDatabaseAdapters" name="test_export_aflow" time="0.002" /><testcase classname="test_new_modules.TestDatabaseAdapters" name="test_export_materials_project" time="0.002" /><testcase classname="test_new_modules.TestDatabaseAdapters" name="test_export_optimade" time="0.001" /><testcase classname="test_new_modules.TestDatabaseAdapters" name="test_export_jarvis" time="0.001" /><testcase classname="test_new_modules.TestOptimizer" name="test_module_importable" time="0.000" /><testcase classname="test_new_modules.TestOptimizer" name="test_optimize_structure_ase" time="0.011" /><testcase classname="test_new_modules.TestOptimizer" name="test_optimize_structure_mlff" time="0.000"><skipped type="pytest.skip" message="CUDA compatibility issues - skip for now">/home/niel/git/crystal-mcp-server/tests/testsuit/test_new_modules.py:351: CUDA compatibility issues - skip for now</skipped></testcase><testcase classname="test_new_modules.TestQuasicrystals" name="test_module_importable" time="0.001" /><testcase classname="test_new_modules.TestQuasicrystals" name="test_generate_quasicrystal" time="0.249" /><testcase classname="test_new_modules.TestQuasicrystals" name="test_penrose_tiling_golden_ratio" time="0.080" /><testcase classname="test_new_modules.TestQuasicrystals" name="test_fibonacci_approximant" time="0.001" /><testcase classname="test_new_modules.TestQuasicrystals" name="test_icosahedral_quasicrystal" time="0.001" /><testcase classname="test_new_modules.TestQuasicrystals" name="test_decagonal_quasicrystal" time="0.001" /><testcase classname="test_new_modules.TestArtificialLattices" name="test_module_importable" time="0.000" /><testcase classname="test_new_modules.TestArtificialLattices" name="test_kagome_lattice" time="0.001" /><testcase classname="test_new_modules.TestArtificialLattices" name="test_lieb_lattice" time="0.001" /><testcase classname="test_new_modules.TestArtificialLattices" name="test_checkerboard_lattice" time="0.002" /><testcase classname="test_new_modules.TestArtificialLattices" name="test_dice_lattice" time="0.001" /><testcase classname="test_new_modules.TestArtificialLattices" name="test_honeycomb_variants" time="0.002" /><testcase classname="test_new_modules.TestArtificialLattices" name="test_ruby_lattice" time="0.001" /><testcase classname="test_new_modules.TestHEA2D" name="test_module_importable" time="0.000" /><testcase classname="test_new_modules.TestHEA2D" name="test_generate_2d_hea" time="0.002" /><testcase classname="test_new_modules.TestHEA2D" name="test_generate_2d_heo" time="0.001" /><testcase classname="test_new_modules.TestHEA2D" name="test_generate_2d_hec" time="0.001" /><testcase classname="test_new_modules.TestHEA2D" name="test_generate_2d_hen" time="0.001" /><testcase classname="test_new_modules.TestHEA2D" name="test_generate_2d_he_tmd" time="0.002" /><testcase classname="test_new_modules.TestHEA2D" name="test_generate_2d_he_mxene" time="0.003" /><testcase classname="test_new_modules.TestRegistryIntegration" name="test_registry_has_new_operations" time="0.000" /><testcase classname="test_new_modules.TestRegistryIntegration" name="test_total_operations_count" time="0.000" /><testcase classname="test_new_modules.TestRegistryIntegration" name="test_meta_structures_category_exists" time="0.000" /><testcase classname="test_new_modules.TestScientificAccuracy" name="test_golden_ratio_in_quasicrystals" time="0.097" /><testcase classname="test_new_modules.TestScientificAccuracy" name="test_kagome_has_correct_atoms" time="0.003" /><testcase classname="test_scientific_accuracy.TestElementalCrystals" name="test_silicon_diamond" time="0.107" /><testcase classname="test_scientific_accuracy.TestElementalCrystals" name="test_germanium_diamond" time="0.100" /><testcase classname="test_scientific_accuracy.TestElementalCrystals" name="test_copper_fcc" time="0.114" /><testcase classname="test_scientific_accuracy.TestElementalCrystals" name="test_gold_fcc" time="0.117" /><testcase classname="test_scientific_accuracy.TestElementalCrystals" name="test_iron_bcc" time="0.078" /><testcase classname="test_scientific_accuracy.TestElementalCrystals" name="test_tungsten_bcc" time="0.081" /><testcase classname="test_scientific_accuracy.TestBinaryCompounds" name="test_nacl_rocksalt" time="0.152" /><testcase classname="test_scientific_accuracy.TestBinaryCompounds" name="test_mgo_rocksalt" time="0.139" /><testcase classname="test_scientific_accuracy.TestBinaryCompounds" name="test_gaas_zincblende" time="0.090" /><testcase classname="test_scientific_accuracy.TestBinaryCompounds" name="test_zno_wurtzite" time="0.035" /><testcase classname="test_scientific_accuracy.Test2DMaterials" name="test_graphene_lattice_constant" time="0.003" /><testcase classname="test_scientific_accuracy.Test2DMaterials" name="test_hbn_lattice_constant" time="0.055" /><testcase classname="test_scientific_accuracy.Test2DMaterials" name="test_mos2_lattice_constant" time="0.001" /><testcase classname="test_scientific_accuracy.Test2DMaterials" name="test_graphene_atom_count" time="0.002" /><testcase classname="test_scientific_accuracy.TestTopologicalInsulators" name="test_bi2se3_structure" time="0.097" /><testcase classname="test_scientific_accuracy.TestTopologicalInsulators" name="test_bi2te3_structure" time="0.090" /><testcase classname="test_scientific_accuracy.TestStructureTransformations" name="test_hydrostatic_strain_volume" time="0.136" /><testcase classname="test_scientific_accuracy.TestStructureTransformations" name="test_vacancy_removes_one_atom" time="0.186" /><testcase classname="test_scientific_accuracy.TestSpaceGroupSymmetry" name="test_all_crystal_systems_covered" time="0.300" /><testcase classname="test_scientific_accuracy.TestSpaceGroupSymmetry" name="test_space_group_subgroup_relations" time="0.134" /><testcase classname="test_scientific_accuracy.TestSpaceGroupSymmetry" name="test_symmetry_path_finding" time="0.742" /><testcase classname="test_scientific_accuracy.TestCrystallographicConstraints" name="test_cubic_angles_are_90" time="0.116" /><testcase classname="test_scientific_accuracy.TestCrystallographicConstraints" name="test_cubic_axes_are_equal" time="0.309" /><testcase classname="test_scientific_accuracy.TestCrystallographicConstraints" name="test_hexagonal_gamma_is_120" time="0.032" /><testcase classname="test_scientific_accuracy.TestBatteryMaterials" name="test_lithium_metal_bcc" time="0.088" /><testcase classname="test_scientific_accuracy.TestBatteryMaterials" name="test_silicon_anode_structure" time="0.004" /><testcase classname="test_scientific_accuracy.TestBatteryMaterials" name="test_sulfur_cathode_has_s8_rings" time="0.009" /><testcase classname="test_scientific_accuracy.TestQuasicrystalScientificAccuracy" name="test_penrose_tiling_golden_ratio_precision" time="0.145" /><testcase classname="test_scientific_accuracy.TestQuasicrystalScientificAccuracy" name="test_fibonacci_sequence_in_approximant" time="0.002" /><testcase classname="test_scientific_accuracy.TestQuasicrystalScientificAccuracy" name="test_icosahedral_quasicrystal_symmetry" time="0.001" /><testcase classname="test_scientific_accuracy.TestArtificialLatticeScientificAccuracy" name="test_kagome_has_3_atoms_per_unit_cell" time="0.001" /><testcase classname="test_scientific_accuracy.TestArtificialLatticeScientificAccuracy" name="test_kagome_supercell_scaling" time="0.002" /><testcase classname="test_scientific_accuracy.TestArtificialLatticeScientificAccuracy" name="test_lieb_has_3_atoms_per_unit_cell" time="0.001" /><testcase classname="test_scientific_accuracy.TestMore2DMaterials" name="test_ws2_lattice_constant" time="0.001" /><testcase classname="test_scientific_accuracy.TestMore2DMaterials" name="test_mose2_lattice_constant" time="0.001" /><testcase classname="test_scientific_accuracy.TestMore2DMaterials" name="test_wse2_lattice_constant" time="0.001" /><testcase classname="test_scientific_accuracy.TestMore2DMaterials" name="test_tmd_stoichiometry" time="0.001" /><testcase classname="test_scientific_accuracy.TestMorePerovskites" name="test_pbtio3_tetragonality" time="0.062" /><testcase classname="test_scientific_accuracy.TestMorePerovskites" name="test_perovskite_stoichiometry" time="0.098" /><testcase classname="test_scientific_accuracy.TestHighEntropyMaterials" name="test_2d_hea_has_5_elements" time="0.002" /><testcase classname="test_scientific_accuracy.TestHighEntropyMaterials" name="test_2d_heo_has_oxygen" time="0.001" /><testcase classname="test_scientific_accuracy.TestHighEntropyMaterials" name="test_2d_hec_has_carbon" time="0.001" /><testcase classname="test_scientific_accuracy.TestNanotubeScientificAccuracy" name="test_cnt_diameter_formula" time="0.002" /><testcase classname="test_scientific_accuracy.TestNanotubeScientificAccuracy" name="test_cnt_chirality_types" time="0.002" /><testcase classname="test_scientific_accuracy.TestSpaceGroupTransformation" name="test_transform_to_direct_subgroup" time="0.188" /><testcase classname="test_scientific_accuracy.TestSpaceGroupTransformation" name="test_bifeo3_cubic_to_r3c_transformation" time="0.667" /><testcase classname="test_scientific_accuracy.TestSpaceGroupTransformation" name="test_get_all_transformation_paths" time="0.451" /><testcase classname="test_scientific_accuracy.TestSpaceGroupTransformation" name="test_transform_by_specific_path" time="0.133" /><testcase classname="test_scientific_accuracy.TestSpaceGroupTransformation" name="test_transformation_preserves_composition" time="0.566" /><testcase classname="test_scientific_accuracy.TestSpaceGroupTransformation" name="test_invalid_target_not_subgroup" time="0.070" /><testcase classname="test_phase3_implementations.TestVisualizationExports" name="test_module_importable" time="0.001" /><testcase classname="test_phase3_implementations.TestVisualizationExports" name="test_export_xsf" time="0.102" /><testcase classname="test_phase3_implementations.TestVisualizationExports" name="test_export_cube" time="0.219" /><testcase classname="test_phase3_implementations.TestVisualizationExports" name="test_export_vesta" time="0.105" /><testcase classname="test_phase3_implementations.TestVisualizationExports" name="test_export_threejs_json" time="0.104" /><testcase classname="test_phase3_implementations.TestVisualizationExports" name="test_export_html_viewer" time="0.100" /><testcase classname="test_phase3_implementations.TestCellSettings" name="test_module_importable" time="0.000" /><testcase classname="test_phase3_implementations.TestCellSettings" name="test_get_primitive_cell" time="0.129" /><testcase classname="test_phase3_implementations.TestCellSettings" name="test_get_conventional_cell" time="0.086" /><testcase classname="test_phase3_implementations.TestCellSettings" name="test_get_niggli_cell" time="0.107" /><testcase classname="test_phase3_implementations.TestCellSettings" name="test_transform_cell" time="0.121" /><testcase classname="test_phase3_implementations.TestCellSettings" name="test_compare_cell_settings" time="0.131" /><testcase classname="test_phase3_implementations.TestAdvancedMagneticOrderings" name="test_module_importable" time="0.000" /><testcase classname="test_phase3_implementations.TestAdvancedMagneticOrderings" name="test_single_q_structure" time="0.001" /><testcase classname="test_phase3_implementations.TestAdvancedMagneticOrderings" name="test_2q_structure" time="0.001" /><testcase classname="test_phase3_implementations.TestAdvancedMagneticOrderings" name="test_3q_structure" time="0.001" /><testcase classname="test_phase3_implementations.TestAdvancedMagneticOrderings" name="test_4q_structure" time="0.001" /><testcase classname="test_phase3_implementations.TestAdvancedMagneticOrderings" name="test_dmi_cycloid_bifeo3" time="0.030" /><testcase classname="test_phase3_implementations.TestAdvancedMagneticOrderings" name="test_dmi_cycloid_mnsi" time="0.011" /><testcase classname="test_phase3_implementations.TestAdvancedMagneticOrderings" name="test_conical_phase" time="0.009" /><testcase classname="test_phase3_implementations.TestAdvancedMagneticOrderings" name="test_skyrmion_lattice_bloch" time="0.007" /><testcase classname="test_phase3_implementations.TestAdvancedMagneticOrderings" name="test_skyrmion_lattice_neel" time="0.006" /><testcase classname="test_phase3_implementations.TestAdvancedDefects" name="test_module_importable" time="0.000" /><testcase classname="test_phase3_implementations.TestAdvancedDefects" name="test_trivacancy_triangular" time="0.102" /><testcase classname="test_phase3_implementations.TestAdvancedDefects" name="test_trivacancy_linear" time="0.001" /><testcase classname="test_phase3_implementations.TestAdvancedDefects" name="test_defect_gradient_linear" time="0.001" /><testcase classname="test_phase3_implementations.TestAdvancedDefects" name="test_defect_gradient_sigmoid" time="0.001" /><testcase classname="test_phase3_implementations.TestAdvancedDefects" name="test_vacancy_cluster_compact" time="0.001" /><testcase classname="test_phase3_implementations.TestFerroelectricPhases" name="test_module_importable" time="0.000" /><testcase classname="test_phase3_implementations.TestFerroelectricPhases" name="test_dion_jacobson_klanb2o7" time="0.002" /><testcase classname="test_phase3_implementations.TestFerroelectricPhases" name="test_dion_jacobson_n3" time="0.003" /><testcase classname="test_phase3_implementations.TestFerroelectricPhases" name="test_aurivillius_bi4ti3o12" time="0.004" /><testcase classname="test_phase3_implementations.TestFerroelectricPhases" name="test_aurivillius_srbi2ta2o9" time="0.003" /><testcase classname="test_phase3_implementations.TestFerroelectricPhases" name="test_aurivillius_n1" time="0.002" /><testcase classname="test_phase3_implementations.TestFerroelectricPhases" name="test_layered_perovskite_database" time="0.000" /><testcase classname="test_phase3_implementations.TestPhase3RegistryIntegration" name="test_visualization_operations_registered" time="0.000" /><testcase classname="test_phase3_implementations.TestPhase3RegistryIntegration" name="test_cell_settings_operations_registered" time="0.000" /><testcase classname="test_phase3_implementations.TestPhase3RegistryIntegration" name="test_magnetic_operations_registered" time="0.000" /><testcase classname="test_phase3_implementations.TestPhase3RegistryIntegration" name="test_defect_operations_registered" time="0.000" /><testcase classname="test_phase3_implementations.TestPhase3RegistryIntegration" name="test_ferroelectric_operations_registered" time="0.000" /><testcase classname="test_workflow_module.TestZScan" name="test_z_scan_basic" time="0.002" /><testcase classname="test_workflow_module.TestZScan" name="test_z_scan_with_material_name" time="0.025" /><testcase classname="test_workflow_module.TestZScan" name="test_z_scan_z_values" time="0.002" /><testcase classname="test_workflow_module.TestZScan" name="test_z_scan_energy_template" time="0.002" /><testcase classname="test_workflow_module.TestDistanceScan" name="test_distance_scan_basic" time="0.002" /><testcase classname="test_workflow_module.TestDistanceScan" name="test_distance_scan_approach_axis" time="0.002" /><testcase classname="test_workflow_module.TestRotationScan" name="test_rotation_scan_basic" time="0.001" /><testcase classname="test_workflow_module.TestRotationScan" name="test_rotation_scan_full_rotation" time="0.001" /><testcase classname="test_workflow_module.TestParameterSweep" name="test_parameter_sweep_info" time="0.000" /><testcase classname="test_workflow_module.TestTrajectoryAnimation" name="test_xyz_trajectory" time="0.000" /><testcase classname="test_workflow_module.TestTrajectoryAnimation" name="test_xsf_animation" time="0.000" /><testcase classname="test_workflow_module.TestTrajectoryAnimation" name="test_extxyz_trajectory" time="0.000" /><testcase classname="test_workflow_module.TestTrajectoryAnimation" name="test_html_animation" time="0.000" /><testcase classname="test_workflow_module.TestStructureEditor" name="test_editor_initialization" time="0.000" /><testcase classname="test_workflow_module.TestStructureEditor" name="test_add_atom" time="0.000" /><testcase classname="test_workflow_module.TestStructureEditor" name="test_remove_atom" time="0.000" /><testcase classname="test_workflow_module.TestStructureEditor" name="test_substitute_atom" time="0.000" /><testcase classname="test_workflow_module.TestStructureEditor" name="test_translate_atoms" time="0.001" /><testcase classname="test_workflow_module.TestStructureEditor" name="test_rotate_atoms" time="0.001" /><testcase classname="test_workflow_module.TestStructureEditor" name="test_make_supercell" time="0.001" /><testcase classname="test_workflow_module.TestStructureEditor" name="test_apply_strain" time="0.001" /><testcase classname="test_workflow_module.TestStructureEditor" name="test_undo_redo" time="0.001" /><testcase classname="test_workflow_module.TestStructureEditor" name="test_chained_operations" time="0.001" /><testcase classname="test_workflow_module.TestStructureEditor" name="test_history_tracking" time="0.001" /><testcase classname="test_workflow_module.TestEditStructureFunction" name="test_edit_structure_sequence" time="0.001" /><testcase classname="test_workflow_module.TestEditStructureFunction" name="test_edit_structure_invalid_operation" time="0.001" /><testcase classname="test_workflow_module.TestCompareStructures" name="test_compare_identical" time="0.001" /><testcase classname="test_workflow_module.TestCompareStructures" name="test_compare_different_composition" time="0.001" /><testcase classname="test_workflow_module.TestAvailableOperations" name="test_get_available_edit_operations" time="0.000" /><testcase classname="test_workflow_module.TestWorkflowIntegration" name="test_z_scan_to_animation" time="0.002" /><testcase classname="test_workflow_module.TestWorkflowIntegration" name="test_edit_then_scan" time="0.002" /><testcase classname="test_workflow_module.TestRegistryIntegration" name="test_workflow_category_exists" time="0.000" /><testcase classname="test_workflow_module.TestRegistryIntegration" name="test_workflow_operations_registered" time="0.000" /><testcase classname="test_workflow_module.TestRegistryIntegration" name="test_get_operation_info" time="0.000" /><testcase classname="test_workflow_module.TestDirectionalScan" name="test_directional_scan_basic" time="0.001" /><testcase classname="test_workflow_module.TestDirectionalScan" name="test_directional_scan_arbitrary_direction" time="0.001" /><testcase classname="test_workflow_module.TestPlanarScan" name="test_planar_scan_xy" time="0.001" /><testcase classname="test_workflow_module.TestRadialScan" name="test_radial_scan_basic" time="0.001" /><testcase classname="test_workflow_module.TestLatticeScan" name="test_volume_scan" time="0.001" /><testcase classname="test_workflow_module.TestLatticeScan" name="test_lattice_a_scan" time="0.001" /><testcase classname="test_workflow_module.TestStrainTensorScan" name="test_strain_xx_scan" time="0.001" /><testcase classname="test_workflow_module.TestStrainTensorScan" name="test_biaxial_strain_scan" time="0.000" /><testcase classname="test_workflow_module.TestCoverageScan" name="test_coverage_scan_basic" time="0.001" /><testcase classname="test_workflow_module.TestNEBPath" name="test_neb_path_basic" time="0.001" /><testcase classname="test_workflow_module.TestNEBPath" name="test_neb_path_climbing_image" time="0.001" /><testcase classname="test_workflow_module.TestBondScan" name="test_bond_scan_basic" time="0.001" /><testcase classname="test_workflow_module.TestDihedralScan" name="test_dihedral_scan_basic" time="0.001" /><testcase classname="test_workflow_module.TestNewScansInRegistry" name="test_new_scans_registered" time="0.000" /><testcase classname="test_workflow_module.TestNewScansInRegistry" name="test_get_available_scans_complete" time="0.000" /><testcase classname="test_workflow_module.TestEdgeCases" name="test_empty_structure" time="0.001" /><testcase classname="test_workflow_module.TestEdgeCases" name="test_no_structure_set" time="0.001" /><testcase classname="test_workflow_module.TestEdgeCases" name="test_invalid_atom_index" time="0.001" /><testcase classname="test_workflow_module.TestEdgeCases" name="test_single_frame_trajectory" time="0.004" /></testsuite></testsuites>