<?xml version="1.0" encoding="utf-8"?><testsuites><testsuite name="pytest" errors="0" failures="64" skipped="5" tests="404" time="362.865" timestamp="2025-12-25T07:27:51.728643" hostname="niel-fzu"><testcase classname="test_mcp_comprehensive.TestProtocolCompliance" name="test_jsonrpc_version_required" time="3.554" /><testcase classname="test_mcp_comprehensive.TestProtocolCompliance" name="test_malformed_json" time="2.553" /><testcase classname="test_mcp_comprehensive.TestProtocolCompliance" name="test_unknown_method" time="1.557" /><testcase classname="test_mcp_comprehensive.TestProtocolCompliance" name="test_initialize_protocol_version" time="1.557" /><testcase classname="test_mcp_comprehensive.TestProtocolCompliance" name="test_initialize_capabilities" time="1.556" /><testcase classname="test_mcp_comprehensive.TestProtocolCompliance" name="test_initialized_notification" time="1.562" /><testcase classname="test_mcp_comprehensive.TestToolDiscovery" name="test_tools_list_structure" time="1.562" /><testcase classname="test_mcp_comprehensive.TestToolDiscovery" name="test_all_tools_have_required_fields" time="1.563" /><testcase classname="test_mcp_comprehensive.TestToolDiscovery" name="test_tool_schemas_valid_json_schema" time="1.565"><failure message="AssertionError: Schema for generate_nanostructure missing 'type'&#10;assert 'type' in {'$schema': 'http://json-schema.org/draft-07/schema#', 'anyOf': [{'additionalProperties': False, 'properties': {'params': {'additionalProperties': False, 'properties': {'bond': {...}, 'length': {...}, 'm': {...}, 'n': {...}, ...}, 'type': 'object'}, 'type': {'const': 'nanotube', 'description': 'Carbon nanotube', 'type': 'string'}}, 'required': ['type', 'params'], 'type': 'object'}, {'additionalProperties': False, 'properties': {'params': {'additionalProperties': False, 'properties': {'a': {...}, 'c': {...}, 'formula': {...}, 'size': {...}, ...}, 'type': 'object'}, 'type': {'const': 'graphene', 'description': 'Graphene sheet', 'type': 'string'}}, 'required': ['type', 'params'], 'type': 'object'}, {'additionalProperties': False, 'properties': {'params': {'additionalProperties': False, 'properties': {'length': {...}, 'ribbon_type': {...}, 'saturated': {...}, 'type': {...}, ...}, 'type': 'object'}, 'type': {'const': 'nanoribbon', 'description': 'Graphene nanoribbon', 'type': 'string'}}, 'required': ['type', 'params'], 'type': 'object'}, {'additionalProperties': False, 'properties': {'params': {'additionalProperties': False, 'properties': {'name': {...}}, 'type': 'object'}, 'type': {'const': 'fullerene', 'description': 'Fullerene cage', 'type': 'string'}}, 'required': ['type', 'params'], 'type': 'object'}, {'additionalProperties': False, 'properties': {'params': {'additionalProperties': False, 'properties': {'a': {...}, 'formula': {...}, 'kind': {...}, 'size': {...}, ...}, 'type': 'object'}, 'type': {'const': 'mos2', 'description': 'MoS2 2D sheet', 'type': 'string'}}, 'required': ['type', 'params'], 'type': 'object'}, {'additionalProperties': False, 'properties': {'params': {'additionalProperties': False, 'properties': {'formula': {...}, 'length': {...}, 'radius': {...}, 'vacuum': {...}}, 'type': 'object'}, 'type': {'const': 'nanowire', 'description': 'Nanowire carved from bulk', 'type': 'string'}}, 'required': ['type', 'params'], 'type': 'object'}]}">tests/testsuit/test_mcp_comprehensive.py:307: in test_tool_schemas_valid_json_schema
    assert "type" in schema, f"Schema for {tool['name']} missing 'type'"
E   AssertionError: Schema for generate_nanostructure missing 'type'
E   assert 'type' in {'$schema': 'http://json-schema.org/draft-07/schema#', 'anyOf': [{'additionalProperties': False, 'properties': {'params': {'additionalProperties': False, 'properties': {'bond': {...}, 'length': {...}, 'm': {...}, 'n': {...}, ...}, 'type': 'object'}, 'type': {'const': 'nanotube', 'description': 'Carbon nanotube', 'type': 'string'}}, 'required': ['type', 'params'], 'type': 'object'}, {'additionalProperties': False, 'properties': {'params': {'additionalProperties': False, 'properties': {'a': {...}, 'c': {...}, 'formula': {...}, 'size': {...}, ...}, 'type': 'object'}, 'type': {'const': 'graphene', 'description': 'Graphene sheet', 'type': 'string'}}, 'required': ['type', 'params'], 'type': 'object'}, {'additionalProperties': False, 'properties': {'params': {'additionalProperties': False, 'properties': {'length': {...}, 'ribbon_type': {...}, 'saturated': {...}, 'type': {...}, ...}, 'type': 'object'}, 'type': {'const': 'nanoribbon', 'description': 'Graphene nanoribbon', 'type': 'string'}}, 'required': ['type', 'params'], 'type': 'object'}, {'additionalProperties': False, 'properties': {'params': {'additionalProperties': False, 'properties': {'name': {...}}, 'type': 'object'}, 'type': {'const': 'fullerene', 'description': 'Fullerene cage', 'type': 'string'}}, 'required': ['type', 'params'], 'type': 'object'}, {'additionalProperties': False, 'properties': {'params': {'additionalProperties': False, 'properties': {'a': {...}, 'formula': {...}, 'kind': {...}, 'size': {...}, ...}, 'type': 'object'}, 'type': {'const': 'mos2', 'description': 'MoS2 2D sheet', 'type': 'string'}}, 'required': ['type', 'params'], 'type': 'object'}, {'additionalProperties': False, 'properties': {'params': {'additionalProperties': False, 'properties': {'formula': {...}, 'length': {...}, 'radius': {...}, 'vacuum': {...}}, 'type': 'object'}, 'type': {'const': 'nanowire', 'description': 'Nanowire carved from bulk', 'type': 'string'}}, 'required': ['type', 'params'], 'type': 'object'}]}</failure></testcase><testcase classname="test_mcp_comprehensive.TestToolDiscovery" name="test_comprehensive_generator_tool_exists" time="1.563" /><testcase classname="test_mcp_comprehensive.TestToolDiscovery" name="test_tool_count" time="1.561" /><testcase classname="test_mcp_comprehensive.TestToolDiscovery" name="test_tool_descriptions_informative" time="1.562" /><testcase classname="test_mcp_comprehensive.TestCrystalGeneration" name="test_generate_simple_cubic_si" time="2.273" /><testcase classname="test_mcp_comprehensive.TestCrystalGeneration" name="test_generate_rocksalt_nacl" time="2.326" /><testcase classname="test_mcp_comprehensive.TestCrystalGeneration" name="test_generate_with_seed_reproducibility" time="3.017" /><testcase classname="test_mcp_comprehensive.TestCrystalGeneration" name="test_generate_low_symmetry_triclinic" time="2.182" /><testcase classname="test_mcp_comprehensive.TestCrystalGeneration" name="test_generate_hexagonal_graphite" time="2.233" /><testcase classname="test_mcp_comprehensive.TestSpaceGroups" name="test_representative_space_groups[1]" time="2.618" /><testcase classname="test_mcp_comprehensive.TestSpaceGroups" name="test_representative_space_groups[2]" time="2.207" /><testcase classname="test_mcp_comprehensive.TestSpaceGroups" name="test_representative_space_groups[15]" time="2.231" /><testcase classname="test_mcp_comprehensive.TestSpaceGroups" name="test_representative_space_groups[47]" time="2.295" /><testcase classname="test_mcp_comprehensive.TestSpaceGroups" name="test_representative_space_groups[62]" time="2.240" /><testcase classname="test_mcp_comprehensive.TestSpaceGroups" name="test_representative_space_groups[88]" time="2.225" /><testcase classname="test_mcp_comprehensive.TestSpaceGroups" name="test_representative_space_groups[123]" time="2.233" /><testcase classname="test_mcp_comprehensive.TestSpaceGroups" name="test_representative_space_groups[166]" time="2.265" /><testcase classname="test_mcp_comprehensive.TestSpaceGroups" name="test_representative_space_groups[194]" time="2.248" /><testcase classname="test_mcp_comprehensive.TestSpaceGroups" name="test_representative_space_groups[225]" time="2.401" /><testcase classname="test_mcp_comprehensive.TestSpaceGroups" name="test_representative_space_groups[227]" time="2.406" /><testcase classname="test_mcp_comprehensive.TestSpaceGroups" name="test_representative_space_groups[230]" time="2.243" /><testcase classname="test_mcp_comprehensive.TestSpaceGroups" name="test_invalid_space_group_0" time="1.558"><failure message="json.decoder.JSONDecodeError: Expecting value: line 1 column 1 (char 0)">tests/testsuit/test_mcp_comprehensive.py:531: in test_invalid_space_group_0
    data = json.loads(res["result"]["content"][-1]["text"])
/usr/lib/python3.12/json/__init__.py:346: in loads
    return _default_decoder.decode(s)
/usr/lib/python3.12/json/decoder.py:337: in decode
    obj, end = self.raw_decode(s, idx=_w(s, 0).end())
/usr/lib/python3.12/json/decoder.py:355: in raw_decode
    raise JSONDecodeError("Expecting value", s, err.value) from None
E   json.decoder.JSONDecodeError: Expecting value: line 1 column 1 (char 0)</failure></testcase><testcase classname="test_mcp_comprehensive.TestSpaceGroups" name="test_invalid_space_group_999" time="1.559"><failure message="json.decoder.JSONDecodeError: Expecting value: line 1 column 1 (char 0)">tests/testsuit/test_mcp_comprehensive.py:549: in test_invalid_space_group_999
    data = json.loads(res["result"]["content"][-1]["text"])
/usr/lib/python3.12/json/__init__.py:346: in loads
    return _default_decoder.decode(s)
/usr/lib/python3.12/json/decoder.py:337: in decode
    obj, end = self.raw_decode(s, idx=_w(s, 0).end())
/usr/lib/python3.12/json/decoder.py:355: in raw_decode
    raise JSONDecodeError("Expecting value", s, err.value) from None
E   json.decoder.JSONDecodeError: Expecting value: line 1 column 1 (char 0)</failure></testcase><testcase classname="test_mcp_comprehensive.TestTransformations" name="test_make_supercell_2x2x2" time="2.970"><failure message="AssertionError: Supercell creation failed: {'success': False, 'error': {'code': 'MISSING_REQUIRED_PARAMETER', 'message': 'Missing required parameters: structure', 'operation': 'make_supercell'}}&#10;assert False is True&#10; +  where False = &lt;built-in method get of dict object at 0x7dfef7888e00&gt;('success')&#10; +    where &lt;built-in method get of dict object at 0x7dfef7888e00&gt; = {'error': {'code': 'MISSING_REQUIRED_PARAMETER', 'message': 'Missing required parameters: structure', 'operation': 'make_supercell'}, 'success': False}.get">tests/testsuit/test_mcp_comprehensive.py:595: in test_make_supercell_2x2x2
    assert data.get("success") is True, f"Supercell creation failed: {data}"
E   AssertionError: Supercell creation failed: {'success': False, 'error': {'code': 'MISSING_REQUIRED_PARAMETER', 'message': 'Missing required parameters: structure', 'operation': 'make_supercell'}}
E   assert False is True
E    +  where False = &lt;built-in method get of dict object at 0x7dfef7888e00&gt;('success')
E    +    where &lt;built-in method get of dict object at 0x7dfef7888e00&gt; = {'error': {'code': 'MISSING_REQUIRED_PARAMETER', 'message': 'Missing required parameters: structure', 'operation': 'make_supercell'}, 'success': False}.get</failure></testcase><testcase classname="test_mcp_comprehensive.TestTransformations" name="test_apply_strain_tensile" time="3.022"><failure message="AssertionError: Operation not fully implemented - response: Python execution failed: {&quot;code&quot;:&quot;E6001&quot;,&quot;message&quot;:&quot;Python script execution failed: TypeError: argument of type 'NoneType' is not iterable&quot;,&quot;details&quot;:{&quot;scriptName&quot;:&quot;comprehensive_structures.py&quot;,&quot;error&#10;assert False">tests/testsuit/test_mcp_comprehensive.py:639: in test_apply_strain_tensile
    assert False, f"Operation not fully implemented - response: {text[:200] if text else 'empty'}"
E   AssertionError: Operation not fully implemented - response: Python execution failed: {"code":"E6001","message":"Python script execution failed: TypeError: argument of type 'NoneType' is not iterable","details":{"scriptName":"comprehensive_structures.py","error
E   assert False</failure></testcase><testcase classname="test_mcp_comprehensive.TestTransformations" name="test_generate_surface_slab" time="2.775"><failure message="AssertionError: Surface slab generation failed: {'success': False, 'error': {'code': 'MISSING_STRUCTURE', 'message': &quot;Must provide 'bulk_structure' or 'structure'&quot;}}&#10;assert False is True&#10; +  where False = &lt;built-in method get of dict object at 0x7dfef7768800&gt;('success')&#10; +    where &lt;built-in method get of dict object at 0x7dfef7768800&gt; = {'error': {'code': 'MISSING_STRUCTURE', 'message': &quot;Must provide 'bulk_structure' or 'structure'&quot;}, 'success': False}.get">tests/testsuit/test_mcp_comprehensive.py:679: in test_generate_surface_slab
    assert data.get("success") is True, f"Surface slab generation failed: {data}"
E   AssertionError: Surface slab generation failed: {'success': False, 'error': {'code': 'MISSING_STRUCTURE', 'message': "Must provide 'bulk_structure' or 'structure'"}}
E   assert False is True
E    +  where False = &lt;built-in method get of dict object at 0x7dfef7768800&gt;('success')
E    +    where &lt;built-in method get of dict object at 0x7dfef7768800&gt; = {'error': {'code': 'MISSING_STRUCTURE', 'message': "Must provide 'bulk_structure' or 'structure'"}, 'success': False}.get</failure></testcase><testcase classname="test_mcp_comprehensive.TestDefects" name="test_create_vacancy" time="2.680"><failure message="AssertionError: Vacancy creation failed: {'success': False, 'error': {'code': 'MISSING_REQUIRED_PARAMETER', 'message': 'Missing required parameters: host_structure', 'operation': 'generate_vacancy'}}&#10;assert False is True&#10; +  where False = &lt;built-in method get of dict object at 0x7dfef7894440&gt;('success')&#10; +    where &lt;built-in method get of dict object at 0x7dfef7894440&gt; = {'error': {'code': 'MISSING_REQUIRED_PARAMETER', 'message': 'Missing required parameters: host_structure', 'operation': 'generate_vacancy'}, 'success': False}.get">tests/testsuit/test_mcp_comprehensive.py:725: in test_create_vacancy
    assert data.get("success") is True, f"Vacancy creation failed: {data}"
E   AssertionError: Vacancy creation failed: {'success': False, 'error': {'code': 'MISSING_REQUIRED_PARAMETER', 'message': 'Missing required parameters: host_structure', 'operation': 'generate_vacancy'}}
E   assert False is True
E    +  where False = &lt;built-in method get of dict object at 0x7dfef7894440&gt;('success')
E    +    where &lt;built-in method get of dict object at 0x7dfef7894440&gt; = {'error': {'code': 'MISSING_REQUIRED_PARAMETER', 'message': 'Missing required parameters: host_structure', 'operation': 'generate_vacancy'}, 'success': False}.get</failure></testcase><testcase classname="test_mcp_comprehensive.TestDefects" name="test_create_interstitial" time="2.679"><failure message="AssertionError: Interstitial creation failed: {'success': False, 'error': {'code': 'MISSING_REQUIRED_PARAMETER', 'message': 'Missing required parameters: host_structure', 'operation': 'generate_interstitial'}}&#10;assert False is True&#10; +  where False = &lt;built-in method get of dict object at 0x7dfef787f8c0&gt;('success')&#10; +    where &lt;built-in method get of dict object at 0x7dfef787f8c0&gt; = {'error': {'code': 'MISSING_REQUIRED_PARAMETER', 'message': 'Missing required parameters: host_structure', 'operation': 'generate_interstitial'}, 'success': False}.get">tests/testsuit/test_mcp_comprehensive.py:772: in test_create_interstitial
    assert data.get("success") is True, f"Interstitial creation failed: {data}"
E   AssertionError: Interstitial creation failed: {'success': False, 'error': {'code': 'MISSING_REQUIRED_PARAMETER', 'message': 'Missing required parameters: host_structure', 'operation': 'generate_interstitial'}}
E   assert False is True
E    +  where False = &lt;built-in method get of dict object at 0x7dfef787f8c0&gt;('success')
E    +    where &lt;built-in method get of dict object at 0x7dfef787f8c0&gt; = {'error': {'code': 'MISSING_REQUIRED_PARAMETER', 'message': 'Missing required parameters: host_structure', 'operation': 'generate_interstitial'}, 'success': False}.get</failure></testcase><testcase classname="test_mcp_comprehensive.TestAnalysis" name="test_analyze_symmetry_diamond" time="2.883"><failure message="AssertionError: assert False is True&#10; +  where False = &lt;built-in method get of dict object at 0x7dfef796e9c0&gt;('success')&#10; +    where &lt;built-in method get of dict object at 0x7dfef796e9c0&gt; = {'error': {'code': 'MISSING_REQUIRED_PARAMETER', 'message': 'Missing required parameters: structure', 'operation': 'analyze_symmetry'}, 'success': False}.get">tests/testsuit/test_mcp_comprehensive.py:824: in test_analyze_symmetry_diamond
    assert data.get("success") is True
E   AssertionError: assert False is True
E    +  where False = &lt;built-in method get of dict object at 0x7dfef796e9c0&gt;('success')
E    +    where &lt;built-in method get of dict object at 0x7dfef796e9c0&gt; = {'error': {'code': 'MISSING_REQUIRED_PARAMETER', 'message': 'Missing required parameters: structure', 'operation': 'analyze_symmetry'}, 'success': False}.get</failure></testcase><testcase classname="test_mcp_comprehensive.TestAnalysis" name="test_validate_structure" time="2.992"><failure message="AssertionError: assert False is True&#10; +  where False = &lt;built-in method get of dict object at 0x7dfef7758100&gt;('success')&#10; +    where &lt;built-in method get of dict object at 0x7dfef7758100&gt; = {'error': {'code': 'MISSING_REQUIRED_PARAMETER', 'message': 'Missing required parameters: structure', 'operation': 'validate_structure'}, 'success': False}.get">tests/testsuit/test_mcp_comprehensive.py:859: in test_validate_structure
    assert data.get("success") is True
E   AssertionError: assert False is True
E    +  where False = &lt;built-in method get of dict object at 0x7dfef7758100&gt;('success')
E    +    where &lt;built-in method get of dict object at 0x7dfef7758100&gt; = {'error': {'code': 'MISSING_REQUIRED_PARAMETER', 'message': 'Missing required parameters: structure', 'operation': 'validate_structure'}, 'success': False}.get</failure></testcase><testcase classname="test_mcp_comprehensive.TestExportFormats" name="test_export_vasp_poscar" time="2.620"><failure message="AssertionError: assert False is True&#10; +  where False = &lt;built-in method get of dict object at 0x7dfef7795480&gt;('success')&#10; +    where &lt;built-in method get of dict object at 0x7dfef7795480&gt; = {'error': {'code': 'MISSING_REQUIRED_PARAMETER', 'message': 'Missing required parameters: structure', 'operation': 'export_vasp'}, 'success': False}.get">tests/testsuit/test_mcp_comprehensive.py:897: in test_export_vasp_poscar
    assert data.get("success") is True
E   AssertionError: assert False is True
E    +  where False = &lt;built-in method get of dict object at 0x7dfef7795480&gt;('success')
E    +    where &lt;built-in method get of dict object at 0x7dfef7795480&gt; = {'error': {'code': 'MISSING_REQUIRED_PARAMETER', 'message': 'Missing required parameters: structure', 'operation': 'export_vasp'}, 'success': False}.get</failure></testcase><testcase classname="test_mcp_comprehensive.TestExportFormats" name="test_export_cif" time="2.634"><failure message="AssertionError: assert False is True&#10; +  where False = &lt;built-in method get of dict object at 0x7dfef7830d80&gt;('success')&#10; +    where &lt;built-in method get of dict object at 0x7dfef7830d80&gt; = {'error': {'code': 'MISSING_REQUIRED_PARAMETER', 'message': 'Missing required parameters: structure', 'operation': 'export_cif'}, 'success': False}.get">tests/testsuit/test_mcp_comprehensive.py:930: in test_export_cif
    assert data.get("success") is True
E   AssertionError: assert False is True
E    +  where False = &lt;built-in method get of dict object at 0x7dfef7830d80&gt;('success')
E    +    where &lt;built-in method get of dict object at 0x7dfef7830d80&gt; = {'error': {'code': 'MISSING_REQUIRED_PARAMETER', 'message': 'Missing required parameters: structure', 'operation': 'export_cif'}, 'success': False}.get</failure></testcase><testcase classname="test_mcp_comprehensive.TestExportFormats" name="test_export_xyz" time="2.640"><failure message="AssertionError: assert False is True&#10; +  where False = &lt;built-in method get of dict object at 0x7dfef7930500&gt;('success')&#10; +    where &lt;built-in method get of dict object at 0x7dfef7930500&gt; = {'error': {'code': 'MISSING_REQUIRED_PARAMETER', 'message': 'Missing required parameters: structure', 'operation': 'export_xyz'}, 'success': False}.get">tests/testsuit/test_mcp_comprehensive.py:962: in test_export_xyz
    assert data.get("success") is True
E   AssertionError: assert False is True
E    +  where False = &lt;built-in method get of dict object at 0x7dfef7930500&gt;('success')
E    +    where &lt;built-in method get of dict object at 0x7dfef7930500&gt; = {'error': {'code': 'MISSING_REQUIRED_PARAMETER', 'message': 'Missing required parameters: structure', 'operation': 'export_xyz'}, 'success': False}.get</failure></testcase><testcase classname="test_mcp_comprehensive.TestErrorHandling" name="test_missing_required_parameter" time="2.180" /><testcase classname="test_mcp_comprehensive.TestErrorHandling" name="test_wrong_parameter_type" time="1.557" /><testcase classname="test_mcp_comprehensive.TestErrorHandling" name="test_negative_lattice_parameter" time="2.280"><failure message="AssertionError: Expected error for negative lattice parameter, got success: {'success': True, 'spacegroup_number': 225, 'spacegroup_symbol': 'Fm-3m', 'crystal_system': 'cubic', 'elements': ['Na'], 'composition': [4], 'formula': 'Na4', 'n_atoms': 4, 'lattice_parameters': {'a': 5, 'b': 5, 'c': 5, 'alpha': 90, 'beta': 90, 'gamma': 90}, 'wyckoff_positions': ['Wyckoff position 4b in space group 225 with site symmetry m-3m\n1/2, 1/2, 1/2\n1/2, 1, 1\n1, 1/2, 1\n1, 1, 1/2'], 'structure': {'lattice': {'a': 5, 'b': 5, 'c': 5, 'alpha': 90, 'beta': 90, 'gamma': 90, 'matrix': [[5, 0, 3.061616997868383e-16], [8.040613248383182e-16, 5, 3.061616997868383e-16], [0, 0, 5]], 'reciprocal_matrix': [[1.2566370614359172, -2.0208265209181895e-16, 0], [0, 1.2566370614359172, 0], [-7.69468277488716e-17, -7.69468277488716e-17, 1.2566370614359172]]}, 'sites': [{'element': 'Na', 'coords': [0.5, 0.49999999999999994, 0.5], 'cartesian': [2.5000000000000004, 2.4999999999999996, 2.5000000000000004], 'species': [{'element': 'Na', 'occupation': 1}]}, {'element': 'Na', 'coords': [0.5, 1, 1], 'cartesian': [2.500000000000001, 5, 5.000000000000001], 'species': [{'element': 'Na', 'occupation': 1}]}, {'element': 'Na', 'coords': [1, 0.5, 1], 'cartesian': [5, 2.5, 5.000000000000001], 'species': [{'element': 'Na', 'occupation': 1}]}, {'element': 'Na', 'coords': [1, 0.9999999999999999, 0.5], 'cartesian': [5.000000000000001, 4.999999999999999, 2.5000000000000004], 'species': [{'element': 'Na', 'occupation': 1}]}], 'atoms': [{'element': 'Na', 'coords': [0.5, 0.49999999999999994, 0.5], 'cartesian': [2.5000000000000004, 2.4999999999999996, 2.5000000000000004], 'species': [{'element': 'Na', 'occupation': 1}]}, {'element': 'Na', 'coords': [0.5, 1, 1], 'cartesian': [2.500000000000001, 5, 5.000000000000001], 'species': [{'element': 'Na', 'occupation': 1}]}, {'element': 'Na', 'coords': [1, 0.5, 1], 'cartesian': [5, 2.5, 5.000000000000001], 'species': [{'element': 'Na', 'occupation': 1}]}, {'element': 'Na', 'coords': [1, 0.9999999999999999, 0.5], 'cartesian': [5.000000000000001, 4.999999999999999, 2.5000000000000004], 'species': [{'element': 'Na', 'occupation': 1}]}], 'space_group': {'number': 225, 'symbol': 'Fm-3m', 'hall_symbol': '-F 4 2 3', 'point_group': 'm-3m', 'crystal_system': 'cubic'}, 'metadata': {'formula': 'Na4', 'n_atoms': 4}}}&#10;assert False">tests/testsuit/test_mcp_comprehensive.py:1058: in test_negative_lattice_parameter
    assert is_error, f"Expected error for negative lattice parameter, got success: {data}"
E   AssertionError: Expected error for negative lattice parameter, got success: {'success': True, 'spacegroup_number': 225, 'spacegroup_symbol': 'Fm-3m', 'crystal_system': 'cubic', 'elements': ['Na'], 'composition': [4], 'formula': 'Na4', 'n_atoms': 4, 'lattice_parameters': {'a': 5, 'b': 5, 'c': 5, 'alpha': 90, 'beta': 90, 'gamma': 90}, 'wyckoff_positions': ['Wyckoff position 4b in space group 225 with site symmetry m-3m\n1/2, 1/2, 1/2\n1/2, 1, 1\n1, 1/2, 1\n1, 1, 1/2'], 'structure': {'lattice': {'a': 5, 'b': 5, 'c': 5, 'alpha': 90, 'beta': 90, 'gamma': 90, 'matrix': [[5, 0, 3.061616997868383e-16], [8.040613248383182e-16, 5, 3.061616997868383e-16], [0, 0, 5]], 'reciprocal_matrix': [[1.2566370614359172, -2.0208265209181895e-16, 0], [0, 1.2566370614359172, 0], [-7.69468277488716e-17, -7.69468277488716e-17, 1.2566370614359172]]}, 'sites': [{'element': 'Na', 'coords': [0.5, 0.49999999999999994, 0.5], 'cartesian': [2.5000000000000004, 2.4999999999999996, 2.5000000000000004], 'species': [{'element': 'Na', 'occupation': 1}]}, {'element': 'Na', 'coords': [0.5, 1, 1], 'cartesian': [2.500000000000001, 5, 5.000000000000001], 'species': [{'element': 'Na', 'occupation': 1}]}, {'element': 'Na', 'coords': [1, 0.5, 1], 'cartesian': [5, 2.5, 5.000000000000001], 'species': [{'element': 'Na', 'occupation': 1}]}, {'element': 'Na', 'coords': [1, 0.9999999999999999, 0.5], 'cartesian': [5.000000000000001, 4.999999999999999, 2.5000000000000004], 'species': [{'element': 'Na', 'occupation': 1}]}], 'atoms': [{'element': 'Na', 'coords': [0.5, 0.49999999999999994, 0.5], 'cartesian': [2.5000000000000004, 2.4999999999999996, 2.5000000000000004], 'species': [{'element': 'Na', 'occupation': 1}]}, {'element': 'Na', 'coords': [0.5, 1, 1], 'cartesian': [2.500000000000001, 5, 5.000000000000001], 'species': [{'element': 'Na', 'occupation': 1}]}, {'element': 'Na', 'coords': [1, 0.5, 1], 'cartesian': [5, 2.5, 5.000000000000001], 'species': [{'element': 'Na', 'occupation': 1}]}, {'element': 'Na', 'coords': [1, 0.9999999999999999, 0.5], 'cartesian': [5.000000000000001, 4.999999999999999, 2.5000000000000004], 'species': [{'element': 'Na', 'occupation': 1}]}], 'space_group': {'number': 225, 'symbol': 'Fm-3m', 'hall_symbol': '-F 4 2 3', 'point_group': 'm-3m', 'crystal_system': 'cubic'}, 'metadata': {'formula': 'Na4', 'n_atoms': 4}}}
E   assert False</failure></testcase><testcase classname="test_mcp_comprehensive.TestErrorHandling" name="test_invalid_element_symbol" time="2.208" /><testcase classname="test_mcp_comprehensive.TestErrorHandling" name="test_mismatched_composition" time="2.217" /><testcase classname="test_mcp_comprehensive.TestErrorHandling" name="test_empty_structure_handling" time="1.922" /><testcase classname="test_mcp_comprehensive.TestPerformance" name="test_rapid_sequential_requests" time="1.586" /><testcase classname="test_mcp_comprehensive.TestPerformance" name="test_generation_performance_simple" time="2.271" /><testcase classname="test_mcp_comprehensive.TestPerformance" name="test_large_supercell_performance" time="2.974" /><testcase classname="test_mcp_comprehensive.TestIntegrationWorkflows" name="test_generate_analyze_export_workflow" time="3.560"><failure message="AssertionError: assert (None == 227 or False is True)&#10; +  where None = &lt;built-in method get of dict object at 0x7dfef783a700&gt;('spacegroup_number')&#10; +    where &lt;built-in method get of dict object at 0x7dfef783a700&gt; = {'error': {'code': 'MISSING_REQUIRED_PARAMETER', 'message': 'Missing required parameters: structure', 'operation': 'analyze_symmetry'}, 'success': False}.get&#10; +  and   False = &lt;built-in method get of dict object at 0x7dfef783a700&gt;('success')&#10; +    where &lt;built-in method get of dict object at 0x7dfef783a700&gt; = {'error': {'code': 'MISSING_REQUIRED_PARAMETER', 'message': 'Missing required parameters: structure', 'operation': 'analyze_symmetry'}, 'success': False}.get">tests/testsuit/test_mcp_comprehensive.py:1210: in test_generate_analyze_export_workflow
    assert sym_data.get("spacegroup_number") == 227 or sym_data.get("success") is True
E   AssertionError: assert (None == 227 or False is True)
E    +  where None = &lt;built-in method get of dict object at 0x7dfef783a700&gt;('spacegroup_number')
E    +    where &lt;built-in method get of dict object at 0x7dfef783a700&gt; = {'error': {'code': 'MISSING_REQUIRED_PARAMETER', 'message': 'Missing required parameters: structure', 'operation': 'analyze_symmetry'}, 'success': False}.get
E    +  and   False = &lt;built-in method get of dict object at 0x7dfef783a700&gt;('success')
E    +    where &lt;built-in method get of dict object at 0x7dfef783a700&gt; = {'error': {'code': 'MISSING_REQUIRED_PARAMETER', 'message': 'Missing required parameters: structure', 'operation': 'analyze_symmetry'}, 'success': False}.get</failure></testcase><testcase classname="test_mcp_comprehensive.TestIntegrationWorkflows" name="test_generate_transform_validate_workflow" time="3.595"><failure message="KeyError: 'structure'">tests/testsuit/test_mcp_comprehensive.py:1251: in test_generate_transform_validate_workflow
    supercell = json.loads(super_res["result"]["content"][-1]["text"])["structure"]
E   KeyError: 'structure'</failure></testcase><testcase classname="test_mcp_comprehensive.TestIntegrationWorkflows" name="test_defect_creation_workflow" time="3.143"><failure message="KeyError: 'structure'">tests/testsuit/test_mcp_comprehensive.py:1292: in test_defect_creation_workflow
    defect = json.loads(defect_res["result"]["content"][-1]["text"])["structure"]
E   KeyError: 'structure'</failure></testcase><testcase classname="test_mcp_comprehensive.TestScientificCorrectness" name="test_lattice_parameter_preserved" time="2.677"><failure message="AssertionError: a = 5, expected 5.43&#10;assert 0.4299999999999997 &lt; 0.01&#10; +  where 0.4299999999999997 = abs((5 - 5.43))">tests/testsuit/test_mcp_comprehensive.py:1333: in test_lattice_parameter_preserved
    assert abs(actual_a - target_a) &lt; 0.01, f"a = {actual_a}, expected {target_a}"
E   AssertionError: a = 5, expected 5.43
E   assert 0.4299999999999997 &lt; 0.01
E    +  where 0.4299999999999997 = abs((5 - 5.43))</failure></testcase><testcase classname="test_mcp_comprehensive.TestScientificCorrectness" name="test_composition_preserved" time="2.672" /><testcase classname="test_mcp_comprehensive.TestScientificCorrectness" name="test_coordination_number_fcc" time="2.292" /><testcase classname="test_operation_matrix.TestBulkStructures" name="test_space_group_generation[1]" time="2.284" /><testcase classname="test_operation_matrix.TestBulkStructures" name="test_space_group_generation[2]" time="2.222" /><testcase classname="test_operation_matrix.TestBulkStructures" name="test_space_group_generation[3]" time="2.196" /><testcase classname="test_operation_matrix.TestBulkStructures" name="test_space_group_generation[5]" time="2.305" /><testcase classname="test_operation_matrix.TestBulkStructures" name="test_space_group_generation[7]" time="2.209" /><testcase classname="test_operation_matrix.TestBulkStructures" name="test_space_group_generation[10]" time="2.193" /><testcase classname="test_operation_matrix.TestBulkStructures" name="test_space_group_generation[12]" time="2.247" /><testcase classname="test_operation_matrix.TestBulkStructures" name="test_space_group_generation[15]" time="2.197" /><testcase classname="test_operation_matrix.TestBulkStructures" name="test_space_group_generation[16]" time="2.199" /><testcase classname="test_operation_matrix.TestBulkStructures" name="test_space_group_generation[20]" time="2.229" /><testcase classname="test_operation_matrix.TestBulkStructures" name="test_space_group_generation[25]" time="2.251" /><testcase classname="test_operation_matrix.TestBulkStructures" name="test_space_group_generation[33]" time="2.271" /><testcase classname="test_operation_matrix.TestBulkStructures" name="test_space_group_generation[47]" time="2.269" /><testcase classname="test_operation_matrix.TestBulkStructures" name="test_space_group_generation[55]" time="2.185" /><testcase classname="test_operation_matrix.TestBulkStructures" name="test_space_group_generation[62]" time="2.223" /><testcase classname="test_operation_matrix.TestBulkStructures" name="test_space_group_generation[70]" time="2.242" /><testcase classname="test_operation_matrix.TestBulkStructures" name="test_space_group_generation[75]" time="2.235" /><testcase classname="test_operation_matrix.TestBulkStructures" name="test_space_group_generation[82]" time="2.262" /><testcase classname="test_operation_matrix.TestBulkStructures" name="test_space_group_generation[88]" time="2.182" /><testcase classname="test_operation_matrix.TestBulkStructures" name="test_space_group_generation[99]" time="2.241" /><testcase classname="test_operation_matrix.TestBulkStructures" name="test_space_group_generation[111]" time="2.251" /><testcase classname="test_operation_matrix.TestBulkStructures" name="test_space_group_generation[123]" time="2.278" /><testcase classname="test_operation_matrix.TestBulkStructures" name="test_space_group_generation[136]" time="2.241" /><testcase classname="test_operation_matrix.TestBulkStructures" name="test_space_group_generation[142]" time="2.263" /><testcase classname="test_operation_matrix.TestBulkStructures" name="test_space_group_generation[143]" time="2.215" /><testcase classname="test_operation_matrix.TestBulkStructures" name="test_space_group_generation[147]" time="2.316" /><testcase classname="test_operation_matrix.TestBulkStructures" name="test_space_group_generation[150]" time="2.204" /><testcase classname="test_operation_matrix.TestBulkStructures" name="test_space_group_generation[155]" time="2.246" /><testcase classname="test_operation_matrix.TestBulkStructures" name="test_space_group_generation[160]" time="2.221" /><testcase classname="test_operation_matrix.TestBulkStructures" name="test_space_group_generation[166]" time="2.271" /><testcase classname="test_operation_matrix.TestBulkStructures" name="test_space_group_generation[168]" time="2.209" /><testcase classname="test_operation_matrix.TestBulkStructures" name="test_space_group_generation[174]" time="2.216" /><testcase classname="test_operation_matrix.TestBulkStructures" name="test_space_group_generation[177]" time="2.322" /><testcase classname="test_operation_matrix.TestBulkStructures" name="test_space_group_generation[183]" time="2.220" /><testcase classname="test_operation_matrix.TestBulkStructures" name="test_space_group_generation[187]" time="2.221" /><testcase classname="test_operation_matrix.TestBulkStructures" name="test_space_group_generation[191]" time="2.280" /><testcase classname="test_operation_matrix.TestBulkStructures" name="test_space_group_generation[194]" time="2.376" /><testcase classname="test_operation_matrix.TestBulkStructures" name="test_space_group_generation[195]" time="2.190" /><testcase classname="test_operation_matrix.TestBulkStructures" name="test_space_group_generation[200]" time="2.179" /><testcase classname="test_operation_matrix.TestBulkStructures" name="test_space_group_generation[205]" time="2.259" /><testcase classname="test_operation_matrix.TestBulkStructures" name="test_space_group_generation[211]" time="2.290" /><testcase classname="test_operation_matrix.TestBulkStructures" name="test_space_group_generation[215]" time="2.246" /><testcase classname="test_operation_matrix.TestBulkStructures" name="test_space_group_generation[221]" time="2.323" /><testcase classname="test_operation_matrix.TestBulkStructures" name="test_space_group_generation[225]" time="2.382" /><testcase classname="test_operation_matrix.TestBulkStructures" name="test_space_group_generation[227]" time="2.377" /><testcase classname="test_operation_matrix.TestBulkStructures" name="test_space_group_generation[229]" time="2.284" /><testcase classname="test_operation_matrix.TestBulkStructures" name="test_space_group_generation[230]" time="2.337" /><testcase classname="test_operation_matrix.TestDefectGeneration" name="test_point_defects[vacancy]" time="2.622"><failure message="AssertionError: Defect creation failed: {'success': False, 'error': {'code': 'MISSING_REQUIRED_PARAMETER', 'message': 'Missing required parameters: host_structure', 'operation': 'generate_vacancy'}}&#10;assert False is True&#10; +  where False = &lt;built-in method get of dict object at 0x7dfef783fac0&gt;('success')&#10; +    where &lt;built-in method get of dict object at 0x7dfef783fac0&gt; = {'error': {'code': 'MISSING_REQUIRED_PARAMETER', 'message': 'Missing required parameters: host_structure', 'operation': 'generate_vacancy'}, 'success': False}.get">tests/testsuit/test_operation_matrix.py:177: in test_point_defects
    assert data.get("success") is True, f"Defect creation failed: {data}"
E   AssertionError: Defect creation failed: {'success': False, 'error': {'code': 'MISSING_REQUIRED_PARAMETER', 'message': 'Missing required parameters: host_structure', 'operation': 'generate_vacancy'}}
E   assert False is True
E    +  where False = &lt;built-in method get of dict object at 0x7dfef783fac0&gt;('success')
E    +    where &lt;built-in method get of dict object at 0x7dfef783fac0&gt; = {'error': {'code': 'MISSING_REQUIRED_PARAMETER', 'message': 'Missing required parameters: host_structure', 'operation': 'generate_vacancy'}, 'success': False}.get</failure></testcase><testcase classname="test_operation_matrix.TestDefectGeneration" name="test_point_defects[interstitial]" time="2.622"><failure message="AssertionError: Defect creation failed: {'success': False, 'error': {'code': 'MISSING_REQUIRED_PARAMETER', 'message': 'Missing required parameters: host_structure', 'operation': 'generate_interstitial'}}&#10;assert False is True&#10; +  where False = &lt;built-in method get of dict object at 0x7dfef7833800&gt;('success')&#10; +    where &lt;built-in method get of dict object at 0x7dfef7833800&gt; = {'error': {'code': 'MISSING_REQUIRED_PARAMETER', 'message': 'Missing required parameters: host_structure', 'operation': 'generate_interstitial'}, 'success': False}.get">tests/testsuit/test_operation_matrix.py:177: in test_point_defects
    assert data.get("success") is True, f"Defect creation failed: {data}"
E   AssertionError: Defect creation failed: {'success': False, 'error': {'code': 'MISSING_REQUIRED_PARAMETER', 'message': 'Missing required parameters: host_structure', 'operation': 'generate_interstitial'}}
E   assert False is True
E    +  where False = &lt;built-in method get of dict object at 0x7dfef7833800&gt;('success')
E    +    where &lt;built-in method get of dict object at 0x7dfef7833800&gt; = {'error': {'code': 'MISSING_REQUIRED_PARAMETER', 'message': 'Missing required parameters: host_structure', 'operation': 'generate_interstitial'}, 'success': False}.get</failure></testcase><testcase classname="test_operation_matrix.TestDefectGeneration" name="test_point_defects[substitution]" time="2.746"><failure message="AssertionError: Defect creation failed: {'success': False, 'error': {'code': 'MISSING_REQUIRED_PARAMETER', 'message': 'Missing required parameters: host_structure, site, dopant', 'operation': 'generate_substitution'}}&#10;assert False is True&#10; +  where False = &lt;built-in method get of dict object at 0x7dfef7783300&gt;('success')&#10; +    where &lt;built-in method get of dict object at 0x7dfef7783300&gt; = {'error': {'code': 'MISSING_REQUIRED_PARAMETER', 'message': 'Missing required parameters: host_structure, site, dopant', 'operation': 'generate_substitution'}, 'success': False}.get">tests/testsuit/test_operation_matrix.py:177: in test_point_defects
    assert data.get("success") is True, f"Defect creation failed: {data}"
E   AssertionError: Defect creation failed: {'success': False, 'error': {'code': 'MISSING_REQUIRED_PARAMETER', 'message': 'Missing required parameters: host_structure, site, dopant', 'operation': 'generate_substitution'}}
E   assert False is True
E    +  where False = &lt;built-in method get of dict object at 0x7dfef7783300&gt;('success')
E    +    where &lt;built-in method get of dict object at 0x7dfef7783300&gt; = {'error': {'code': 'MISSING_REQUIRED_PARAMETER', 'message': 'Missing required parameters: host_structure, site, dopant', 'operation': 'generate_substitution'}, 'success': False}.get</failure></testcase><testcase classname="test_operation_matrix.TestSurfaceGeneration" name="test_surface_generation[miller0]" time="2.659"><failure message="AssertionError: Surface generation failed: {'success': False, 'error': {'code': 'MISSING_STRUCTURE', 'message': &quot;Must provide 'bulk_structure' or 'structure'&quot;}}&#10;assert False is True&#10; +  where False = &lt;built-in method get of dict object at 0x7dfef783c240&gt;('success')&#10; +    where &lt;built-in method get of dict object at 0x7dfef783c240&gt; = {'error': {'code': 'MISSING_STRUCTURE', 'message': &quot;Must provide 'bulk_structure' or 'structure'&quot;}, 'success': False}.get">tests/testsuit/test_operation_matrix.py:231: in test_surface_generation
    assert data.get("success") is True, f"Surface generation failed: {data}"
E   AssertionError: Surface generation failed: {'success': False, 'error': {'code': 'MISSING_STRUCTURE', 'message': "Must provide 'bulk_structure' or 'structure'"}}
E   assert False is True
E    +  where False = &lt;built-in method get of dict object at 0x7dfef783c240&gt;('success')
E    +    where &lt;built-in method get of dict object at 0x7dfef783c240&gt; = {'error': {'code': 'MISSING_STRUCTURE', 'message': "Must provide 'bulk_structure' or 'structure'"}, 'success': False}.get</failure></testcase><testcase classname="test_operation_matrix.TestSurfaceGeneration" name="test_surface_generation[miller1]" time="2.798"><failure message="AssertionError: Surface generation failed: {'success': False, 'error': {'code': 'MISSING_STRUCTURE', 'message': &quot;Must provide 'bulk_structure' or 'structure'&quot;}}&#10;assert False is True&#10; +  where False = &lt;built-in method get of dict object at 0x7dfef79aba80&gt;('success')&#10; +    where &lt;built-in method get of dict object at 0x7dfef79aba80&gt; = {'error': {'code': 'MISSING_STRUCTURE', 'message': &quot;Must provide 'bulk_structure' or 'structure'&quot;}, 'success': False}.get">tests/testsuit/test_operation_matrix.py:231: in test_surface_generation
    assert data.get("success") is True, f"Surface generation failed: {data}"
E   AssertionError: Surface generation failed: {'success': False, 'error': {'code': 'MISSING_STRUCTURE', 'message': "Must provide 'bulk_structure' or 'structure'"}}
E   assert False is True
E    +  where False = &lt;built-in method get of dict object at 0x7dfef79aba80&gt;('success')
E    +    where &lt;built-in method get of dict object at 0x7dfef79aba80&gt; = {'error': {'code': 'MISSING_STRUCTURE', 'message': "Must provide 'bulk_structure' or 'structure'"}, 'success': False}.get</failure></testcase><testcase classname="test_operation_matrix.TestSurfaceGeneration" name="test_surface_generation[miller2]" time="2.781"><failure message="AssertionError: Surface generation failed: {'success': False, 'error': {'code': 'MISSING_STRUCTURE', 'message': &quot;Must provide 'bulk_structure' or 'structure'&quot;}}&#10;assert False is True&#10; +  where False = &lt;built-in method get of dict object at 0x7dfef769fb80&gt;('success')&#10; +    where &lt;built-in method get of dict object at 0x7dfef769fb80&gt; = {'error': {'code': 'MISSING_STRUCTURE', 'message': &quot;Must provide 'bulk_structure' or 'structure'&quot;}, 'success': False}.get">tests/testsuit/test_operation_matrix.py:231: in test_surface_generation
    assert data.get("success") is True, f"Surface generation failed: {data}"
E   AssertionError: Surface generation failed: {'success': False, 'error': {'code': 'MISSING_STRUCTURE', 'message': "Must provide 'bulk_structure' or 'structure'"}}
E   assert False is True
E    +  where False = &lt;built-in method get of dict object at 0x7dfef769fb80&gt;('success')
E    +    where &lt;built-in method get of dict object at 0x7dfef769fb80&gt; = {'error': {'code': 'MISSING_STRUCTURE', 'message': "Must provide 'bulk_structure' or 'structure'"}, 'success': False}.get</failure></testcase><testcase classname="test_operation_matrix.TestSurfaceGeneration" name="test_surface_generation[miller3]" time="2.747"><failure message="AssertionError: Surface generation failed: {'success': False, 'error': {'code': 'MISSING_STRUCTURE', 'message': &quot;Must provide 'bulk_structure' or 'structure'&quot;}}&#10;assert False is True&#10; +  where False = &lt;built-in method get of dict object at 0x7dfef79cfa80&gt;('success')&#10; +    where &lt;built-in method get of dict object at 0x7dfef79cfa80&gt; = {'error': {'code': 'MISSING_STRUCTURE', 'message': &quot;Must provide 'bulk_structure' or 'structure'&quot;}, 'success': False}.get">tests/testsuit/test_operation_matrix.py:231: in test_surface_generation
    assert data.get("success") is True, f"Surface generation failed: {data}"
E   AssertionError: Surface generation failed: {'success': False, 'error': {'code': 'MISSING_STRUCTURE', 'message': "Must provide 'bulk_structure' or 'structure'"}}
E   assert False is True
E    +  where False = &lt;built-in method get of dict object at 0x7dfef79cfa80&gt;('success')
E    +    where &lt;built-in method get of dict object at 0x7dfef79cfa80&gt; = {'error': {'code': 'MISSING_STRUCTURE', 'message': "Must provide 'bulk_structure' or 'structure'"}, 'success': False}.get</failure></testcase><testcase classname="test_operation_matrix.TestSurfaceGeneration" name="test_surface_generation[miller4]" time="2.726"><failure message="AssertionError: Surface generation failed: {'success': False, 'error': {'code': 'MISSING_STRUCTURE', 'message': &quot;Must provide 'bulk_structure' or 'structure'&quot;}}&#10;assert False is True&#10; +  where False = &lt;built-in method get of dict object at 0x7dfef7b51640&gt;('success')&#10; +    where &lt;built-in method get of dict object at 0x7dfef7b51640&gt; = {'error': {'code': 'MISSING_STRUCTURE', 'message': &quot;Must provide 'bulk_structure' or 'structure'&quot;}, 'success': False}.get">tests/testsuit/test_operation_matrix.py:231: in test_surface_generation
    assert data.get("success") is True, f"Surface generation failed: {data}"
E   AssertionError: Surface generation failed: {'success': False, 'error': {'code': 'MISSING_STRUCTURE', 'message': "Must provide 'bulk_structure' or 'structure'"}}
E   assert False is True
E    +  where False = &lt;built-in method get of dict object at 0x7dfef7b51640&gt;('success')
E    +    where &lt;built-in method get of dict object at 0x7dfef7b51640&gt; = {'error': {'code': 'MISSING_STRUCTURE', 'message': "Must provide 'bulk_structure' or 'structure'"}, 'success': False}.get</failure></testcase><testcase classname="test_operation_matrix.TestSurfaceGeneration" name="test_adsorbate_placement" time="2.811"><failure message="KeyError: 'structure'">tests/testsuit/test_operation_matrix.py:260: in test_adsorbate_placement
    slab = json.loads(slab_res["result"]["content"][-1]["text"])["structure"]
E   KeyError: 'structure'</failure></testcase><testcase classname="test_operation_matrix.Test2DMaterials" name="test_2d_material_generation[graphene]" time="1.947"><failure message="AssertionError: Invalid response for generate_graphene (graphene): Python execution failed: {&quot;code&quot;:&quot;E6001&quot;,&quot;message&quot;:&quot;Python script execution failed: ImportError: cannot import name 'generate_janus_tmd' from 'generators.two_d.janus' (/home/niel/git/crystal-mcp-serve&#10;assert ('Python execution failed: {&quot;code&quot;:&quot;E6001&quot;,&quot;message&quot;:&quot;Python script execution failed: ImportError: cannot import name \'generate_janus_tmd\' from \'generators.two_d.janus\' (/home/niel/git/crystal-mcp-server/src/python/generators/two_d/janus.py). Did you mean: \'generate_janus_2d\'?&quot;,&quot;details&quot;:{&quot;scriptName&quot;:&quot;comprehensive_structures.py&quot;,&quot;error&quot;:&quot;ImportError: cannot import name \'generate_janus_tmd\' from \'generators.two_d.janus\' (/home/niel/git/crystal-mcp-server/src/python/generators/two_d/janus.py). Did you mean: \'generate_janus_2d\'?&quot;,&quot;stderr&quot;:&quot;Traceback (most recent call last):\\n  File \\&quot;/home/niel/git/crystal-mcp-server/src/python/comprehensive_structures.py\\&quot;, line 507, in &lt;module&gt;\\n    result = handle_request(input_data)\\n             ^^^^^^^^^^^^^^^^^^^^^^^^^^\\n  File \\&quot;/home/niel/git/crystal-mcp-server/src/python/comprehensive_structures.py\\&quot;, line 64, in handle_request\\n    module = importlib.import_module(module_path)\\n             ^^^^^^^^^^^^^^^^^^^^^^^^^^^^^^^^^^^^\\n  File \\&quot;/usr/lib/python3.12/importlib/__init__.py\\&quot;, line 90, in import_module\\n    return _bootstrap._gcd_import(name[level:], package, level)\\n           ^^^^^^^^^^^^^^^^^^^^^^^^^^^^^^^^^^^^^^^^^^^^^^^^^^^^\\n  File \\&quot;&lt;frozen importlib._bootstrap&gt;\\&quot;, line 1387, in _gcd_import\\n  File \\&quot;&lt;frozen importlib._bootstrap&gt;\\&quot;, line 1360, in _find_and_load\\n  File \\&quot;&lt;frozen importlib._bootstrap&gt;\\&quot;, line 1310, in _find_and_load_unlocked\\n  File \\&quot;&lt;frozen importlib._bootstrap&gt;\\&quot;, line 488, in _call_with_frames_removed\\n  File \\&quot;&lt;frozen importlib._bootstrap&gt;\\&quot;, line 1387, in _gcd_import\\n  File \\&quot;&lt;frozen importlib._bootstrap&gt;\\&quot;, line 1360, in _find_and_load\\n  File \\&quot;&lt;frozen importlib._bootstrap&gt;\\&quot;, line 1331, in _find_and_load_unlocked\\n  File \\&quot;&lt;frozen importlib._bootstrap&gt;\\&quot;, line 935, in _load_unlocked\\n  File \\&quot;&lt;frozen importlib._bootstrap_external&gt;\\&quot;, line 995, in exec_module\\n  File \\&quot;&lt;frozen importlib._bootstrap&gt;\\&quot;, line 488, in _call_with_frames_removed\\n  File \\&quot;/home/niel/git/crystal-mcp-server/src/python/generators/two_d/__init__.py\\&quot;, line 32, in &lt;module&gt;\\n    from .janus import generate_janus_tmd, JANUS_MATERIALS\\nImportError: cannot import name \'generate_janus_tmd\' from \'generators.two_d.janus\' (/home/niel/git/crystal-mcp-server/src/python/generators/two_d/janus.py). Did you mean: \'generate_janus_2d\'?&quot;},&quot;suggestions&quot;:[&quot;Check Python installation&quot;,&quot;Verify script syntax&quot;,&quot;Check for missing dependencies&quot;,&quot;Review error messages in stderr&quot;],&quot;recoverable&quot;:true,&quot;timestamp&quot;:&quot;2025-12-25T06:32:17.818Z&quot;}' and False)&#10; +  where False = &lt;built-in method startswith of str object at 0x496fe270&gt;('{')&#10; +    where &lt;built-in method startswith of str object at 0x496fe270&gt; = 'Python execution failed: {&quot;code&quot;:&quot;E6001&quot;,&quot;message&quot;:&quot;Python script execution failed: ImportError: cannot import name \'generate_janus_tmd\' from \'generators.two_d.janus\' (/home/niel/git/crystal-mcp-server/src/python/generators/two_d/janus.py). Did you mean: \'generate_janus_2d\'?&quot;,&quot;details&quot;:{&quot;scriptName&quot;:&quot;comprehensive_structures.py&quot;,&quot;error&quot;:&quot;ImportError: cannot import name \'generate_janus_tmd\' from \'generators.two_d.janus\' (/home/niel/git/crystal-mcp-server/src/python/generators/two_d/janus.py). Did you mean: \'generate_janus_2d\'?&quot;,&quot;stderr&quot;:&quot;Traceback (most recent call last):\\n  File \\&quot;/home/niel/git/crystal-mcp-server/src/python/comprehensive_structures.py\\&quot;, line 507, in &lt;module&gt;\\n    result = handle_request(input_data)\\n             ^^^^^^^^^^^^^^^^^^^^^^^^^^\\n  File \\&quot;/home/niel/git/crystal-mcp-server/src/python/comprehensive_structures.py\\&quot;, line 64, in handle_request\\n    module = importlib.import_module(module_path)\\n             ^^^^^^^^^^^^^^^^^^^^^^^^^^^^^^^^^^^^\\n  File \\&quot;/usr/lib/python3.12/importlib/__init__.py\\&quot;, line 90, in import_module\\n    return _bootstrap._gcd_import(name[level:], package, level)\\n           ^^^^^^^^^^^^^^^^^^^^^^^^^^^^^^^^^^^^^^^^^^^^^^^^^^^^\\n  File \\&quot;&lt;frozen importlib._bootstrap&gt;\\&quot;, line 1387, in _gcd_import\\n  File \\&quot;&lt;frozen importlib._bootstrap&gt;\\&quot;, line 1360, in _find_and_load\\n  File \\&quot;&lt;frozen importlib._bootstrap&gt;\\&quot;, line 1310, in _find_and_load_unlocked\\n  File \\&quot;&lt;frozen importlib._bootstrap&gt;\\&quot;, line 488, in _call_with_frames_removed\\n  File \\&quot;&lt;frozen importlib._bootstrap&gt;\\&quot;, line 1387, in _gcd_import\\n  File \\&quot;&lt;frozen importlib._bootstrap&gt;\\&quot;, line 1360, in _find_and_load\\n  File \\&quot;&lt;frozen importlib._bootstrap&gt;\\&quot;, line 1331, in _find_and_load_unlocked\\n  File \\&quot;&lt;frozen importlib._bootstrap&gt;\\&quot;, line 935, in _load_unlocked\\n  File \\&quot;&lt;frozen importlib._bootstrap_external&gt;\\&quot;, line 995, in exec_module\\n  File \\&quot;&lt;frozen importlib._bootstrap&gt;\\&quot;, line 488, in _call_with_frames_removed\\n  File \\&quot;/home/niel/git/crystal-mcp-server/src/python/generators/two_d/__init__.py\\&quot;, line 32, in &lt;module&gt;\\n    from .janus import generate_janus_tmd, JANUS_MATERIALS\\nImportError: cannot import name \'generate_janus_tmd\' from \'generators.two_d.janus\' (/home/niel/git/crystal-mcp-server/src/python/generators/two_d/janus.py). Did you mean: \'generate_janus_2d\'?&quot;},&quot;suggestions&quot;:[&quot;Check Python installation&quot;,&quot;Verify script syntax&quot;,&quot;Check for missing dependencies&quot;,&quot;Review error messages in stderr&quot;],&quot;recoverable&quot;:true,&quot;timestamp&quot;:&quot;2025-12-25T06:32:17.818Z&quot;}'.startswith&#10; +      where 'Python execution failed: {&quot;code&quot;:&quot;E6001&quot;,&quot;message&quot;:&quot;Python script execution failed: ImportError: cannot import name \'generate_janus_tmd\' from \'generators.two_d.janus\' (/home/niel/git/crystal-mcp-server/src/python/generators/two_d/janus.py). Did you mean: \'generate_janus_2d\'?&quot;,&quot;details&quot;:{&quot;scriptName&quot;:&quot;comprehensive_structures.py&quot;,&quot;error&quot;:&quot;ImportError: cannot import name \'generate_janus_tmd\' from \'generators.two_d.janus\' (/home/niel/git/crystal-mcp-server/src/python/generators/two_d/janus.py). Did you mean: \'generate_janus_2d\'?&quot;,&quot;stderr&quot;:&quot;Traceback (most recent call last):\\n  File \\&quot;/home/niel/git/crystal-mcp-server/src/python/comprehensive_structures.py\\&quot;, line 507, in &lt;module&gt;\\n    result = handle_request(input_data)\\n             ^^^^^^^^^^^^^^^^^^^^^^^^^^\\n  File \\&quot;/home/niel/git/crystal-mcp-server/src/python/comprehensive_structures.py\\&quot;, line 64, in handle_request\\n    module = importlib.import_module(module_path)\\n             ^^^^^^^^^^^^^^^^^^^^^^^^^^^^^^^^^^^^\\n  File \\&quot;/usr/lib/python3.12/importlib/__init__.py\\&quot;, line 90, in import_module\\n    return _bootstrap._gcd_import(name[level:], package, level)\\n           ^^^^^^^^^^^^^^^^^^^^^^^^^^^^^^^^^^^^^^^^^^^^^^^^^^^^\\n  File \\&quot;&lt;frozen importlib._bootstrap&gt;\\&quot;, line 1387, in _gcd_import\\n  File \\&quot;&lt;frozen importlib._bootstrap&gt;\\&quot;, line 1360, in _find_and_load\\n  File \\&quot;&lt;frozen importlib._bootstrap&gt;\\&quot;, line 1310, in _find_and_load_unlocked\\n  File \\&quot;&lt;frozen importlib._bootstrap&gt;\\&quot;, line 488, in _call_with_frames_removed\\n  File \\&quot;&lt;frozen importlib._bootstrap&gt;\\&quot;, line 1387, in _gcd_import\\n  File \\&quot;&lt;frozen importlib._bootstrap&gt;\\&quot;, line 1360, in _find_and_load\\n  File \\&quot;&lt;frozen importlib._bootstrap&gt;\\&quot;, line 1331, in _find_and_load_unlocked\\n  File \\&quot;&lt;frozen importlib._bootstrap&gt;\\&quot;, line 935, in _load_unlocked\\n  File \\&quot;&lt;frozen importlib._bootstrap_external&gt;\\&quot;, line 995, in exec_module\\n  File \\&quot;&lt;frozen importlib._bootstrap&gt;\\&quot;, line 488, in _call_with_frames_removed\\n  File \\&quot;/home/niel/git/crystal-mcp-server/src/python/generators/two_d/__init__.py\\&quot;, line 32, in &lt;module&gt;\\n    from .janus import generate_janus_tmd, JANUS_MATERIALS\\nImportError: cannot import name \'generate_janus_tmd\' from \'generators.two_d.janus\' (/home/niel/git/crystal-mcp-server/src/python/generators/two_d/janus.py). Did you mean: \'generate_janus_2d\'?&quot;},&quot;suggestions&quot;:[&quot;Check Python installation&quot;,&quot;Verify script syntax&quot;,&quot;Check for missing dependencies&quot;,&quot;Review error messages in stderr&quot;],&quot;recoverable&quot;:true,&quot;timestamp&quot;:&quot;2025-12-25T06:32:17.818Z&quot;}' = &lt;built-in method strip of str object at 0x496fe270&gt;()&#10; +        where &lt;built-in method strip of str object at 0x496fe270&gt; = 'Python execution failed: {&quot;code&quot;:&quot;E6001&quot;,&quot;message&quot;:&quot;Python script execution failed: ImportError: cannot import name \'generate_janus_tmd\' from \'generators.two_d.janus\' (/home/niel/git/crystal-mcp-server/src/python/generators/two_d/janus.py). Did you mean: \'generate_janus_2d\'?&quot;,&quot;details&quot;:{&quot;scriptName&quot;:&quot;comprehensive_structures.py&quot;,&quot;error&quot;:&quot;ImportError: cannot import name \'generate_janus_tmd\' from \'generators.two_d.janus\' (/home/niel/git/crystal-mcp-server/src/python/generators/two_d/janus.py). Did you mean: \'generate_janus_2d\'?&quot;,&quot;stderr&quot;:&quot;Traceback (most recent call last):\\n  File \\&quot;/home/niel/git/crystal-mcp-server/src/python/comprehensive_structures.py\\&quot;, line 507, in &lt;module&gt;\\n    result = handle_request(input_data)\\n             ^^^^^^^^^^^^^^^^^^^^^^^^^^\\n  File \\&quot;/home/niel/git/crystal-mcp-server/src/python/comprehensive_structures.py\\&quot;, line 64, in handle_request\\n    module = importlib.import_module(module_path)\\n             ^^^^^^^^^^^^^^^^^^^^^^^^^^^^^^^^^^^^\\n  File \\&quot;/usr/lib/python3.12/importlib/__init__.py\\&quot;, line 90, in import_module\\n    return _bootstrap._gcd_import(name[level:], package, level)\\n           ^^^^^^^^^^^^^^^^^^^^^^^^^^^^^^^^^^^^^^^^^^^^^^^^^^^^\\n  File \\&quot;&lt;frozen importlib._bootstrap&gt;\\&quot;, line 1387, in _gcd_import\\n  File \\&quot;&lt;frozen importlib._bootstrap&gt;\\&quot;, line 1360, in _find_and_load\\n  File \\&quot;&lt;frozen importlib._bootstrap&gt;\\&quot;, line 1310, in _find_and_load_unlocked\\n  File \\&quot;&lt;frozen importlib._bootstrap&gt;\\&quot;, line 488, in _call_with_frames_removed\\n  File \\&quot;&lt;frozen importlib._bootstrap&gt;\\&quot;, line 1387, in _gcd_import\\n  File \\&quot;&lt;frozen importlib._bootstrap&gt;\\&quot;, line 1360, in _find_and_load\\n  File \\&quot;&lt;frozen importlib._bootstrap&gt;\\&quot;, line 1331, in _find_and_load_unlocked\\n  File \\&quot;&lt;frozen importlib._bootstrap&gt;\\&quot;, line 935, in _load_unlocked\\n  File \\&quot;&lt;frozen importlib._bootstrap_external&gt;\\&quot;, line 995, in exec_module\\n  File \\&quot;&lt;frozen importlib._bootstrap&gt;\\&quot;, line 488, in _call_with_frames_removed\\n  File \\&quot;/home/niel/git/crystal-mcp-server/src/python/generators/two_d/__init__.py\\&quot;, line 32, in &lt;module&gt;\\n    from .janus import generate_janus_tmd, JANUS_MATERIALS\\nImportError: cannot import name \'generate_janus_tmd\' from \'generators.two_d.janus\' (/home/niel/git/crystal-mcp-server/src/python/generators/two_d/janus.py). Did you mean: \'generate_janus_2d\'?&quot;},&quot;suggestions&quot;:[&quot;Check Python installation&quot;,&quot;Verify script syntax&quot;,&quot;Check for missing dependencies&quot;,&quot;Review error messages in stderr&quot;],&quot;recoverable&quot;:true,&quot;timestamp&quot;:&quot;2025-12-25T06:32:17.818Z&quot;}'.strip">tests/testsuit/test_operation_matrix.py:333: in test_2d_material_generation
    assert text and text.strip().startswith("{"), f"Invalid response for {operation} ({material}): {text[:200] if text else 'empty'}"
E   AssertionError: Invalid response for generate_graphene (graphene): Python execution failed: {"code":"E6001","message":"Python script execution failed: ImportError: cannot import name 'generate_janus_tmd' from 'generators.two_d.janus' (/home/niel/git/crystal-mcp-serve
E   assert ('Python execution failed: {"code":"E6001","message":"Python script execution failed: ImportError: cannot import name \'generate_janus_tmd\' from \'generators.two_d.janus\' (/home/niel/git/crystal-mcp-server/src/python/generators/two_d/janus.py). Did you mean: \'generate_janus_2d\'?","details":{"scriptName":"comprehensive_structures.py","error":"ImportError: cannot import name \'generate_janus_tmd\' from \'generators.two_d.janus\' (/home/niel/git/crystal-mcp-server/src/python/generators/two_d/janus.py). Did you mean: \'generate_janus_2d\'?","stderr":"Traceback (most recent call last):\\n  File \\"/home/niel/git/crystal-mcp-server/src/python/comprehensive_structures.py\\", line 507, in &lt;module&gt;\\n    result = handle_request(input_data)\\n             ^^^^^^^^^^^^^^^^^^^^^^^^^^\\n  File \\"/home/niel/git/crystal-mcp-server/src/python/comprehensive_structures.py\\", line 64, in handle_request\\n    module = importlib.import_module(module_path)\\n             ^^^^^^^^^^^^^^^^^^^^^^^^^^^^^^^^^^^^\\n  File \\"/usr/lib/python3.12/importlib/__init__.py\\", line 90, in import_module\\n    return _bootstrap._gcd_import(name[level:], package, level)\\n           ^^^^^^^^^^^^^^^^^^^^^^^^^^^^^^^^^^^^^^^^^^^^^^^^^^^^\\n  File \\"&lt;frozen importlib._bootstrap&gt;\\", line 1387, in _gcd_import\\n  File \\"&lt;frozen importlib._bootstrap&gt;\\", line 1360, in _find_and_load\\n  File \\"&lt;frozen importlib._bootstrap&gt;\\", line 1310, in _find_and_load_unlocked\\n  File \\"&lt;frozen importlib._bootstrap&gt;\\", line 488, in _call_with_frames_removed\\n  File \\"&lt;frozen importlib._bootstrap&gt;\\", line 1387, in _gcd_import\\n  File \\"&lt;frozen importlib._bootstrap&gt;\\", line 1360, in _find_and_load\\n  File \\"&lt;frozen importlib._bootstrap&gt;\\", line 1331, in _find_and_load_unlocked\\n  File \\"&lt;frozen importlib._bootstrap&gt;\\", line 935, in _load_unlocked\\n  File \\"&lt;frozen importlib._bootstrap_external&gt;\\", line 995, in exec_module\\n  File \\"&lt;frozen importlib._bootstrap&gt;\\", line 488, in _call_with_frames_removed\\n  File \\"/home/niel/git/crystal-mcp-server/src/python/generators/two_d/__init__.py\\", line 32, in &lt;module&gt;\\n    from .janus import generate_janus_tmd, JANUS_MATERIALS\\nImportError: cannot import name \'generate_janus_tmd\' from \'generators.two_d.janus\' (/home/niel/git/crystal-mcp-server/src/python/generators/two_d/janus.py). Did you mean: \'generate_janus_2d\'?"},"suggestions":["Check Python installation","Verify script syntax","Check for missing dependencies","Review error messages in stderr"],"recoverable":true,"timestamp":"2025-12-25T06:32:17.818Z"}' and False)
E    +  where False = &lt;built-in method startswith of str object at 0x496fe270&gt;('{')
E    +    where &lt;built-in method startswith of str object at 0x496fe270&gt; = 'Python execution failed: {"code":"E6001","message":"Python script execution failed: ImportError: cannot import name \'generate_janus_tmd\' from \'generators.two_d.janus\' (/home/niel/git/crystal-mcp-server/src/python/generators/two_d/janus.py). Did you mean: \'generate_janus_2d\'?","details":{"scriptName":"comprehensive_structures.py","error":"ImportError: cannot import name \'generate_janus_tmd\' from \'generators.two_d.janus\' (/home/niel/git/crystal-mcp-server/src/python/generators/two_d/janus.py). Did you mean: \'generate_janus_2d\'?","stderr":"Traceback (most recent call last):\\n  File \\"/home/niel/git/crystal-mcp-server/src/python/comprehensive_structures.py\\", line 507, in &lt;module&gt;\\n    result = handle_request(input_data)\\n             ^^^^^^^^^^^^^^^^^^^^^^^^^^\\n  File \\"/home/niel/git/crystal-mcp-server/src/python/comprehensive_structures.py\\", line 64, in handle_request\\n    module = importlib.import_module(module_path)\\n             ^^^^^^^^^^^^^^^^^^^^^^^^^^^^^^^^^^^^\\n  File \\"/usr/lib/python3.12/importlib/__init__.py\\", line 90, in import_module\\n    return _bootstrap._gcd_import(name[level:], package, level)\\n           ^^^^^^^^^^^^^^^^^^^^^^^^^^^^^^^^^^^^^^^^^^^^^^^^^^^^\\n  File \\"&lt;frozen importlib._bootstrap&gt;\\", line 1387, in _gcd_import\\n  File \\"&lt;frozen importlib._bootstrap&gt;\\", line 1360, in _find_and_load\\n  File \\"&lt;frozen importlib._bootstrap&gt;\\", line 1310, in _find_and_load_unlocked\\n  File \\"&lt;frozen importlib._bootstrap&gt;\\", line 488, in _call_with_frames_removed\\n  File \\"&lt;frozen importlib._bootstrap&gt;\\", line 1387, in _gcd_import\\n  File \\"&lt;frozen importlib._bootstrap&gt;\\", line 1360, in _find_and_load\\n  File \\"&lt;frozen importlib._bootstrap&gt;\\", line 1331, in _find_and_load_unlocked\\n  File \\"&lt;frozen importlib._bootstrap&gt;\\", line 935, in _load_unlocked\\n  File \\"&lt;frozen importlib._bootstrap_external&gt;\\", line 995, in exec_module\\n  File \\"&lt;frozen importlib._bootstrap&gt;\\", line 488, in _call_with_frames_removed\\n  File \\"/home/niel/git/crystal-mcp-server/src/python/generators/two_d/__init__.py\\", line 32, in &lt;module&gt;\\n    from .janus import generate_janus_tmd, JANUS_MATERIALS\\nImportError: cannot import name \'generate_janus_tmd\' from \'generators.two_d.janus\' (/home/niel/git/crystal-mcp-server/src/python/generators/two_d/janus.py). Did you mean: \'generate_janus_2d\'?"},"suggestions":["Check Python installation","Verify script syntax","Check for missing dependencies","Review error messages in stderr"],"recoverable":true,"timestamp":"2025-12-25T06:32:17.818Z"}'.startswith
E    +      where 'Python execution failed: {"code":"E6001","message":"Python script execution failed: ImportError: cannot import name \'generate_janus_tmd\' from \'generators.two_d.janus\' (/home/niel/git/crystal-mcp-server/src/python/generators/two_d/janus.py). Did you mean: \'generate_janus_2d\'?","details":{"scriptName":"comprehensive_structures.py","error":"ImportError: cannot import name \'generate_janus_tmd\' from \'generators.two_d.janus\' (/home/niel/git/crystal-mcp-server/src/python/generators/two_d/janus.py). Did you mean: \'generate_janus_2d\'?","stderr":"Traceback (most recent call last):\\n  File \\"/home/niel/git/crystal-mcp-server/src/python/comprehensive_structures.py\\", line 507, in &lt;module&gt;\\n    result = handle_request(input_data)\\n             ^^^^^^^^^^^^^^^^^^^^^^^^^^\\n  File \\"/home/niel/git/crystal-mcp-server/src/python/comprehensive_structures.py\\", line 64, in handle_request\\n    module = importlib.import_module(module_path)\\n             ^^^^^^^^^^^^^^^^^^^^^^^^^^^^^^^^^^^^\\n  File \\"/usr/lib/python3.12/importlib/__init__.py\\", line 90, in import_module\\n    return _bootstrap._gcd_import(name[level:], package, level)\\n           ^^^^^^^^^^^^^^^^^^^^^^^^^^^^^^^^^^^^^^^^^^^^^^^^^^^^\\n  File \\"&lt;frozen importlib._bootstrap&gt;\\", line 1387, in _gcd_import\\n  File \\"&lt;frozen importlib._bootstrap&gt;\\", line 1360, in _find_and_load\\n  File \\"&lt;frozen importlib._bootstrap&gt;\\", line 1310, in _find_and_load_unlocked\\n  File \\"&lt;frozen importlib._bootstrap&gt;\\", line 488, in _call_with_frames_removed\\n  File \\"&lt;frozen importlib._bootstrap&gt;\\", line 1387, in _gcd_import\\n  File \\"&lt;frozen importlib._bootstrap&gt;\\", line 1360, in _find_and_load\\n  File \\"&lt;frozen importlib._bootstrap&gt;\\", line 1331, in _find_and_load_unlocked\\n  File \\"&lt;frozen importlib._bootstrap&gt;\\", line 935, in _load_unlocked\\n  File \\"&lt;frozen importlib._bootstrap_external&gt;\\", line 995, in exec_module\\n  File \\"&lt;frozen importlib._bootstrap&gt;\\", line 488, in _call_with_frames_removed\\n  File \\"/home/niel/git/crystal-mcp-server/src/python/generators/two_d/__init__.py\\", line 32, in &lt;module&gt;\\n    from .janus import generate_janus_tmd, JANUS_MATERIALS\\nImportError: cannot import name \'generate_janus_tmd\' from \'generators.two_d.janus\' (/home/niel/git/crystal-mcp-server/src/python/generators/two_d/janus.py). Did you mean: \'generate_janus_2d\'?"},"suggestions":["Check Python installation","Verify script syntax","Check for missing dependencies","Review error messages in stderr"],"recoverable":true,"timestamp":"2025-12-25T06:32:17.818Z"}' = &lt;built-in method strip of str object at 0x496fe270&gt;()
E    +        where &lt;built-in method strip of str object at 0x496fe270&gt; = 'Python execution failed: {"code":"E6001","message":"Python script execution failed: ImportError: cannot import name \'generate_janus_tmd\' from \'generators.two_d.janus\' (/home/niel/git/crystal-mcp-server/src/python/generators/two_d/janus.py). Did you mean: \'generate_janus_2d\'?","details":{"scriptName":"comprehensive_structures.py","error":"ImportError: cannot import name \'generate_janus_tmd\' from \'generators.two_d.janus\' (/home/niel/git/crystal-mcp-server/src/python/generators/two_d/janus.py). Did you mean: \'generate_janus_2d\'?","stderr":"Traceback (most recent call last):\\n  File \\"/home/niel/git/crystal-mcp-server/src/python/comprehensive_structures.py\\", line 507, in &lt;module&gt;\\n    result = handle_request(input_data)\\n             ^^^^^^^^^^^^^^^^^^^^^^^^^^\\n  File \\"/home/niel/git/crystal-mcp-server/src/python/comprehensive_structures.py\\", line 64, in handle_request\\n    module = importlib.import_module(module_path)\\n             ^^^^^^^^^^^^^^^^^^^^^^^^^^^^^^^^^^^^\\n  File \\"/usr/lib/python3.12/importlib/__init__.py\\", line 90, in import_module\\n    return _bootstrap._gcd_import(name[level:], package, level)\\n           ^^^^^^^^^^^^^^^^^^^^^^^^^^^^^^^^^^^^^^^^^^^^^^^^^^^^\\n  File \\"&lt;frozen importlib._bootstrap&gt;\\", line 1387, in _gcd_import\\n  File \\"&lt;frozen importlib._bootstrap&gt;\\", line 1360, in _find_and_load\\n  File \\"&lt;frozen importlib._bootstrap&gt;\\", line 1310, in _find_and_load_unlocked\\n  File \\"&lt;frozen importlib._bootstrap&gt;\\", line 488, in _call_with_frames_removed\\n  File \\"&lt;frozen importlib._bootstrap&gt;\\", line 1387, in _gcd_import\\n  File \\"&lt;frozen importlib._bootstrap&gt;\\", line 1360, in _find_and_load\\n  File \\"&lt;frozen importlib._bootstrap&gt;\\", line 1331, in _find_and_load_unlocked\\n  File \\"&lt;frozen importlib._bootstrap&gt;\\", line 935, in _load_unlocked\\n  File \\"&lt;frozen importlib._bootstrap_external&gt;\\", line 995, in exec_module\\n  File \\"&lt;frozen importlib._bootstrap&gt;\\", line 488, in _call_with_frames_removed\\n  File \\"/home/niel/git/crystal-mcp-server/src/python/generators/two_d/__init__.py\\", line 32, in &lt;module&gt;\\n    from .janus import generate_janus_tmd, JANUS_MATERIALS\\nImportError: cannot import name \'generate_janus_tmd\' from \'generators.two_d.janus\' (/home/niel/git/crystal-mcp-server/src/python/generators/two_d/janus.py). Did you mean: \'generate_janus_2d\'?"},"suggestions":["Check Python installation","Verify script syntax","Check for missing dependencies","Review error messages in stderr"],"recoverable":true,"timestamp":"2025-12-25T06:32:17.818Z"}'.strip</failure></testcase><testcase classname="test_operation_matrix.Test2DMaterials" name="test_2d_material_generation[hBN]" time="2.010"><failure message="AssertionError: Invalid response for generate_xene (hBN): Python execution failed: {&quot;code&quot;:&quot;E6001&quot;,&quot;message&quot;:&quot;Python script execution failed: ImportError: cannot import name 'generate_janus_tmd' from 'generators.two_d.janus' (/home/niel/git/crystal-mcp-serve&#10;assert ('Python execution failed: {&quot;code&quot;:&quot;E6001&quot;,&quot;message&quot;:&quot;Python script execution failed: ImportError: cannot import name \'generate_janus_tmd\' from \'generators.two_d.janus\' (/home/niel/git/crystal-mcp-server/src/python/generators/two_d/janus.py). Did you mean: \'generate_janus_2d\'?&quot;,&quot;details&quot;:{&quot;scriptName&quot;:&quot;comprehensive_structures.py&quot;,&quot;error&quot;:&quot;ImportError: cannot import name \'generate_janus_tmd\' from \'generators.two_d.janus\' (/home/niel/git/crystal-mcp-server/src/python/generators/two_d/janus.py). Did you mean: \'generate_janus_2d\'?&quot;,&quot;stderr&quot;:&quot;Traceback (most recent call last):\\n  File \\&quot;/home/niel/git/crystal-mcp-server/src/python/comprehensive_structures.py\\&quot;, line 507, in &lt;module&gt;\\n    result = handle_request(input_data)\\n             ^^^^^^^^^^^^^^^^^^^^^^^^^^\\n  File \\&quot;/home/niel/git/crystal-mcp-server/src/python/comprehensive_structures.py\\&quot;, line 64, in handle_request\\n    module = importlib.import_module(module_path)\\n             ^^^^^^^^^^^^^^^^^^^^^^^^^^^^^^^^^^^^\\n  File \\&quot;/usr/lib/python3.12/importlib/__init__.py\\&quot;, line 90, in import_module\\n    return _bootstrap._gcd_import(name[level:], package, level)\\n           ^^^^^^^^^^^^^^^^^^^^^^^^^^^^^^^^^^^^^^^^^^^^^^^^^^^^\\n  File \\&quot;&lt;frozen importlib._bootstrap&gt;\\&quot;, line 1387, in _gcd_import\\n  File \\&quot;&lt;frozen importlib._bootstrap&gt;\\&quot;, line 1360, in _find_and_load\\n  File \\&quot;&lt;frozen importlib._bootstrap&gt;\\&quot;, line 1310, in _find_and_load_unlocked\\n  File \\&quot;&lt;frozen importlib._bootstrap&gt;\\&quot;, line 488, in _call_with_frames_removed\\n  File \\&quot;&lt;frozen importlib._bootstrap&gt;\\&quot;, line 1387, in _gcd_import\\n  File \\&quot;&lt;frozen importlib._bootstrap&gt;\\&quot;, line 1360, in _find_and_load\\n  File \\&quot;&lt;frozen importlib._bootstrap&gt;\\&quot;, line 1331, in _find_and_load_unlocked\\n  File \\&quot;&lt;frozen importlib._bootstrap&gt;\\&quot;, line 935, in _load_unlocked\\n  File \\&quot;&lt;frozen importlib._bootstrap_external&gt;\\&quot;, line 995, in exec_module\\n  File \\&quot;&lt;frozen importlib._bootstrap&gt;\\&quot;, line 488, in _call_with_frames_removed\\n  File \\&quot;/home/niel/git/crystal-mcp-server/src/python/generators/two_d/__init__.py\\&quot;, line 32, in &lt;module&gt;\\n    from .janus import generate_janus_tmd, JANUS_MATERIALS\\nImportError: cannot import name \'generate_janus_tmd\' from \'generators.two_d.janus\' (/home/niel/git/crystal-mcp-server/src/python/generators/two_d/janus.py). Did you mean: \'generate_janus_2d\'?&quot;},&quot;suggestions&quot;:[&quot;Check Python installation&quot;,&quot;Verify script syntax&quot;,&quot;Check for missing dependencies&quot;,&quot;Review error messages in stderr&quot;],&quot;recoverable&quot;:true,&quot;timestamp&quot;:&quot;2025-12-25T06:32:19.841Z&quot;}' and False)&#10; +  where False = &lt;built-in method startswith of str object at 0x497241d0&gt;('{')&#10; +    where &lt;built-in method startswith of str object at 0x497241d0&gt; = 'Python execution failed: {&quot;code&quot;:&quot;E6001&quot;,&quot;message&quot;:&quot;Python script execution failed: ImportError: cannot import name \'generate_janus_tmd\' from \'generators.two_d.janus\' (/home/niel/git/crystal-mcp-server/src/python/generators/two_d/janus.py). Did you mean: \'generate_janus_2d\'?&quot;,&quot;details&quot;:{&quot;scriptName&quot;:&quot;comprehensive_structures.py&quot;,&quot;error&quot;:&quot;ImportError: cannot import name \'generate_janus_tmd\' from \'generators.two_d.janus\' (/home/niel/git/crystal-mcp-server/src/python/generators/two_d/janus.py). Did you mean: \'generate_janus_2d\'?&quot;,&quot;stderr&quot;:&quot;Traceback (most recent call last):\\n  File \\&quot;/home/niel/git/crystal-mcp-server/src/python/comprehensive_structures.py\\&quot;, line 507, in &lt;module&gt;\\n    result = handle_request(input_data)\\n             ^^^^^^^^^^^^^^^^^^^^^^^^^^\\n  File \\&quot;/home/niel/git/crystal-mcp-server/src/python/comprehensive_structures.py\\&quot;, line 64, in handle_request\\n    module = importlib.import_module(module_path)\\n             ^^^^^^^^^^^^^^^^^^^^^^^^^^^^^^^^^^^^\\n  File \\&quot;/usr/lib/python3.12/importlib/__init__.py\\&quot;, line 90, in import_module\\n    return _bootstrap._gcd_import(name[level:], package, level)\\n           ^^^^^^^^^^^^^^^^^^^^^^^^^^^^^^^^^^^^^^^^^^^^^^^^^^^^\\n  File \\&quot;&lt;frozen importlib._bootstrap&gt;\\&quot;, line 1387, in _gcd_import\\n  File \\&quot;&lt;frozen importlib._bootstrap&gt;\\&quot;, line 1360, in _find_and_load\\n  File \\&quot;&lt;frozen importlib._bootstrap&gt;\\&quot;, line 1310, in _find_and_load_unlocked\\n  File \\&quot;&lt;frozen importlib._bootstrap&gt;\\&quot;, line 488, in _call_with_frames_removed\\n  File \\&quot;&lt;frozen importlib._bootstrap&gt;\\&quot;, line 1387, in _gcd_import\\n  File \\&quot;&lt;frozen importlib._bootstrap&gt;\\&quot;, line 1360, in _find_and_load\\n  File \\&quot;&lt;frozen importlib._bootstrap&gt;\\&quot;, line 1331, in _find_and_load_unlocked\\n  File \\&quot;&lt;frozen importlib._bootstrap&gt;\\&quot;, line 935, in _load_unlocked\\n  File \\&quot;&lt;frozen importlib._bootstrap_external&gt;\\&quot;, line 995, in exec_module\\n  File \\&quot;&lt;frozen importlib._bootstrap&gt;\\&quot;, line 488, in _call_with_frames_removed\\n  File \\&quot;/home/niel/git/crystal-mcp-server/src/python/generators/two_d/__init__.py\\&quot;, line 32, in &lt;module&gt;\\n    from .janus import generate_janus_tmd, JANUS_MATERIALS\\nImportError: cannot import name \'generate_janus_tmd\' from \'generators.two_d.janus\' (/home/niel/git/crystal-mcp-server/src/python/generators/two_d/janus.py). Did you mean: \'generate_janus_2d\'?&quot;},&quot;suggestions&quot;:[&quot;Check Python installation&quot;,&quot;Verify script syntax&quot;,&quot;Check for missing dependencies&quot;,&quot;Review error messages in stderr&quot;],&quot;recoverable&quot;:true,&quot;timestamp&quot;:&quot;2025-12-25T06:32:19.841Z&quot;}'.startswith&#10; +      where 'Python execution failed: {&quot;code&quot;:&quot;E6001&quot;,&quot;message&quot;:&quot;Python script execution failed: ImportError: cannot import name \'generate_janus_tmd\' from \'generators.two_d.janus\' (/home/niel/git/crystal-mcp-server/src/python/generators/two_d/janus.py). Did you mean: \'generate_janus_2d\'?&quot;,&quot;details&quot;:{&quot;scriptName&quot;:&quot;comprehensive_structures.py&quot;,&quot;error&quot;:&quot;ImportError: cannot import name \'generate_janus_tmd\' from \'generators.two_d.janus\' (/home/niel/git/crystal-mcp-server/src/python/generators/two_d/janus.py). Did you mean: \'generate_janus_2d\'?&quot;,&quot;stderr&quot;:&quot;Traceback (most recent call last):\\n  File \\&quot;/home/niel/git/crystal-mcp-server/src/python/comprehensive_structures.py\\&quot;, line 507, in &lt;module&gt;\\n    result = handle_request(input_data)\\n             ^^^^^^^^^^^^^^^^^^^^^^^^^^\\n  File \\&quot;/home/niel/git/crystal-mcp-server/src/python/comprehensive_structures.py\\&quot;, line 64, in handle_request\\n    module = importlib.import_module(module_path)\\n             ^^^^^^^^^^^^^^^^^^^^^^^^^^^^^^^^^^^^\\n  File \\&quot;/usr/lib/python3.12/importlib/__init__.py\\&quot;, line 90, in import_module\\n    return _bootstrap._gcd_import(name[level:], package, level)\\n           ^^^^^^^^^^^^^^^^^^^^^^^^^^^^^^^^^^^^^^^^^^^^^^^^^^^^\\n  File \\&quot;&lt;frozen importlib._bootstrap&gt;\\&quot;, line 1387, in _gcd_import\\n  File \\&quot;&lt;frozen importlib._bootstrap&gt;\\&quot;, line 1360, in _find_and_load\\n  File \\&quot;&lt;frozen importlib._bootstrap&gt;\\&quot;, line 1310, in _find_and_load_unlocked\\n  File \\&quot;&lt;frozen importlib._bootstrap&gt;\\&quot;, line 488, in _call_with_frames_removed\\n  File \\&quot;&lt;frozen importlib._bootstrap&gt;\\&quot;, line 1387, in _gcd_import\\n  File \\&quot;&lt;frozen importlib._bootstrap&gt;\\&quot;, line 1360, in _find_and_load\\n  File \\&quot;&lt;frozen importlib._bootstrap&gt;\\&quot;, line 1331, in _find_and_load_unlocked\\n  File \\&quot;&lt;frozen importlib._bootstrap&gt;\\&quot;, line 935, in _load_unlocked\\n  File \\&quot;&lt;frozen importlib._bootstrap_external&gt;\\&quot;, line 995, in exec_module\\n  File \\&quot;&lt;frozen importlib._bootstrap&gt;\\&quot;, line 488, in _call_with_frames_removed\\n  File \\&quot;/home/niel/git/crystal-mcp-server/src/python/generators/two_d/__init__.py\\&quot;, line 32, in &lt;module&gt;\\n    from .janus import generate_janus_tmd, JANUS_MATERIALS\\nImportError: cannot import name \'generate_janus_tmd\' from \'generators.two_d.janus\' (/home/niel/git/crystal-mcp-server/src/python/generators/two_d/janus.py). Did you mean: \'generate_janus_2d\'?&quot;},&quot;suggestions&quot;:[&quot;Check Python installation&quot;,&quot;Verify script syntax&quot;,&quot;Check for missing dependencies&quot;,&quot;Review error messages in stderr&quot;],&quot;recoverable&quot;:true,&quot;timestamp&quot;:&quot;2025-12-25T06:32:19.841Z&quot;}' = &lt;built-in method strip of str object at 0x497241d0&gt;()&#10; +        where &lt;built-in method strip of str object at 0x497241d0&gt; = 'Python execution failed: {&quot;code&quot;:&quot;E6001&quot;,&quot;message&quot;:&quot;Python script execution failed: ImportError: cannot import name \'generate_janus_tmd\' from \'generators.two_d.janus\' (/home/niel/git/crystal-mcp-server/src/python/generators/two_d/janus.py). Did you mean: \'generate_janus_2d\'?&quot;,&quot;details&quot;:{&quot;scriptName&quot;:&quot;comprehensive_structures.py&quot;,&quot;error&quot;:&quot;ImportError: cannot import name \'generate_janus_tmd\' from \'generators.two_d.janus\' (/home/niel/git/crystal-mcp-server/src/python/generators/two_d/janus.py). Did you mean: \'generate_janus_2d\'?&quot;,&quot;stderr&quot;:&quot;Traceback (most recent call last):\\n  File \\&quot;/home/niel/git/crystal-mcp-server/src/python/comprehensive_structures.py\\&quot;, line 507, in &lt;module&gt;\\n    result = handle_request(input_data)\\n             ^^^^^^^^^^^^^^^^^^^^^^^^^^\\n  File \\&quot;/home/niel/git/crystal-mcp-server/src/python/comprehensive_structures.py\\&quot;, line 64, in handle_request\\n    module = importlib.import_module(module_path)\\n             ^^^^^^^^^^^^^^^^^^^^^^^^^^^^^^^^^^^^\\n  File \\&quot;/usr/lib/python3.12/importlib/__init__.py\\&quot;, line 90, in import_module\\n    return _bootstrap._gcd_import(name[level:], package, level)\\n           ^^^^^^^^^^^^^^^^^^^^^^^^^^^^^^^^^^^^^^^^^^^^^^^^^^^^\\n  File \\&quot;&lt;frozen importlib._bootstrap&gt;\\&quot;, line 1387, in _gcd_import\\n  File \\&quot;&lt;frozen importlib._bootstrap&gt;\\&quot;, line 1360, in _find_and_load\\n  File \\&quot;&lt;frozen importlib._bootstrap&gt;\\&quot;, line 1310, in _find_and_load_unlocked\\n  File \\&quot;&lt;frozen importlib._bootstrap&gt;\\&quot;, line 488, in _call_with_frames_removed\\n  File \\&quot;&lt;frozen importlib._bootstrap&gt;\\&quot;, line 1387, in _gcd_import\\n  File \\&quot;&lt;frozen importlib._bootstrap&gt;\\&quot;, line 1360, in _find_and_load\\n  File \\&quot;&lt;frozen importlib._bootstrap&gt;\\&quot;, line 1331, in _find_and_load_unlocked\\n  File \\&quot;&lt;frozen importlib._bootstrap&gt;\\&quot;, line 935, in _load_unlocked\\n  File \\&quot;&lt;frozen importlib._bootstrap_external&gt;\\&quot;, line 995, in exec_module\\n  File \\&quot;&lt;frozen importlib._bootstrap&gt;\\&quot;, line 488, in _call_with_frames_removed\\n  File \\&quot;/home/niel/git/crystal-mcp-server/src/python/generators/two_d/__init__.py\\&quot;, line 32, in &lt;module&gt;\\n    from .janus import generate_janus_tmd, JANUS_MATERIALS\\nImportError: cannot import name \'generate_janus_tmd\' from \'generators.two_d.janus\' (/home/niel/git/crystal-mcp-server/src/python/generators/two_d/janus.py). Did you mean: \'generate_janus_2d\'?&quot;},&quot;suggestions&quot;:[&quot;Check Python installation&quot;,&quot;Verify script syntax&quot;,&quot;Check for missing dependencies&quot;,&quot;Review error messages in stderr&quot;],&quot;recoverable&quot;:true,&quot;timestamp&quot;:&quot;2025-12-25T06:32:19.841Z&quot;}'.strip">tests/testsuit/test_operation_matrix.py:333: in test_2d_material_generation
    assert text and text.strip().startswith("{"), f"Invalid response for {operation} ({material}): {text[:200] if text else 'empty'}"
E   AssertionError: Invalid response for generate_xene (hBN): Python execution failed: {"code":"E6001","message":"Python script execution failed: ImportError: cannot import name 'generate_janus_tmd' from 'generators.two_d.janus' (/home/niel/git/crystal-mcp-serve
E   assert ('Python execution failed: {"code":"E6001","message":"Python script execution failed: ImportError: cannot import name \'generate_janus_tmd\' from \'generators.two_d.janus\' (/home/niel/git/crystal-mcp-server/src/python/generators/two_d/janus.py). Did you mean: \'generate_janus_2d\'?","details":{"scriptName":"comprehensive_structures.py","error":"ImportError: cannot import name \'generate_janus_tmd\' from \'generators.two_d.janus\' (/home/niel/git/crystal-mcp-server/src/python/generators/two_d/janus.py). Did you mean: \'generate_janus_2d\'?","stderr":"Traceback (most recent call last):\\n  File \\"/home/niel/git/crystal-mcp-server/src/python/comprehensive_structures.py\\", line 507, in &lt;module&gt;\\n    result = handle_request(input_data)\\n             ^^^^^^^^^^^^^^^^^^^^^^^^^^\\n  File \\"/home/niel/git/crystal-mcp-server/src/python/comprehensive_structures.py\\", line 64, in handle_request\\n    module = importlib.import_module(module_path)\\n             ^^^^^^^^^^^^^^^^^^^^^^^^^^^^^^^^^^^^\\n  File \\"/usr/lib/python3.12/importlib/__init__.py\\", line 90, in import_module\\n    return _bootstrap._gcd_import(name[level:], package, level)\\n           ^^^^^^^^^^^^^^^^^^^^^^^^^^^^^^^^^^^^^^^^^^^^^^^^^^^^\\n  File \\"&lt;frozen importlib._bootstrap&gt;\\", line 1387, in _gcd_import\\n  File \\"&lt;frozen importlib._bootstrap&gt;\\", line 1360, in _find_and_load\\n  File \\"&lt;frozen importlib._bootstrap&gt;\\", line 1310, in _find_and_load_unlocked\\n  File \\"&lt;frozen importlib._bootstrap&gt;\\", line 488, in _call_with_frames_removed\\n  File \\"&lt;frozen importlib._bootstrap&gt;\\", line 1387, in _gcd_import\\n  File \\"&lt;frozen importlib._bootstrap&gt;\\", line 1360, in _find_and_load\\n  File \\"&lt;frozen importlib._bootstrap&gt;\\", line 1331, in _find_and_load_unlocked\\n  File \\"&lt;frozen importlib._bootstrap&gt;\\", line 935, in _load_unlocked\\n  File \\"&lt;frozen importlib._bootstrap_external&gt;\\", line 995, in exec_module\\n  File \\"&lt;frozen importlib._bootstrap&gt;\\", line 488, in _call_with_frames_removed\\n  File \\"/home/niel/git/crystal-mcp-server/src/python/generators/two_d/__init__.py\\", line 32, in &lt;module&gt;\\n    from .janus import generate_janus_tmd, JANUS_MATERIALS\\nImportError: cannot import name \'generate_janus_tmd\' from \'generators.two_d.janus\' (/home/niel/git/crystal-mcp-server/src/python/generators/two_d/janus.py). Did you mean: \'generate_janus_2d\'?"},"suggestions":["Check Python installation","Verify script syntax","Check for missing dependencies","Review error messages in stderr"],"recoverable":true,"timestamp":"2025-12-25T06:32:19.841Z"}' and False)
E    +  where False = &lt;built-in method startswith of str object at 0x497241d0&gt;('{')
E    +    where &lt;built-in method startswith of str object at 0x497241d0&gt; = 'Python execution failed: {"code":"E6001","message":"Python script execution failed: ImportError: cannot import name \'generate_janus_tmd\' from \'generators.two_d.janus\' (/home/niel/git/crystal-mcp-server/src/python/generators/two_d/janus.py). Did you mean: \'generate_janus_2d\'?","details":{"scriptName":"comprehensive_structures.py","error":"ImportError: cannot import name \'generate_janus_tmd\' from \'generators.two_d.janus\' (/home/niel/git/crystal-mcp-server/src/python/generators/two_d/janus.py). Did you mean: \'generate_janus_2d\'?","stderr":"Traceback (most recent call last):\\n  File \\"/home/niel/git/crystal-mcp-server/src/python/comprehensive_structures.py\\", line 507, in &lt;module&gt;\\n    result = handle_request(input_data)\\n             ^^^^^^^^^^^^^^^^^^^^^^^^^^\\n  File \\"/home/niel/git/crystal-mcp-server/src/python/comprehensive_structures.py\\", line 64, in handle_request\\n    module = importlib.import_module(module_path)\\n             ^^^^^^^^^^^^^^^^^^^^^^^^^^^^^^^^^^^^\\n  File \\"/usr/lib/python3.12/importlib/__init__.py\\", line 90, in import_module\\n    return _bootstrap._gcd_import(name[level:], package, level)\\n           ^^^^^^^^^^^^^^^^^^^^^^^^^^^^^^^^^^^^^^^^^^^^^^^^^^^^\\n  File \\"&lt;frozen importlib._bootstrap&gt;\\", line 1387, in _gcd_import\\n  File \\"&lt;frozen importlib._bootstrap&gt;\\", line 1360, in _find_and_load\\n  File \\"&lt;frozen importlib._bootstrap&gt;\\", line 1310, in _find_and_load_unlocked\\n  File \\"&lt;frozen importlib._bootstrap&gt;\\", line 488, in _call_with_frames_removed\\n  File \\"&lt;frozen importlib._bootstrap&gt;\\", line 1387, in _gcd_import\\n  File \\"&lt;frozen importlib._bootstrap&gt;\\", line 1360, in _find_and_load\\n  File \\"&lt;frozen importlib._bootstrap&gt;\\", line 1331, in _find_and_load_unlocked\\n  File \\"&lt;frozen importlib._bootstrap&gt;\\", line 935, in _load_unlocked\\n  File \\"&lt;frozen importlib._bootstrap_external&gt;\\", line 995, in exec_module\\n  File \\"&lt;frozen importlib._bootstrap&gt;\\", line 488, in _call_with_frames_removed\\n  File \\"/home/niel/git/crystal-mcp-server/src/python/generators/two_d/__init__.py\\", line 32, in &lt;module&gt;\\n    from .janus import generate_janus_tmd, JANUS_MATERIALS\\nImportError: cannot import name \'generate_janus_tmd\' from \'generators.two_d.janus\' (/home/niel/git/crystal-mcp-server/src/python/generators/two_d/janus.py). Did you mean: \'generate_janus_2d\'?"},"suggestions":["Check Python installation","Verify script syntax","Check for missing dependencies","Review error messages in stderr"],"recoverable":true,"timestamp":"2025-12-25T06:32:19.841Z"}'.startswith
E    +      where 'Python execution failed: {"code":"E6001","message":"Python script execution failed: ImportError: cannot import name \'generate_janus_tmd\' from \'generators.two_d.janus\' (/home/niel/git/crystal-mcp-server/src/python/generators/two_d/janus.py). Did you mean: \'generate_janus_2d\'?","details":{"scriptName":"comprehensive_structures.py","error":"ImportError: cannot import name \'generate_janus_tmd\' from \'generators.two_d.janus\' (/home/niel/git/crystal-mcp-server/src/python/generators/two_d/janus.py). Did you mean: \'generate_janus_2d\'?","stderr":"Traceback (most recent call last):\\n  File \\"/home/niel/git/crystal-mcp-server/src/python/comprehensive_structures.py\\", line 507, in &lt;module&gt;\\n    result = handle_request(input_data)\\n             ^^^^^^^^^^^^^^^^^^^^^^^^^^\\n  File \\"/home/niel/git/crystal-mcp-server/src/python/comprehensive_structures.py\\", line 64, in handle_request\\n    module = importlib.import_module(module_path)\\n             ^^^^^^^^^^^^^^^^^^^^^^^^^^^^^^^^^^^^\\n  File \\"/usr/lib/python3.12/importlib/__init__.py\\", line 90, in import_module\\n    return _bootstrap._gcd_import(name[level:], package, level)\\n           ^^^^^^^^^^^^^^^^^^^^^^^^^^^^^^^^^^^^^^^^^^^^^^^^^^^^\\n  File \\"&lt;frozen importlib._bootstrap&gt;\\", line 1387, in _gcd_import\\n  File \\"&lt;frozen importlib._bootstrap&gt;\\", line 1360, in _find_and_load\\n  File \\"&lt;frozen importlib._bootstrap&gt;\\", line 1310, in _find_and_load_unlocked\\n  File \\"&lt;frozen importlib._bootstrap&gt;\\", line 488, in _call_with_frames_removed\\n  File \\"&lt;frozen importlib._bootstrap&gt;\\", line 1387, in _gcd_import\\n  File \\"&lt;frozen importlib._bootstrap&gt;\\", line 1360, in _find_and_load\\n  File \\"&lt;frozen importlib._bootstrap&gt;\\", line 1331, in _find_and_load_unlocked\\n  File \\"&lt;frozen importlib._bootstrap&gt;\\", line 935, in _load_unlocked\\n  File \\"&lt;frozen importlib._bootstrap_external&gt;\\", line 995, in exec_module\\n  File \\"&lt;frozen importlib._bootstrap&gt;\\", line 488, in _call_with_frames_removed\\n  File \\"/home/niel/git/crystal-mcp-server/src/python/generators/two_d/__init__.py\\", line 32, in &lt;module&gt;\\n    from .janus import generate_janus_tmd, JANUS_MATERIALS\\nImportError: cannot import name \'generate_janus_tmd\' from \'generators.two_d.janus\' (/home/niel/git/crystal-mcp-server/src/python/generators/two_d/janus.py). Did you mean: \'generate_janus_2d\'?"},"suggestions":["Check Python installation","Verify script syntax","Check for missing dependencies","Review error messages in stderr"],"recoverable":true,"timestamp":"2025-12-25T06:32:19.841Z"}' = &lt;built-in method strip of str object at 0x497241d0&gt;()
E    +        where &lt;built-in method strip of str object at 0x497241d0&gt; = 'Python execution failed: {"code":"E6001","message":"Python script execution failed: ImportError: cannot import name \'generate_janus_tmd\' from \'generators.two_d.janus\' (/home/niel/git/crystal-mcp-server/src/python/generators/two_d/janus.py). Did you mean: \'generate_janus_2d\'?","details":{"scriptName":"comprehensive_structures.py","error":"ImportError: cannot import name \'generate_janus_tmd\' from \'generators.two_d.janus\' (/home/niel/git/crystal-mcp-server/src/python/generators/two_d/janus.py). Did you mean: \'generate_janus_2d\'?","stderr":"Traceback (most recent call last):\\n  File \\"/home/niel/git/crystal-mcp-server/src/python/comprehensive_structures.py\\", line 507, in &lt;module&gt;\\n    result = handle_request(input_data)\\n             ^^^^^^^^^^^^^^^^^^^^^^^^^^\\n  File \\"/home/niel/git/crystal-mcp-server/src/python/comprehensive_structures.py\\", line 64, in handle_request\\n    module = importlib.import_module(module_path)\\n             ^^^^^^^^^^^^^^^^^^^^^^^^^^^^^^^^^^^^\\n  File \\"/usr/lib/python3.12/importlib/__init__.py\\", line 90, in import_module\\n    return _bootstrap._gcd_import(name[level:], package, level)\\n           ^^^^^^^^^^^^^^^^^^^^^^^^^^^^^^^^^^^^^^^^^^^^^^^^^^^^\\n  File \\"&lt;frozen importlib._bootstrap&gt;\\", line 1387, in _gcd_import\\n  File \\"&lt;frozen importlib._bootstrap&gt;\\", line 1360, in _find_and_load\\n  File \\"&lt;frozen importlib._bootstrap&gt;\\", line 1310, in _find_and_load_unlocked\\n  File \\"&lt;frozen importlib._bootstrap&gt;\\", line 488, in _call_with_frames_removed\\n  File \\"&lt;frozen importlib._bootstrap&gt;\\", line 1387, in _gcd_import\\n  File \\"&lt;frozen importlib._bootstrap&gt;\\", line 1360, in _find_and_load\\n  File \\"&lt;frozen importlib._bootstrap&gt;\\", line 1331, in _find_and_load_unlocked\\n  File \\"&lt;frozen importlib._bootstrap&gt;\\", line 935, in _load_unlocked\\n  File \\"&lt;frozen importlib._bootstrap_external&gt;\\", line 995, in exec_module\\n  File \\"&lt;frozen importlib._bootstrap&gt;\\", line 488, in _call_with_frames_removed\\n  File \\"/home/niel/git/crystal-mcp-server/src/python/generators/two_d/__init__.py\\", line 32, in &lt;module&gt;\\n    from .janus import generate_janus_tmd, JANUS_MATERIALS\\nImportError: cannot import name \'generate_janus_tmd\' from \'generators.two_d.janus\' (/home/niel/git/crystal-mcp-server/src/python/generators/two_d/janus.py). Did you mean: \'generate_janus_2d\'?"},"suggestions":["Check Python installation","Verify script syntax","Check for missing dependencies","Review error messages in stderr"],"recoverable":true,"timestamp":"2025-12-25T06:32:19.841Z"}'.strip</failure></testcase><testcase classname="test_operation_matrix.Test2DMaterials" name="test_2d_material_generation[MoS2]" time="1.980"><failure message="AssertionError: Invalid response for generate_tmd (MoS2): Python execution failed: {&quot;code&quot;:&quot;E6001&quot;,&quot;message&quot;:&quot;Python script execution failed: ImportError: cannot import name 'generate_janus_tmd' from 'generators.two_d.janus' (/home/niel/git/crystal-mcp-serve&#10;assert ('Python execution failed: {&quot;code&quot;:&quot;E6001&quot;,&quot;message&quot;:&quot;Python script execution failed: ImportError: cannot import name \'generate_janus_tmd\' from \'generators.two_d.janus\' (/home/niel/git/crystal-mcp-server/src/python/generators/two_d/janus.py). Did you mean: \'generate_janus_2d\'?&quot;,&quot;details&quot;:{&quot;scriptName&quot;:&quot;comprehensive_structures.py&quot;,&quot;error&quot;:&quot;ImportError: cannot import name \'generate_janus_tmd\' from \'generators.two_d.janus\' (/home/niel/git/crystal-mcp-server/src/python/generators/two_d/janus.py). Did you mean: \'generate_janus_2d\'?&quot;,&quot;stderr&quot;:&quot;Traceback (most recent call last):\\n  File \\&quot;/home/niel/git/crystal-mcp-server/src/python/comprehensive_structures.py\\&quot;, line 507, in &lt;module&gt;\\n    result = handle_request(input_data)\\n             ^^^^^^^^^^^^^^^^^^^^^^^^^^\\n  File \\&quot;/home/niel/git/crystal-mcp-server/src/python/comprehensive_structures.py\\&quot;, line 64, in handle_request\\n    module = importlib.import_module(module_path)\\n             ^^^^^^^^^^^^^^^^^^^^^^^^^^^^^^^^^^^^\\n  File \\&quot;/usr/lib/python3.12/importlib/__init__.py\\&quot;, line 90, in import_module\\n    return _bootstrap._gcd_import(name[level:], package, level)\\n           ^^^^^^^^^^^^^^^^^^^^^^^^^^^^^^^^^^^^^^^^^^^^^^^^^^^^\\n  File \\&quot;&lt;frozen importlib._bootstrap&gt;\\&quot;, line 1387, in _gcd_import\\n  File \\&quot;&lt;frozen importlib._bootstrap&gt;\\&quot;, line 1360, in _find_and_load\\n  File \\&quot;&lt;frozen importlib._bootstrap&gt;\\&quot;, line 1310, in _find_and_load_unlocked\\n  File \\&quot;&lt;frozen importlib._bootstrap&gt;\\&quot;, line 488, in _call_with_frames_removed\\n  File \\&quot;&lt;frozen importlib._bootstrap&gt;\\&quot;, line 1387, in _gcd_import\\n  File \\&quot;&lt;frozen importlib._bootstrap&gt;\\&quot;, line 1360, in _find_and_load\\n  File \\&quot;&lt;frozen importlib._bootstrap&gt;\\&quot;, line 1331, in _find_and_load_unlocked\\n  File \\&quot;&lt;frozen importlib._bootstrap&gt;\\&quot;, line 935, in _load_unlocked\\n  File \\&quot;&lt;frozen importlib._bootstrap_external&gt;\\&quot;, line 995, in exec_module\\n  File \\&quot;&lt;frozen importlib._bootstrap&gt;\\&quot;, line 488, in _call_with_frames_removed\\n  File \\&quot;/home/niel/git/crystal-mcp-server/src/python/generators/two_d/__init__.py\\&quot;, line 32, in &lt;module&gt;\\n    from .janus import generate_janus_tmd, JANUS_MATERIALS\\nImportError: cannot import name \'generate_janus_tmd\' from \'generators.two_d.janus\' (/home/niel/git/crystal-mcp-server/src/python/generators/two_d/janus.py). Did you mean: \'generate_janus_2d\'?&quot;},&quot;suggestions&quot;:[&quot;Check Python installation&quot;,&quot;Verify script syntax&quot;,&quot;Check for missing dependencies&quot;,&quot;Review error messages in stderr&quot;],&quot;recoverable&quot;:true,&quot;timestamp&quot;:&quot;2025-12-25T06:32:21.834Z&quot;}' and False)&#10; +  where False = &lt;built-in method startswith of str object at 0x49798970&gt;('{')&#10; +    where &lt;built-in method startswith of str object at 0x49798970&gt; = 'Python execution failed: {&quot;code&quot;:&quot;E6001&quot;,&quot;message&quot;:&quot;Python script execution failed: ImportError: cannot import name \'generate_janus_tmd\' from \'generators.two_d.janus\' (/home/niel/git/crystal-mcp-server/src/python/generators/two_d/janus.py). Did you mean: \'generate_janus_2d\'?&quot;,&quot;details&quot;:{&quot;scriptName&quot;:&quot;comprehensive_structures.py&quot;,&quot;error&quot;:&quot;ImportError: cannot import name \'generate_janus_tmd\' from \'generators.two_d.janus\' (/home/niel/git/crystal-mcp-server/src/python/generators/two_d/janus.py). Did you mean: \'generate_janus_2d\'?&quot;,&quot;stderr&quot;:&quot;Traceback (most recent call last):\\n  File \\&quot;/home/niel/git/crystal-mcp-server/src/python/comprehensive_structures.py\\&quot;, line 507, in &lt;module&gt;\\n    result = handle_request(input_data)\\n             ^^^^^^^^^^^^^^^^^^^^^^^^^^\\n  File \\&quot;/home/niel/git/crystal-mcp-server/src/python/comprehensive_structures.py\\&quot;, line 64, in handle_request\\n    module = importlib.import_module(module_path)\\n             ^^^^^^^^^^^^^^^^^^^^^^^^^^^^^^^^^^^^\\n  File \\&quot;/usr/lib/python3.12/importlib/__init__.py\\&quot;, line 90, in import_module\\n    return _bootstrap._gcd_import(name[level:], package, level)\\n           ^^^^^^^^^^^^^^^^^^^^^^^^^^^^^^^^^^^^^^^^^^^^^^^^^^^^\\n  File \\&quot;&lt;frozen importlib._bootstrap&gt;\\&quot;, line 1387, in _gcd_import\\n  File \\&quot;&lt;frozen importlib._bootstrap&gt;\\&quot;, line 1360, in _find_and_load\\n  File \\&quot;&lt;frozen importlib._bootstrap&gt;\\&quot;, line 1310, in _find_and_load_unlocked\\n  File \\&quot;&lt;frozen importlib._bootstrap&gt;\\&quot;, line 488, in _call_with_frames_removed\\n  File \\&quot;&lt;frozen importlib._bootstrap&gt;\\&quot;, line 1387, in _gcd_import\\n  File \\&quot;&lt;frozen importlib._bootstrap&gt;\\&quot;, line 1360, in _find_and_load\\n  File \\&quot;&lt;frozen importlib._bootstrap&gt;\\&quot;, line 1331, in _find_and_load_unlocked\\n  File \\&quot;&lt;frozen importlib._bootstrap&gt;\\&quot;, line 935, in _load_unlocked\\n  File \\&quot;&lt;frozen importlib._bootstrap_external&gt;\\&quot;, line 995, in exec_module\\n  File \\&quot;&lt;frozen importlib._bootstrap&gt;\\&quot;, line 488, in _call_with_frames_removed\\n  File \\&quot;/home/niel/git/crystal-mcp-server/src/python/generators/two_d/__init__.py\\&quot;, line 32, in &lt;module&gt;\\n    from .janus import generate_janus_tmd, JANUS_MATERIALS\\nImportError: cannot import name \'generate_janus_tmd\' from \'generators.two_d.janus\' (/home/niel/git/crystal-mcp-server/src/python/generators/two_d/janus.py). Did you mean: \'generate_janus_2d\'?&quot;},&quot;suggestions&quot;:[&quot;Check Python installation&quot;,&quot;Verify script syntax&quot;,&quot;Check for missing dependencies&quot;,&quot;Review error messages in stderr&quot;],&quot;recoverable&quot;:true,&quot;timestamp&quot;:&quot;2025-12-25T06:32:21.834Z&quot;}'.startswith&#10; +      where 'Python execution failed: {&quot;code&quot;:&quot;E6001&quot;,&quot;message&quot;:&quot;Python script execution failed: ImportError: cannot import name \'generate_janus_tmd\' from \'generators.two_d.janus\' (/home/niel/git/crystal-mcp-server/src/python/generators/two_d/janus.py). Did you mean: \'generate_janus_2d\'?&quot;,&quot;details&quot;:{&quot;scriptName&quot;:&quot;comprehensive_structures.py&quot;,&quot;error&quot;:&quot;ImportError: cannot import name \'generate_janus_tmd\' from \'generators.two_d.janus\' (/home/niel/git/crystal-mcp-server/src/python/generators/two_d/janus.py). Did you mean: \'generate_janus_2d\'?&quot;,&quot;stderr&quot;:&quot;Traceback (most recent call last):\\n  File \\&quot;/home/niel/git/crystal-mcp-server/src/python/comprehensive_structures.py\\&quot;, line 507, in &lt;module&gt;\\n    result = handle_request(input_data)\\n             ^^^^^^^^^^^^^^^^^^^^^^^^^^\\n  File \\&quot;/home/niel/git/crystal-mcp-server/src/python/comprehensive_structures.py\\&quot;, line 64, in handle_request\\n    module = importlib.import_module(module_path)\\n             ^^^^^^^^^^^^^^^^^^^^^^^^^^^^^^^^^^^^\\n  File \\&quot;/usr/lib/python3.12/importlib/__init__.py\\&quot;, line 90, in import_module\\n    return _bootstrap._gcd_import(name[level:], package, level)\\n           ^^^^^^^^^^^^^^^^^^^^^^^^^^^^^^^^^^^^^^^^^^^^^^^^^^^^\\n  File \\&quot;&lt;frozen importlib._bootstrap&gt;\\&quot;, line 1387, in _gcd_import\\n  File \\&quot;&lt;frozen importlib._bootstrap&gt;\\&quot;, line 1360, in _find_and_load\\n  File \\&quot;&lt;frozen importlib._bootstrap&gt;\\&quot;, line 1310, in _find_and_load_unlocked\\n  File \\&quot;&lt;frozen importlib._bootstrap&gt;\\&quot;, line 488, in _call_with_frames_removed\\n  File \\&quot;&lt;frozen importlib._bootstrap&gt;\\&quot;, line 1387, in _gcd_import\\n  File \\&quot;&lt;frozen importlib._bootstrap&gt;\\&quot;, line 1360, in _find_and_load\\n  File \\&quot;&lt;frozen importlib._bootstrap&gt;\\&quot;, line 1331, in _find_and_load_unlocked\\n  File \\&quot;&lt;frozen importlib._bootstrap&gt;\\&quot;, line 935, in _load_unlocked\\n  File \\&quot;&lt;frozen importlib._bootstrap_external&gt;\\&quot;, line 995, in exec_module\\n  File \\&quot;&lt;frozen importlib._bootstrap&gt;\\&quot;, line 488, in _call_with_frames_removed\\n  File \\&quot;/home/niel/git/crystal-mcp-server/src/python/generators/two_d/__init__.py\\&quot;, line 32, in &lt;module&gt;\\n    from .janus import generate_janus_tmd, JANUS_MATERIALS\\nImportError: cannot import name \'generate_janus_tmd\' from \'generators.two_d.janus\' (/home/niel/git/crystal-mcp-server/src/python/generators/two_d/janus.py). Did you mean: \'generate_janus_2d\'?&quot;},&quot;suggestions&quot;:[&quot;Check Python installation&quot;,&quot;Verify script syntax&quot;,&quot;Check for missing dependencies&quot;,&quot;Review error messages in stderr&quot;],&quot;recoverable&quot;:true,&quot;timestamp&quot;:&quot;2025-12-25T06:32:21.834Z&quot;}' = &lt;built-in method strip of str object at 0x49798970&gt;()&#10; +        where &lt;built-in method strip of str object at 0x49798970&gt; = 'Python execution failed: {&quot;code&quot;:&quot;E6001&quot;,&quot;message&quot;:&quot;Python script execution failed: ImportError: cannot import name \'generate_janus_tmd\' from \'generators.two_d.janus\' (/home/niel/git/crystal-mcp-server/src/python/generators/two_d/janus.py). Did you mean: \'generate_janus_2d\'?&quot;,&quot;details&quot;:{&quot;scriptName&quot;:&quot;comprehensive_structures.py&quot;,&quot;error&quot;:&quot;ImportError: cannot import name \'generate_janus_tmd\' from \'generators.two_d.janus\' (/home/niel/git/crystal-mcp-server/src/python/generators/two_d/janus.py). Did you mean: \'generate_janus_2d\'?&quot;,&quot;stderr&quot;:&quot;Traceback (most recent call last):\\n  File \\&quot;/home/niel/git/crystal-mcp-server/src/python/comprehensive_structures.py\\&quot;, line 507, in &lt;module&gt;\\n    result = handle_request(input_data)\\n             ^^^^^^^^^^^^^^^^^^^^^^^^^^\\n  File \\&quot;/home/niel/git/crystal-mcp-server/src/python/comprehensive_structures.py\\&quot;, line 64, in handle_request\\n    module = importlib.import_module(module_path)\\n             ^^^^^^^^^^^^^^^^^^^^^^^^^^^^^^^^^^^^\\n  File \\&quot;/usr/lib/python3.12/importlib/__init__.py\\&quot;, line 90, in import_module\\n    return _bootstrap._gcd_import(name[level:], package, level)\\n           ^^^^^^^^^^^^^^^^^^^^^^^^^^^^^^^^^^^^^^^^^^^^^^^^^^^^\\n  File \\&quot;&lt;frozen importlib._bootstrap&gt;\\&quot;, line 1387, in _gcd_import\\n  File \\&quot;&lt;frozen importlib._bootstrap&gt;\\&quot;, line 1360, in _find_and_load\\n  File \\&quot;&lt;frozen importlib._bootstrap&gt;\\&quot;, line 1310, in _find_and_load_unlocked\\n  File \\&quot;&lt;frozen importlib._bootstrap&gt;\\&quot;, line 488, in _call_with_frames_removed\\n  File \\&quot;&lt;frozen importlib._bootstrap&gt;\\&quot;, line 1387, in _gcd_import\\n  File \\&quot;&lt;frozen importlib._bootstrap&gt;\\&quot;, line 1360, in _find_and_load\\n  File \\&quot;&lt;frozen importlib._bootstrap&gt;\\&quot;, line 1331, in _find_and_load_unlocked\\n  File \\&quot;&lt;frozen importlib._bootstrap&gt;\\&quot;, line 935, in _load_unlocked\\n  File \\&quot;&lt;frozen importlib._bootstrap_external&gt;\\&quot;, line 995, in exec_module\\n  File \\&quot;&lt;frozen importlib._bootstrap&gt;\\&quot;, line 488, in _call_with_frames_removed\\n  File \\&quot;/home/niel/git/crystal-mcp-server/src/python/generators/two_d/__init__.py\\&quot;, line 32, in &lt;module&gt;\\n    from .janus import generate_janus_tmd, JANUS_MATERIALS\\nImportError: cannot import name \'generate_janus_tmd\' from \'generators.two_d.janus\' (/home/niel/git/crystal-mcp-server/src/python/generators/two_d/janus.py). Did you mean: \'generate_janus_2d\'?&quot;},&quot;suggestions&quot;:[&quot;Check Python installation&quot;,&quot;Verify script syntax&quot;,&quot;Check for missing dependencies&quot;,&quot;Review error messages in stderr&quot;],&quot;recoverable&quot;:true,&quot;timestamp&quot;:&quot;2025-12-25T06:32:21.834Z&quot;}'.strip">tests/testsuit/test_operation_matrix.py:333: in test_2d_material_generation
    assert text and text.strip().startswith("{"), f"Invalid response for {operation} ({material}): {text[:200] if text else 'empty'}"
E   AssertionError: Invalid response for generate_tmd (MoS2): Python execution failed: {"code":"E6001","message":"Python script execution failed: ImportError: cannot import name 'generate_janus_tmd' from 'generators.two_d.janus' (/home/niel/git/crystal-mcp-serve
E   assert ('Python execution failed: {"code":"E6001","message":"Python script execution failed: ImportError: cannot import name \'generate_janus_tmd\' from \'generators.two_d.janus\' (/home/niel/git/crystal-mcp-server/src/python/generators/two_d/janus.py). Did you mean: \'generate_janus_2d\'?","details":{"scriptName":"comprehensive_structures.py","error":"ImportError: cannot import name \'generate_janus_tmd\' from \'generators.two_d.janus\' (/home/niel/git/crystal-mcp-server/src/python/generators/two_d/janus.py). Did you mean: \'generate_janus_2d\'?","stderr":"Traceback (most recent call last):\\n  File \\"/home/niel/git/crystal-mcp-server/src/python/comprehensive_structures.py\\", line 507, in &lt;module&gt;\\n    result = handle_request(input_data)\\n             ^^^^^^^^^^^^^^^^^^^^^^^^^^\\n  File \\"/home/niel/git/crystal-mcp-server/src/python/comprehensive_structures.py\\", line 64, in handle_request\\n    module = importlib.import_module(module_path)\\n             ^^^^^^^^^^^^^^^^^^^^^^^^^^^^^^^^^^^^\\n  File \\"/usr/lib/python3.12/importlib/__init__.py\\", line 90, in import_module\\n    return _bootstrap._gcd_import(name[level:], package, level)\\n           ^^^^^^^^^^^^^^^^^^^^^^^^^^^^^^^^^^^^^^^^^^^^^^^^^^^^\\n  File \\"&lt;frozen importlib._bootstrap&gt;\\", line 1387, in _gcd_import\\n  File \\"&lt;frozen importlib._bootstrap&gt;\\", line 1360, in _find_and_load\\n  File \\"&lt;frozen importlib._bootstrap&gt;\\", line 1310, in _find_and_load_unlocked\\n  File \\"&lt;frozen importlib._bootstrap&gt;\\", line 488, in _call_with_frames_removed\\n  File \\"&lt;frozen importlib._bootstrap&gt;\\", line 1387, in _gcd_import\\n  File \\"&lt;frozen importlib._bootstrap&gt;\\", line 1360, in _find_and_load\\n  File \\"&lt;frozen importlib._bootstrap&gt;\\", line 1331, in _find_and_load_unlocked\\n  File \\"&lt;frozen importlib._bootstrap&gt;\\", line 935, in _load_unlocked\\n  File \\"&lt;frozen importlib._bootstrap_external&gt;\\", line 995, in exec_module\\n  File \\"&lt;frozen importlib._bootstrap&gt;\\", line 488, in _call_with_frames_removed\\n  File \\"/home/niel/git/crystal-mcp-server/src/python/generators/two_d/__init__.py\\", line 32, in &lt;module&gt;\\n    from .janus import generate_janus_tmd, JANUS_MATERIALS\\nImportError: cannot import name \'generate_janus_tmd\' from \'generators.two_d.janus\' (/home/niel/git/crystal-mcp-server/src/python/generators/two_d/janus.py). Did you mean: \'generate_janus_2d\'?"},"suggestions":["Check Python installation","Verify script syntax","Check for missing dependencies","Review error messages in stderr"],"recoverable":true,"timestamp":"2025-12-25T06:32:21.834Z"}' and False)
E    +  where False = &lt;built-in method startswith of str object at 0x49798970&gt;('{')
E    +    where &lt;built-in method startswith of str object at 0x49798970&gt; = 'Python execution failed: {"code":"E6001","message":"Python script execution failed: ImportError: cannot import name \'generate_janus_tmd\' from \'generators.two_d.janus\' (/home/niel/git/crystal-mcp-server/src/python/generators/two_d/janus.py). Did you mean: \'generate_janus_2d\'?","details":{"scriptName":"comprehensive_structures.py","error":"ImportError: cannot import name \'generate_janus_tmd\' from \'generators.two_d.janus\' (/home/niel/git/crystal-mcp-server/src/python/generators/two_d/janus.py). Did you mean: \'generate_janus_2d\'?","stderr":"Traceback (most recent call last):\\n  File \\"/home/niel/git/crystal-mcp-server/src/python/comprehensive_structures.py\\", line 507, in &lt;module&gt;\\n    result = handle_request(input_data)\\n             ^^^^^^^^^^^^^^^^^^^^^^^^^^\\n  File \\"/home/niel/git/crystal-mcp-server/src/python/comprehensive_structures.py\\", line 64, in handle_request\\n    module = importlib.import_module(module_path)\\n             ^^^^^^^^^^^^^^^^^^^^^^^^^^^^^^^^^^^^\\n  File \\"/usr/lib/python3.12/importlib/__init__.py\\", line 90, in import_module\\n    return _bootstrap._gcd_import(name[level:], package, level)\\n           ^^^^^^^^^^^^^^^^^^^^^^^^^^^^^^^^^^^^^^^^^^^^^^^^^^^^\\n  File \\"&lt;frozen importlib._bootstrap&gt;\\", line 1387, in _gcd_import\\n  File \\"&lt;frozen importlib._bootstrap&gt;\\", line 1360, in _find_and_load\\n  File \\"&lt;frozen importlib._bootstrap&gt;\\", line 1310, in _find_and_load_unlocked\\n  File \\"&lt;frozen importlib._bootstrap&gt;\\", line 488, in _call_with_frames_removed\\n  File \\"&lt;frozen importlib._bootstrap&gt;\\", line 1387, in _gcd_import\\n  File \\"&lt;frozen importlib._bootstrap&gt;\\", line 1360, in _find_and_load\\n  File \\"&lt;frozen importlib._bootstrap&gt;\\", line 1331, in _find_and_load_unlocked\\n  File \\"&lt;frozen importlib._bootstrap&gt;\\", line 935, in _load_unlocked\\n  File \\"&lt;frozen importlib._bootstrap_external&gt;\\", line 995, in exec_module\\n  File \\"&lt;frozen importlib._bootstrap&gt;\\", line 488, in _call_with_frames_removed\\n  File \\"/home/niel/git/crystal-mcp-server/src/python/generators/two_d/__init__.py\\", line 32, in &lt;module&gt;\\n    from .janus import generate_janus_tmd, JANUS_MATERIALS\\nImportError: cannot import name \'generate_janus_tmd\' from \'generators.two_d.janus\' (/home/niel/git/crystal-mcp-server/src/python/generators/two_d/janus.py). Did you mean: \'generate_janus_2d\'?"},"suggestions":["Check Python installation","Verify script syntax","Check for missing dependencies","Review error messages in stderr"],"recoverable":true,"timestamp":"2025-12-25T06:32:21.834Z"}'.startswith
E    +      where 'Python execution failed: {"code":"E6001","message":"Python script execution failed: ImportError: cannot import name \'generate_janus_tmd\' from \'generators.two_d.janus\' (/home/niel/git/crystal-mcp-server/src/python/generators/two_d/janus.py). Did you mean: \'generate_janus_2d\'?","details":{"scriptName":"comprehensive_structures.py","error":"ImportError: cannot import name \'generate_janus_tmd\' from \'generators.two_d.janus\' (/home/niel/git/crystal-mcp-server/src/python/generators/two_d/janus.py). Did you mean: \'generate_janus_2d\'?","stderr":"Traceback (most recent call last):\\n  File \\"/home/niel/git/crystal-mcp-server/src/python/comprehensive_structures.py\\", line 507, in &lt;module&gt;\\n    result = handle_request(input_data)\\n             ^^^^^^^^^^^^^^^^^^^^^^^^^^\\n  File \\"/home/niel/git/crystal-mcp-server/src/python/comprehensive_structures.py\\", line 64, in handle_request\\n    module = importlib.import_module(module_path)\\n             ^^^^^^^^^^^^^^^^^^^^^^^^^^^^^^^^^^^^\\n  File \\"/usr/lib/python3.12/importlib/__init__.py\\", line 90, in import_module\\n    return _bootstrap._gcd_import(name[level:], package, level)\\n           ^^^^^^^^^^^^^^^^^^^^^^^^^^^^^^^^^^^^^^^^^^^^^^^^^^^^\\n  File \\"&lt;frozen importlib._bootstrap&gt;\\", line 1387, in _gcd_import\\n  File \\"&lt;frozen importlib._bootstrap&gt;\\", line 1360, in _find_and_load\\n  File \\"&lt;frozen importlib._bootstrap&gt;\\", line 1310, in _find_and_load_unlocked\\n  File \\"&lt;frozen importlib._bootstrap&gt;\\", line 488, in _call_with_frames_removed\\n  File \\"&lt;frozen importlib._bootstrap&gt;\\", line 1387, in _gcd_import\\n  File \\"&lt;frozen importlib._bootstrap&gt;\\", line 1360, in _find_and_load\\n  File \\"&lt;frozen importlib._bootstrap&gt;\\", line 1331, in _find_and_load_unlocked\\n  File \\"&lt;frozen importlib._bootstrap&gt;\\", line 935, in _load_unlocked\\n  File \\"&lt;frozen importlib._bootstrap_external&gt;\\", line 995, in exec_module\\n  File \\"&lt;frozen importlib._bootstrap&gt;\\", line 488, in _call_with_frames_removed\\n  File \\"/home/niel/git/crystal-mcp-server/src/python/generators/two_d/__init__.py\\", line 32, in &lt;module&gt;\\n    from .janus import generate_janus_tmd, JANUS_MATERIALS\\nImportError: cannot import name \'generate_janus_tmd\' from \'generators.two_d.janus\' (/home/niel/git/crystal-mcp-server/src/python/generators/two_d/janus.py). Did you mean: \'generate_janus_2d\'?"},"suggestions":["Check Python installation","Verify script syntax","Check for missing dependencies","Review error messages in stderr"],"recoverable":true,"timestamp":"2025-12-25T06:32:21.834Z"}' = &lt;built-in method strip of str object at 0x49798970&gt;()
E    +        where &lt;built-in method strip of str object at 0x49798970&gt; = 'Python execution failed: {"code":"E6001","message":"Python script execution failed: ImportError: cannot import name \'generate_janus_tmd\' from \'generators.two_d.janus\' (/home/niel/git/crystal-mcp-server/src/python/generators/two_d/janus.py). Did you mean: \'generate_janus_2d\'?","details":{"scriptName":"comprehensive_structures.py","error":"ImportError: cannot import name \'generate_janus_tmd\' from \'generators.two_d.janus\' (/home/niel/git/crystal-mcp-server/src/python/generators/two_d/janus.py). Did you mean: \'generate_janus_2d\'?","stderr":"Traceback (most recent call last):\\n  File \\"/home/niel/git/crystal-mcp-server/src/python/comprehensive_structures.py\\", line 507, in &lt;module&gt;\\n    result = handle_request(input_data)\\n             ^^^^^^^^^^^^^^^^^^^^^^^^^^\\n  File \\"/home/niel/git/crystal-mcp-server/src/python/comprehensive_structures.py\\", line 64, in handle_request\\n    module = importlib.import_module(module_path)\\n             ^^^^^^^^^^^^^^^^^^^^^^^^^^^^^^^^^^^^\\n  File \\"/usr/lib/python3.12/importlib/__init__.py\\", line 90, in import_module\\n    return _bootstrap._gcd_import(name[level:], package, level)\\n           ^^^^^^^^^^^^^^^^^^^^^^^^^^^^^^^^^^^^^^^^^^^^^^^^^^^^\\n  File \\"&lt;frozen importlib._bootstrap&gt;\\", line 1387, in _gcd_import\\n  File \\"&lt;frozen importlib._bootstrap&gt;\\", line 1360, in _find_and_load\\n  File \\"&lt;frozen importlib._bootstrap&gt;\\", line 1310, in _find_and_load_unlocked\\n  File \\"&lt;frozen importlib._bootstrap&gt;\\", line 488, in _call_with_frames_removed\\n  File \\"&lt;frozen importlib._bootstrap&gt;\\", line 1387, in _gcd_import\\n  File \\"&lt;frozen importlib._bootstrap&gt;\\", line 1360, in _find_and_load\\n  File \\"&lt;frozen importlib._bootstrap&gt;\\", line 1331, in _find_and_load_unlocked\\n  File \\"&lt;frozen importlib._bootstrap&gt;\\", line 935, in _load_unlocked\\n  File \\"&lt;frozen importlib._bootstrap_external&gt;\\", line 995, in exec_module\\n  File \\"&lt;frozen importlib._bootstrap&gt;\\", line 488, in _call_with_frames_removed\\n  File \\"/home/niel/git/crystal-mcp-server/src/python/generators/two_d/__init__.py\\", line 32, in &lt;module&gt;\\n    from .janus import generate_janus_tmd, JANUS_MATERIALS\\nImportError: cannot import name \'generate_janus_tmd\' from \'generators.two_d.janus\' (/home/niel/git/crystal-mcp-server/src/python/generators/two_d/janus.py). Did you mean: \'generate_janus_2d\'?"},"suggestions":["Check Python installation","Verify script syntax","Check for missing dependencies","Review error messages in stderr"],"recoverable":true,"timestamp":"2025-12-25T06:32:21.834Z"}'.strip</failure></testcase><testcase classname="test_operation_matrix.Test2DMaterials" name="test_graphene_nanoribbon" time="1.963"><failure message="AssertionError: Invalid response for generate_nanoribbon: Python execution failed: {&quot;code&quot;:&quot;E6001&quot;,&quot;message&quot;:&quot;Python script execution failed: ImportError: cannot import name 'generate_janus_tmd' from 'generators.two_d.janus' (/home/niel/git/crystal-mcp-serve&#10;assert ('Python execution failed: {&quot;code&quot;:&quot;E6001&quot;,&quot;message&quot;:&quot;Python script execution failed: ImportError: cannot import name \'generate_janus_tmd\' from \'generators.two_d.janus\' (/home/niel/git/crystal-mcp-server/src/python/generators/two_d/janus.py). Did you mean: \'generate_janus_2d\'?&quot;,&quot;details&quot;:{&quot;scriptName&quot;:&quot;comprehensive_structures.py&quot;,&quot;error&quot;:&quot;ImportError: cannot import name \'generate_janus_tmd\' from \'generators.two_d.janus\' (/home/niel/git/crystal-mcp-server/src/python/generators/two_d/janus.py). Did you mean: \'generate_janus_2d\'?&quot;,&quot;stderr&quot;:&quot;Traceback (most recent call last):\\n  File \\&quot;/home/niel/git/crystal-mcp-server/src/python/comprehensive_structures.py\\&quot;, line 507, in &lt;module&gt;\\n    result = handle_request(input_data)\\n             ^^^^^^^^^^^^^^^^^^^^^^^^^^\\n  File \\&quot;/home/niel/git/crystal-mcp-server/src/python/comprehensive_structures.py\\&quot;, line 64, in handle_request\\n    module = importlib.import_module(module_path)\\n             ^^^^^^^^^^^^^^^^^^^^^^^^^^^^^^^^^^^^\\n  File \\&quot;/usr/lib/python3.12/importlib/__init__.py\\&quot;, line 90, in import_module\\n    return _bootstrap._gcd_import(name[level:], package, level)\\n           ^^^^^^^^^^^^^^^^^^^^^^^^^^^^^^^^^^^^^^^^^^^^^^^^^^^^\\n  File \\&quot;&lt;frozen importlib._bootstrap&gt;\\&quot;, line 1387, in _gcd_import\\n  File \\&quot;&lt;frozen importlib._bootstrap&gt;\\&quot;, line 1360, in _find_and_load\\n  File \\&quot;&lt;frozen importlib._bootstrap&gt;\\&quot;, line 1310, in _find_and_load_unlocked\\n  File \\&quot;&lt;frozen importlib._bootstrap&gt;\\&quot;, line 488, in _call_with_frames_removed\\n  File \\&quot;&lt;frozen importlib._bootstrap&gt;\\&quot;, line 1387, in _gcd_import\\n  File \\&quot;&lt;frozen importlib._bootstrap&gt;\\&quot;, line 1360, in _find_and_load\\n  File \\&quot;&lt;frozen importlib._bootstrap&gt;\\&quot;, line 1331, in _find_and_load_unlocked\\n  File \\&quot;&lt;frozen importlib._bootstrap&gt;\\&quot;, line 935, in _load_unlocked\\n  File \\&quot;&lt;frozen importlib._bootstrap_external&gt;\\&quot;, line 995, in exec_module\\n  File \\&quot;&lt;frozen importlib._bootstrap&gt;\\&quot;, line 488, in _call_with_frames_removed\\n  File \\&quot;/home/niel/git/crystal-mcp-server/src/python/generators/two_d/__init__.py\\&quot;, line 32, in &lt;module&gt;\\n    from .janus import generate_janus_tmd, JANUS_MATERIALS\\nImportError: cannot import name \'generate_janus_tmd\' from \'generators.two_d.janus\' (/home/niel/git/crystal-mcp-server/src/python/generators/two_d/janus.py). Did you mean: \'generate_janus_2d\'?&quot;},&quot;suggestions&quot;:[&quot;Check Python installation&quot;,&quot;Verify script syntax&quot;,&quot;Check for missing dependencies&quot;,&quot;Review error messages in stderr&quot;],&quot;recoverable&quot;:true,&quot;timestamp&quot;:&quot;2025-12-25T06:32:23.808Z&quot;}' and False)&#10; +  where False = &lt;built-in method startswith of str object at 0x49734700&gt;('{')&#10; +    where &lt;built-in method startswith of str object at 0x49734700&gt; = 'Python execution failed: {&quot;code&quot;:&quot;E6001&quot;,&quot;message&quot;:&quot;Python script execution failed: ImportError: cannot import name \'generate_janus_tmd\' from \'generators.two_d.janus\' (/home/niel/git/crystal-mcp-server/src/python/generators/two_d/janus.py). Did you mean: \'generate_janus_2d\'?&quot;,&quot;details&quot;:{&quot;scriptName&quot;:&quot;comprehensive_structures.py&quot;,&quot;error&quot;:&quot;ImportError: cannot import name \'generate_janus_tmd\' from \'generators.two_d.janus\' (/home/niel/git/crystal-mcp-server/src/python/generators/two_d/janus.py). Did you mean: \'generate_janus_2d\'?&quot;,&quot;stderr&quot;:&quot;Traceback (most recent call last):\\n  File \\&quot;/home/niel/git/crystal-mcp-server/src/python/comprehensive_structures.py\\&quot;, line 507, in &lt;module&gt;\\n    result = handle_request(input_data)\\n             ^^^^^^^^^^^^^^^^^^^^^^^^^^\\n  File \\&quot;/home/niel/git/crystal-mcp-server/src/python/comprehensive_structures.py\\&quot;, line 64, in handle_request\\n    module = importlib.import_module(module_path)\\n             ^^^^^^^^^^^^^^^^^^^^^^^^^^^^^^^^^^^^\\n  File \\&quot;/usr/lib/python3.12/importlib/__init__.py\\&quot;, line 90, in import_module\\n    return _bootstrap._gcd_import(name[level:], package, level)\\n           ^^^^^^^^^^^^^^^^^^^^^^^^^^^^^^^^^^^^^^^^^^^^^^^^^^^^\\n  File \\&quot;&lt;frozen importlib._bootstrap&gt;\\&quot;, line 1387, in _gcd_import\\n  File \\&quot;&lt;frozen importlib._bootstrap&gt;\\&quot;, line 1360, in _find_and_load\\n  File \\&quot;&lt;frozen importlib._bootstrap&gt;\\&quot;, line 1310, in _find_and_load_unlocked\\n  File \\&quot;&lt;frozen importlib._bootstrap&gt;\\&quot;, line 488, in _call_with_frames_removed\\n  File \\&quot;&lt;frozen importlib._bootstrap&gt;\\&quot;, line 1387, in _gcd_import\\n  File \\&quot;&lt;frozen importlib._bootstrap&gt;\\&quot;, line 1360, in _find_and_load\\n  File \\&quot;&lt;frozen importlib._bootstrap&gt;\\&quot;, line 1331, in _find_and_load_unlocked\\n  File \\&quot;&lt;frozen importlib._bootstrap&gt;\\&quot;, line 935, in _load_unlocked\\n  File \\&quot;&lt;frozen importlib._bootstrap_external&gt;\\&quot;, line 995, in exec_module\\n  File \\&quot;&lt;frozen importlib._bootstrap&gt;\\&quot;, line 488, in _call_with_frames_removed\\n  File \\&quot;/home/niel/git/crystal-mcp-server/src/python/generators/two_d/__init__.py\\&quot;, line 32, in &lt;module&gt;\\n    from .janus import generate_janus_tmd, JANUS_MATERIALS\\nImportError: cannot import name \'generate_janus_tmd\' from \'generators.two_d.janus\' (/home/niel/git/crystal-mcp-server/src/python/generators/two_d/janus.py). Did you mean: \'generate_janus_2d\'?&quot;},&quot;suggestions&quot;:[&quot;Check Python installation&quot;,&quot;Verify script syntax&quot;,&quot;Check for missing dependencies&quot;,&quot;Review error messages in stderr&quot;],&quot;recoverable&quot;:true,&quot;timestamp&quot;:&quot;2025-12-25T06:32:23.808Z&quot;}'.startswith&#10; +      where 'Python execution failed: {&quot;code&quot;:&quot;E6001&quot;,&quot;message&quot;:&quot;Python script execution failed: ImportError: cannot import name \'generate_janus_tmd\' from \'generators.two_d.janus\' (/home/niel/git/crystal-mcp-server/src/python/generators/two_d/janus.py). Did you mean: \'generate_janus_2d\'?&quot;,&quot;details&quot;:{&quot;scriptName&quot;:&quot;comprehensive_structures.py&quot;,&quot;error&quot;:&quot;ImportError: cannot import name \'generate_janus_tmd\' from \'generators.two_d.janus\' (/home/niel/git/crystal-mcp-server/src/python/generators/two_d/janus.py). Did you mean: \'generate_janus_2d\'?&quot;,&quot;stderr&quot;:&quot;Traceback (most recent call last):\\n  File \\&quot;/home/niel/git/crystal-mcp-server/src/python/comprehensive_structures.py\\&quot;, line 507, in &lt;module&gt;\\n    result = handle_request(input_data)\\n             ^^^^^^^^^^^^^^^^^^^^^^^^^^\\n  File \\&quot;/home/niel/git/crystal-mcp-server/src/python/comprehensive_structures.py\\&quot;, line 64, in handle_request\\n    module = importlib.import_module(module_path)\\n             ^^^^^^^^^^^^^^^^^^^^^^^^^^^^^^^^^^^^\\n  File \\&quot;/usr/lib/python3.12/importlib/__init__.py\\&quot;, line 90, in import_module\\n    return _bootstrap._gcd_import(name[level:], package, level)\\n           ^^^^^^^^^^^^^^^^^^^^^^^^^^^^^^^^^^^^^^^^^^^^^^^^^^^^\\n  File \\&quot;&lt;frozen importlib._bootstrap&gt;\\&quot;, line 1387, in _gcd_import\\n  File \\&quot;&lt;frozen importlib._bootstrap&gt;\\&quot;, line 1360, in _find_and_load\\n  File \\&quot;&lt;frozen importlib._bootstrap&gt;\\&quot;, line 1310, in _find_and_load_unlocked\\n  File \\&quot;&lt;frozen importlib._bootstrap&gt;\\&quot;, line 488, in _call_with_frames_removed\\n  File \\&quot;&lt;frozen importlib._bootstrap&gt;\\&quot;, line 1387, in _gcd_import\\n  File \\&quot;&lt;frozen importlib._bootstrap&gt;\\&quot;, line 1360, in _find_and_load\\n  File \\&quot;&lt;frozen importlib._bootstrap&gt;\\&quot;, line 1331, in _find_and_load_unlocked\\n  File \\&quot;&lt;frozen importlib._bootstrap&gt;\\&quot;, line 935, in _load_unlocked\\n  File \\&quot;&lt;frozen importlib._bootstrap_external&gt;\\&quot;, line 995, in exec_module\\n  File \\&quot;&lt;frozen importlib._bootstrap&gt;\\&quot;, line 488, in _call_with_frames_removed\\n  File \\&quot;/home/niel/git/crystal-mcp-server/src/python/generators/two_d/__init__.py\\&quot;, line 32, in &lt;module&gt;\\n    from .janus import generate_janus_tmd, JANUS_MATERIALS\\nImportError: cannot import name \'generate_janus_tmd\' from \'generators.two_d.janus\' (/home/niel/git/crystal-mcp-server/src/python/generators/two_d/janus.py). Did you mean: \'generate_janus_2d\'?&quot;},&quot;suggestions&quot;:[&quot;Check Python installation&quot;,&quot;Verify script syntax&quot;,&quot;Check for missing dependencies&quot;,&quot;Review error messages in stderr&quot;],&quot;recoverable&quot;:true,&quot;timestamp&quot;:&quot;2025-12-25T06:32:23.808Z&quot;}' = &lt;built-in method strip of str object at 0x49734700&gt;()&#10; +        where &lt;built-in method strip of str object at 0x49734700&gt; = 'Python execution failed: {&quot;code&quot;:&quot;E6001&quot;,&quot;message&quot;:&quot;Python script execution failed: ImportError: cannot import name \'generate_janus_tmd\' from \'generators.two_d.janus\' (/home/niel/git/crystal-mcp-server/src/python/generators/two_d/janus.py). Did you mean: \'generate_janus_2d\'?&quot;,&quot;details&quot;:{&quot;scriptName&quot;:&quot;comprehensive_structures.py&quot;,&quot;error&quot;:&quot;ImportError: cannot import name \'generate_janus_tmd\' from \'generators.two_d.janus\' (/home/niel/git/crystal-mcp-server/src/python/generators/two_d/janus.py). Did you mean: \'generate_janus_2d\'?&quot;,&quot;stderr&quot;:&quot;Traceback (most recent call last):\\n  File \\&quot;/home/niel/git/crystal-mcp-server/src/python/comprehensive_structures.py\\&quot;, line 507, in &lt;module&gt;\\n    result = handle_request(input_data)\\n             ^^^^^^^^^^^^^^^^^^^^^^^^^^\\n  File \\&quot;/home/niel/git/crystal-mcp-server/src/python/comprehensive_structures.py\\&quot;, line 64, in handle_request\\n    module = importlib.import_module(module_path)\\n             ^^^^^^^^^^^^^^^^^^^^^^^^^^^^^^^^^^^^\\n  File \\&quot;/usr/lib/python3.12/importlib/__init__.py\\&quot;, line 90, in import_module\\n    return _bootstrap._gcd_import(name[level:], package, level)\\n           ^^^^^^^^^^^^^^^^^^^^^^^^^^^^^^^^^^^^^^^^^^^^^^^^^^^^\\n  File \\&quot;&lt;frozen importlib._bootstrap&gt;\\&quot;, line 1387, in _gcd_import\\n  File \\&quot;&lt;frozen importlib._bootstrap&gt;\\&quot;, line 1360, in _find_and_load\\n  File \\&quot;&lt;frozen importlib._bootstrap&gt;\\&quot;, line 1310, in _find_and_load_unlocked\\n  File \\&quot;&lt;frozen importlib._bootstrap&gt;\\&quot;, line 488, in _call_with_frames_removed\\n  File \\&quot;&lt;frozen importlib._bootstrap&gt;\\&quot;, line 1387, in _gcd_import\\n  File \\&quot;&lt;frozen importlib._bootstrap&gt;\\&quot;, line 1360, in _find_and_load\\n  File \\&quot;&lt;frozen importlib._bootstrap&gt;\\&quot;, line 1331, in _find_and_load_unlocked\\n  File \\&quot;&lt;frozen importlib._bootstrap&gt;\\&quot;, line 935, in _load_unlocked\\n  File \\&quot;&lt;frozen importlib._bootstrap_external&gt;\\&quot;, line 995, in exec_module\\n  File \\&quot;&lt;frozen importlib._bootstrap&gt;\\&quot;, line 488, in _call_with_frames_removed\\n  File \\&quot;/home/niel/git/crystal-mcp-server/src/python/generators/two_d/__init__.py\\&quot;, line 32, in &lt;module&gt;\\n    from .janus import generate_janus_tmd, JANUS_MATERIALS\\nImportError: cannot import name \'generate_janus_tmd\' from \'generators.two_d.janus\' (/home/niel/git/crystal-mcp-server/src/python/generators/two_d/janus.py). Did you mean: \'generate_janus_2d\'?&quot;},&quot;suggestions&quot;:[&quot;Check Python installation&quot;,&quot;Verify script syntax&quot;,&quot;Check for missing dependencies&quot;,&quot;Review error messages in stderr&quot;],&quot;recoverable&quot;:true,&quot;timestamp&quot;:&quot;2025-12-25T06:32:23.808Z&quot;}'.strip">tests/testsuit/test_operation_matrix.py:354: in test_graphene_nanoribbon
    assert text and text.strip().startswith("{"), f"Invalid response for generate_nanoribbon: {text[:200] if text else 'empty'}"
E   AssertionError: Invalid response for generate_nanoribbon: Python execution failed: {"code":"E6001","message":"Python script execution failed: ImportError: cannot import name 'generate_janus_tmd' from 'generators.two_d.janus' (/home/niel/git/crystal-mcp-serve
E   assert ('Python execution failed: {"code":"E6001","message":"Python script execution failed: ImportError: cannot import name \'generate_janus_tmd\' from \'generators.two_d.janus\' (/home/niel/git/crystal-mcp-server/src/python/generators/two_d/janus.py). Did you mean: \'generate_janus_2d\'?","details":{"scriptName":"comprehensive_structures.py","error":"ImportError: cannot import name \'generate_janus_tmd\' from \'generators.two_d.janus\' (/home/niel/git/crystal-mcp-server/src/python/generators/two_d/janus.py). Did you mean: \'generate_janus_2d\'?","stderr":"Traceback (most recent call last):\\n  File \\"/home/niel/git/crystal-mcp-server/src/python/comprehensive_structures.py\\", line 507, in &lt;module&gt;\\n    result = handle_request(input_data)\\n             ^^^^^^^^^^^^^^^^^^^^^^^^^^\\n  File \\"/home/niel/git/crystal-mcp-server/src/python/comprehensive_structures.py\\", line 64, in handle_request\\n    module = importlib.import_module(module_path)\\n             ^^^^^^^^^^^^^^^^^^^^^^^^^^^^^^^^^^^^\\n  File \\"/usr/lib/python3.12/importlib/__init__.py\\", line 90, in import_module\\n    return _bootstrap._gcd_import(name[level:], package, level)\\n           ^^^^^^^^^^^^^^^^^^^^^^^^^^^^^^^^^^^^^^^^^^^^^^^^^^^^\\n  File \\"&lt;frozen importlib._bootstrap&gt;\\", line 1387, in _gcd_import\\n  File \\"&lt;frozen importlib._bootstrap&gt;\\", line 1360, in _find_and_load\\n  File \\"&lt;frozen importlib._bootstrap&gt;\\", line 1310, in _find_and_load_unlocked\\n  File \\"&lt;frozen importlib._bootstrap&gt;\\", line 488, in _call_with_frames_removed\\n  File \\"&lt;frozen importlib._bootstrap&gt;\\", line 1387, in _gcd_import\\n  File \\"&lt;frozen importlib._bootstrap&gt;\\", line 1360, in _find_and_load\\n  File \\"&lt;frozen importlib._bootstrap&gt;\\", line 1331, in _find_and_load_unlocked\\n  File \\"&lt;frozen importlib._bootstrap&gt;\\", line 935, in _load_unlocked\\n  File \\"&lt;frozen importlib._bootstrap_external&gt;\\", line 995, in exec_module\\n  File \\"&lt;frozen importlib._bootstrap&gt;\\", line 488, in _call_with_frames_removed\\n  File \\"/home/niel/git/crystal-mcp-server/src/python/generators/two_d/__init__.py\\", line 32, in &lt;module&gt;\\n    from .janus import generate_janus_tmd, JANUS_MATERIALS\\nImportError: cannot import name \'generate_janus_tmd\' from \'generators.two_d.janus\' (/home/niel/git/crystal-mcp-server/src/python/generators/two_d/janus.py). Did you mean: \'generate_janus_2d\'?"},"suggestions":["Check Python installation","Verify script syntax","Check for missing dependencies","Review error messages in stderr"],"recoverable":true,"timestamp":"2025-12-25T06:32:23.808Z"}' and False)
E    +  where False = &lt;built-in method startswith of str object at 0x49734700&gt;('{')
E    +    where &lt;built-in method startswith of str object at 0x49734700&gt; = 'Python execution failed: {"code":"E6001","message":"Python script execution failed: ImportError: cannot import name \'generate_janus_tmd\' from \'generators.two_d.janus\' (/home/niel/git/crystal-mcp-server/src/python/generators/two_d/janus.py). Did you mean: \'generate_janus_2d\'?","details":{"scriptName":"comprehensive_structures.py","error":"ImportError: cannot import name \'generate_janus_tmd\' from \'generators.two_d.janus\' (/home/niel/git/crystal-mcp-server/src/python/generators/two_d/janus.py). Did you mean: \'generate_janus_2d\'?","stderr":"Traceback (most recent call last):\\n  File \\"/home/niel/git/crystal-mcp-server/src/python/comprehensive_structures.py\\", line 507, in &lt;module&gt;\\n    result = handle_request(input_data)\\n             ^^^^^^^^^^^^^^^^^^^^^^^^^^\\n  File \\"/home/niel/git/crystal-mcp-server/src/python/comprehensive_structures.py\\", line 64, in handle_request\\n    module = importlib.import_module(module_path)\\n             ^^^^^^^^^^^^^^^^^^^^^^^^^^^^^^^^^^^^\\n  File \\"/usr/lib/python3.12/importlib/__init__.py\\", line 90, in import_module\\n    return _bootstrap._gcd_import(name[level:], package, level)\\n           ^^^^^^^^^^^^^^^^^^^^^^^^^^^^^^^^^^^^^^^^^^^^^^^^^^^^\\n  File \\"&lt;frozen importlib._bootstrap&gt;\\", line 1387, in _gcd_import\\n  File \\"&lt;frozen importlib._bootstrap&gt;\\", line 1360, in _find_and_load\\n  File \\"&lt;frozen importlib._bootstrap&gt;\\", line 1310, in _find_and_load_unlocked\\n  File \\"&lt;frozen importlib._bootstrap&gt;\\", line 488, in _call_with_frames_removed\\n  File \\"&lt;frozen importlib._bootstrap&gt;\\", line 1387, in _gcd_import\\n  File \\"&lt;frozen importlib._bootstrap&gt;\\", line 1360, in _find_and_load\\n  File \\"&lt;frozen importlib._bootstrap&gt;\\", line 1331, in _find_and_load_unlocked\\n  File \\"&lt;frozen importlib._bootstrap&gt;\\", line 935, in _load_unlocked\\n  File \\"&lt;frozen importlib._bootstrap_external&gt;\\", line 995, in exec_module\\n  File \\"&lt;frozen importlib._bootstrap&gt;\\", line 488, in _call_with_frames_removed\\n  File \\"/home/niel/git/crystal-mcp-server/src/python/generators/two_d/__init__.py\\", line 32, in &lt;module&gt;\\n    from .janus import generate_janus_tmd, JANUS_MATERIALS\\nImportError: cannot import name \'generate_janus_tmd\' from \'generators.two_d.janus\' (/home/niel/git/crystal-mcp-server/src/python/generators/two_d/janus.py). Did you mean: \'generate_janus_2d\'?"},"suggestions":["Check Python installation","Verify script syntax","Check for missing dependencies","Review error messages in stderr"],"recoverable":true,"timestamp":"2025-12-25T06:32:23.808Z"}'.startswith
E    +      where 'Python execution failed: {"code":"E6001","message":"Python script execution failed: ImportError: cannot import name \'generate_janus_tmd\' from \'generators.two_d.janus\' (/home/niel/git/crystal-mcp-server/src/python/generators/two_d/janus.py). Did you mean: \'generate_janus_2d\'?","details":{"scriptName":"comprehensive_structures.py","error":"ImportError: cannot import name \'generate_janus_tmd\' from \'generators.two_d.janus\' (/home/niel/git/crystal-mcp-server/src/python/generators/two_d/janus.py). Did you mean: \'generate_janus_2d\'?","stderr":"Traceback (most recent call last):\\n  File \\"/home/niel/git/crystal-mcp-server/src/python/comprehensive_structures.py\\", line 507, in &lt;module&gt;\\n    result = handle_request(input_data)\\n             ^^^^^^^^^^^^^^^^^^^^^^^^^^\\n  File \\"/home/niel/git/crystal-mcp-server/src/python/comprehensive_structures.py\\", line 64, in handle_request\\n    module = importlib.import_module(module_path)\\n             ^^^^^^^^^^^^^^^^^^^^^^^^^^^^^^^^^^^^\\n  File \\"/usr/lib/python3.12/importlib/__init__.py\\", line 90, in import_module\\n    return _bootstrap._gcd_import(name[level:], package, level)\\n           ^^^^^^^^^^^^^^^^^^^^^^^^^^^^^^^^^^^^^^^^^^^^^^^^^^^^\\n  File \\"&lt;frozen importlib._bootstrap&gt;\\", line 1387, in _gcd_import\\n  File \\"&lt;frozen importlib._bootstrap&gt;\\", line 1360, in _find_and_load\\n  File \\"&lt;frozen importlib._bootstrap&gt;\\", line 1310, in _find_and_load_unlocked\\n  File \\"&lt;frozen importlib._bootstrap&gt;\\", line 488, in _call_with_frames_removed\\n  File \\"&lt;frozen importlib._bootstrap&gt;\\", line 1387, in _gcd_import\\n  File \\"&lt;frozen importlib._bootstrap&gt;\\", line 1360, in _find_and_load\\n  File \\"&lt;frozen importlib._bootstrap&gt;\\", line 1331, in _find_and_load_unlocked\\n  File \\"&lt;frozen importlib._bootstrap&gt;\\", line 935, in _load_unlocked\\n  File \\"&lt;frozen importlib._bootstrap_external&gt;\\", line 995, in exec_module\\n  File \\"&lt;frozen importlib._bootstrap&gt;\\", line 488, in _call_with_frames_removed\\n  File \\"/home/niel/git/crystal-mcp-server/src/python/generators/two_d/__init__.py\\", line 32, in &lt;module&gt;\\n    from .janus import generate_janus_tmd, JANUS_MATERIALS\\nImportError: cannot import name \'generate_janus_tmd\' from \'generators.two_d.janus\' (/home/niel/git/crystal-mcp-server/src/python/generators/two_d/janus.py). Did you mean: \'generate_janus_2d\'?"},"suggestions":["Check Python installation","Verify script syntax","Check for missing dependencies","Review error messages in stderr"],"recoverable":true,"timestamp":"2025-12-25T06:32:23.808Z"}' = &lt;built-in method strip of str object at 0x49734700&gt;()
E    +        where &lt;built-in method strip of str object at 0x49734700&gt; = 'Python execution failed: {"code":"E6001","message":"Python script execution failed: ImportError: cannot import name \'generate_janus_tmd\' from \'generators.two_d.janus\' (/home/niel/git/crystal-mcp-server/src/python/generators/two_d/janus.py). Did you mean: \'generate_janus_2d\'?","details":{"scriptName":"comprehensive_structures.py","error":"ImportError: cannot import name \'generate_janus_tmd\' from \'generators.two_d.janus\' (/home/niel/git/crystal-mcp-server/src/python/generators/two_d/janus.py). Did you mean: \'generate_janus_2d\'?","stderr":"Traceback (most recent call last):\\n  File \\"/home/niel/git/crystal-mcp-server/src/python/comprehensive_structures.py\\", line 507, in &lt;module&gt;\\n    result = handle_request(input_data)\\n             ^^^^^^^^^^^^^^^^^^^^^^^^^^\\n  File \\"/home/niel/git/crystal-mcp-server/src/python/comprehensive_structures.py\\", line 64, in handle_request\\n    module = importlib.import_module(module_path)\\n             ^^^^^^^^^^^^^^^^^^^^^^^^^^^^^^^^^^^^\\n  File \\"/usr/lib/python3.12/importlib/__init__.py\\", line 90, in import_module\\n    return _bootstrap._gcd_import(name[level:], package, level)\\n           ^^^^^^^^^^^^^^^^^^^^^^^^^^^^^^^^^^^^^^^^^^^^^^^^^^^^\\n  File \\"&lt;frozen importlib._bootstrap&gt;\\", line 1387, in _gcd_import\\n  File \\"&lt;frozen importlib._bootstrap&gt;\\", line 1360, in _find_and_load\\n  File \\"&lt;frozen importlib._bootstrap&gt;\\", line 1310, in _find_and_load_unlocked\\n  File \\"&lt;frozen importlib._bootstrap&gt;\\", line 488, in _call_with_frames_removed\\n  File \\"&lt;frozen importlib._bootstrap&gt;\\", line 1387, in _gcd_import\\n  File \\"&lt;frozen importlib._bootstrap&gt;\\", line 1360, in _find_and_load\\n  File \\"&lt;frozen importlib._bootstrap&gt;\\", line 1331, in _find_and_load_unlocked\\n  File \\"&lt;frozen importlib._bootstrap&gt;\\", line 935, in _load_unlocked\\n  File \\"&lt;frozen importlib._bootstrap_external&gt;\\", line 995, in exec_module\\n  File \\"&lt;frozen importlib._bootstrap&gt;\\", line 488, in _call_with_frames_removed\\n  File \\"/home/niel/git/crystal-mcp-server/src/python/generators/two_d/__init__.py\\", line 32, in &lt;module&gt;\\n    from .janus import generate_janus_tmd, JANUS_MATERIALS\\nImportError: cannot import name \'generate_janus_tmd\' from \'generators.two_d.janus\' (/home/niel/git/crystal-mcp-server/src/python/generators/two_d/janus.py). Did you mean: \'generate_janus_2d\'?"},"suggestions":["Check Python installation","Verify script syntax","Check for missing dependencies","Review error messages in stderr"],"recoverable":true,"timestamp":"2025-12-25T06:32:23.808Z"}'.strip</failure></testcase><testcase classname="test_operation_matrix.TestTwistronics" name="test_twisted_bilayer_graphene" time="1.939" /><testcase classname="test_operation_matrix.TestTwistronics" name="test_moire_superlattice" time="1.986" /><testcase classname="test_operation_matrix.TestMolecularCrystals" name="test_benzene_crystal" time="1.590" /><testcase classname="test_operation_matrix.TestMolecularCrystals" name="test_ice_structures" time="1.595" /><testcase classname="test_operation_matrix.TestNanostructures" name="test_quantum_dot" time="2.124" /><testcase classname="test_operation_matrix.TestNanostructures" name="test_nanowire" time="1.958" /><testcase classname="test_operation_matrix.TestAdvancedMaterials" name="test_topological_insulator" time="2.247" /><testcase classname="test_operation_matrix.TestAdvancedMaterials" name="test_magnetic_structure" time="1.871" /><testcase classname="test_operation_matrix.TestTransformationOperations" name="test_all_strain_types" time="3.072"><failure message="json.decoder.JSONDecodeError: Expecting value: line 1 column 1 (char 0)">tests/testsuit/test_operation_matrix.py:568: in test_all_strain_types
    data = json.loads(res["result"]["content"][-1]["text"])
/usr/lib/python3.12/json/__init__.py:346: in loads
    return _default_decoder.decode(s)
/usr/lib/python3.12/json/decoder.py:337: in decode
    obj, end = self.raw_decode(s, idx=_w(s, 0).end())
/usr/lib/python3.12/json/decoder.py:355: in raw_decode
    raise JSONDecodeError("Expecting value", s, err.value) from None
E   json.decoder.JSONDecodeError: Expecting value: line 1 column 1 (char 0)</failure></testcase><testcase classname="test_operation_matrix.TestTransformationOperations" name="test_heterostructure_creation" time="3.096" /><testcase classname="test_operation_matrix.TestAllExportFormats" name="test_export_format[export_vasp]" time="2.618"><failure message="AssertionError: assert False is True&#10; +  where False = &lt;built-in method get of dict object at 0x7dfef7950300&gt;('success')&#10; +    where &lt;built-in method get of dict object at 0x7dfef7950300&gt; = {'error': {'code': 'MISSING_REQUIRED_PARAMETER', 'message': 'Missing required parameters: structure', 'operation': 'export_vasp'}, 'success': False}.get">tests/testsuit/test_operation_matrix.py:666: in test_export_format
    assert data.get("success") is True
E   AssertionError: assert False is True
E    +  where False = &lt;built-in method get of dict object at 0x7dfef7950300&gt;('success')
E    +    where &lt;built-in method get of dict object at 0x7dfef7950300&gt; = {'error': {'code': 'MISSING_REQUIRED_PARAMETER', 'message': 'Missing required parameters: structure', 'operation': 'export_vasp'}, 'success': False}.get</failure></testcase><testcase classname="test_operation_matrix.TestAllExportFormats" name="test_export_format[export_cif]" time="2.613"><failure message="AssertionError: assert False is True&#10; +  where False = &lt;built-in method get of dict object at 0x7dfef79c9b40&gt;('success')&#10; +    where &lt;built-in method get of dict object at 0x7dfef79c9b40&gt; = {'error': {'code': 'MISSING_REQUIRED_PARAMETER', 'message': 'Missing required parameters: structure', 'operation': 'export_cif'}, 'success': False}.get">tests/testsuit/test_operation_matrix.py:666: in test_export_format
    assert data.get("success") is True
E   AssertionError: assert False is True
E    +  where False = &lt;built-in method get of dict object at 0x7dfef79c9b40&gt;('success')
E    +    where &lt;built-in method get of dict object at 0x7dfef79c9b40&gt; = {'error': {'code': 'MISSING_REQUIRED_PARAMETER', 'message': 'Missing required parameters: structure', 'operation': 'export_cif'}, 'success': False}.get</failure></testcase><testcase classname="test_operation_matrix.TestAllExportFormats" name="test_export_format[export_xyz]" time="2.617"><failure message="AssertionError: assert False is True&#10; +  where False = &lt;built-in method get of dict object at 0x7dfef780e980&gt;('success')&#10; +    where &lt;built-in method get of dict object at 0x7dfef780e980&gt; = {'error': {'code': 'MISSING_REQUIRED_PARAMETER', 'message': 'Missing required parameters: structure', 'operation': 'export_xyz'}, 'success': False}.get">tests/testsuit/test_operation_matrix.py:666: in test_export_format
    assert data.get("success") is True
E   AssertionError: assert False is True
E    +  where False = &lt;built-in method get of dict object at 0x7dfef780e980&gt;('success')
E    +    where &lt;built-in method get of dict object at 0x7dfef780e980&gt; = {'error': {'code': 'MISSING_REQUIRED_PARAMETER', 'message': 'Missing required parameters: structure', 'operation': 'export_xyz'}, 'success': False}.get</failure></testcase><testcase classname="test_operation_matrix.TestOperationCount" name="test_verify_operation_count" time="1.559" /><testcase classname="test_operation_matrix.TestStressOperations" name="test_rapid_space_group_scan" time="7.919" /><testcase classname="test_mcp_e2e.TestProtocolBasics" name="test_initialize" time="1.515" /><testcase classname="test_mcp_e2e.TestProtocolBasics" name="test_initialize_invalid_version" time="1.508" /><testcase classname="test_mcp_e2e.TestProtocolBasics" name="test_call_before_initialize" time="1.516" /><testcase classname="test_mcp_e2e.TestProtocolBasics" name="test_malformed_json" time="2.509" /><testcase classname="test_mcp_e2e.TestProtocolBasics" name="test_invalid_jsonrpc_version" time="2.511" /><testcase classname="test_mcp_e2e.TestToolManagement" name="test_tools_list" time="1.526" /><testcase classname="test_mcp_e2e.TestToolManagement" name="test_tool_not_found" time="1.515" /><testcase classname="test_mcp_e2e.TestToolExecution" name="test_generate_structure_valid" time="2.212" /><testcase classname="test_mcp_e2e.TestToolExecution" name="test_generate_invalid_spacegroup" time="1.517"><failure message="json.decoder.JSONDecodeError: Expecting value: line 1 column 1 (char 0)">tests/testsuit/test_mcp_e2e.py:316: in test_generate_invalid_spacegroup
    data = json.loads(content_text)
/usr/lib/python3.12/json/__init__.py:346: in loads
    return _default_decoder.decode(s)
/usr/lib/python3.12/json/decoder.py:337: in decode
    obj, end = self.raw_decode(s, idx=_w(s, 0).end())
/usr/lib/python3.12/json/decoder.py:355: in raw_decode
    raise JSONDecodeError("Expecting value", s, err.value) from None
E   json.decoder.JSONDecodeError: Expecting value: line 1 column 1 (char 0)</failure></testcase><testcase classname="test_mcp_e2e.TestToolExecution" name="test_generate_missing_required_params" time="2.117" /><testcase classname="test_mcp_e2e.TestToolExecution" name="test_generate_wrong_param_types" time="1.514"><failure message="json.decoder.JSONDecodeError: Expecting value: line 1 column 1 (char 0)">tests/testsuit/test_mcp_e2e.py:353: in test_generate_wrong_param_types
    data = json.loads(content_text)
/usr/lib/python3.12/json/__init__.py:346: in loads
    return _default_decoder.decode(s)
/usr/lib/python3.12/json/decoder.py:337: in decode
    obj, end = self.raw_decode(s, idx=_w(s, 0).end())
/usr/lib/python3.12/json/decoder.py:355: in raw_decode
    raise JSONDecodeError("Expecting value", s, err.value) from None
E   json.decoder.JSONDecodeError: Expecting value: line 1 column 1 (char 0)</failure></testcase><testcase classname="test_mcp_e2e.TestToolExecution" name="test_export_vasp_valid" time="2.702"><failure message="AssertionError: assert False is True&#10; +  where False = &lt;built-in method get of dict object at 0x7dfef7b51440&gt;('success')&#10; +    where &lt;built-in method get of dict object at 0x7dfef7b51440&gt; = {'error': {'code': 'MISSING_REQUIRED_PARAMETER', 'message': 'Missing required parameters: structure', 'operation': 'export_vasp'}, 'success': False}.get">tests/testsuit/test_mcp_e2e.py:394: in test_export_vasp_valid
    assert export_data.get("success") is True
E   AssertionError: assert False is True
E    +  where False = &lt;built-in method get of dict object at 0x7dfef7b51440&gt;('success')
E    +    where &lt;built-in method get of dict object at 0x7dfef7b51440&gt; = {'error': {'code': 'MISSING_REQUIRED_PARAMETER', 'message': 'Missing required parameters: structure', 'operation': 'export_vasp'}, 'success': False}.get</failure></testcase><testcase classname="test_mcp_e2e.TestToolExecution" name="test_export_invalid_structure" time="1.901" /><testcase classname="test_mcp_e2e.TestResourcesAndPrompts" name="test_resources_list" time="1.512" /><testcase classname="test_mcp_e2e.TestResourcesAndPrompts" name="test_prompts_list" time="1.515" /><testcase classname="test_mcp_e2e.TestPerformance" name="test_rapid_requests" time="1.535" /><testcase classname="test_mcp_e2e.TestPerformance" name="test_large_structure_generation" time="2.366" /><testcase classname="test_mcp_e2e.TestEndToEndWorkflows" name="test_generate_and_export_workflow" time="2.609"><failure message="AssertionError: assert False is True&#10; +  where False = &lt;built-in method get of dict object at 0x7dfef76860c0&gt;('success')&#10; +    where &lt;built-in method get of dict object at 0x7dfef76860c0&gt; = {'error': {'code': 'MISSING_REQUIRED_PARAMETER', 'message': 'Missing required parameters: structure', 'operation': 'export_vasp'}, 'success': False}.get">tests/testsuit/test_mcp_e2e.py:528: in test_generate_and_export_workflow
    assert export_data.get("success") is True
E   AssertionError: assert False is True
E    +  where False = &lt;built-in method get of dict object at 0x7dfef76860c0&gt;('success')
E    +    where &lt;built-in method get of dict object at 0x7dfef76860c0&gt; = {'error': {'code': 'MISSING_REQUIRED_PARAMETER', 'message': 'Missing required parameters: structure', 'operation': 'export_vasp'}, 'success': False}.get</failure></testcase><testcase classname="test_all_operations.TestOperationRegistry" name="test_all_operations_registered" time="0.001" /><testcase classname="test_all_operations.TestOperationRegistry" name="test_all_functions_importable" time="0.053"><failure message="ImportError: cannot import name 'generate_janus_tmd' from 'generators.two_d.janus' (/home/niel/git/crystal-mcp-server/src/python/generators/two_d/janus.py)">tests/testsuit/test_all_operations.py:337: in test_all_functions_importable
    if importlib.util.find_spec(module_path) is None:
&lt;frozen importlib.util&gt;:92: in find_spec
    ???
src/python/generators/two_d/__init__.py:32: in &lt;module&gt;
    from .janus import generate_janus_tmd, JANUS_MATERIALS
E   ImportError: cannot import name 'generate_janus_tmd' from 'generators.two_d.janus' (/home/niel/git/crystal-mcp-server/src/python/generators/two_d/janus.py)</failure></testcase><testcase classname="test_all_operations.TestBulkOperations" name="test_bulk_generation[generate_from_spacegroup]" time="0.104" /><testcase classname="test_all_operations.TestBulkOperations" name="test_bulk_generation[generate_prototype]" time="0.115" /><testcase classname="test_all_operations.TestBulkOperations" name="test_bulk_generation[generate_perovskite]" time="0.005" /><testcase classname="test_all_operations.TestBulkOperations" name="test_bulk_generation[generate_double_perovskite]" time="0.021" /><testcase classname="test_all_operations.TestBulkOperations" name="test_bulk_generation[generate_ruddlesden_popper]" time="0.002" /><testcase classname="test_all_operations.TestDefectOperations" name="test_defect_generation[generate_vacancy]" time="0.000" /><testcase classname="test_all_operations.TestDefectOperations" name="test_defect_generation[generate_interstitial]" time="0.000" /><testcase classname="test_all_operations.TestDefectOperations" name="test_defect_generation[generate_substitution]" time="0.000" /><testcase classname="test_all_operations.TestDefectOperations" name="test_defect_generation[generate_frenkel_pair]" time="0.000" /><testcase classname="test_all_operations.TestDefectOperations" name="test_defect_generation[generate_amorphous_structure]" time="0.053" /><testcase classname="test_all_operations.TestSurfaceOperations" name="test_surface_generation[generate_nanoparticle]" time="0.009" /><testcase classname="test_all_operations.TestSurfaceOperations" name="test_surface_generation[generate_reconstruction]" time="0.001" /><testcase classname="test_all_operations.Test2DOperations" name="test_2d_generation[generate_graphene]" time="0.001"><failure message="ImportError: cannot import name 'generate_janus_tmd' from 'generators.two_d.janus' (/home/niel/git/crystal-mcp-server/src/python/generators/two_d/janus.py)">tests/testsuit/test_all_operations.py:447: in test_2d_generation
    module = importlib.import_module(op_info["module"])
/usr/lib/python3.12/importlib/__init__.py:90: in import_module
    return _bootstrap._gcd_import(name[level:], package, level)
&lt;frozen importlib._bootstrap&gt;:1387: in _gcd_import
    ???
&lt;frozen importlib._bootstrap&gt;:1360: in _find_and_load
    ???
&lt;frozen importlib._bootstrap&gt;:1310: in _find_and_load_unlocked
    ???
&lt;frozen importlib._bootstrap&gt;:488: in _call_with_frames_removed
    ???
&lt;frozen importlib._bootstrap&gt;:1387: in _gcd_import
    ???
&lt;frozen importlib._bootstrap&gt;:1360: in _find_and_load
    ???
&lt;frozen importlib._bootstrap&gt;:1331: in _find_and_load_unlocked
    ???
&lt;frozen importlib._bootstrap&gt;:935: in _load_unlocked
    ???
&lt;frozen importlib._bootstrap_external&gt;:995: in exec_module
    ???
&lt;frozen importlib._bootstrap&gt;:488: in _call_with_frames_removed
    ???
src/python/generators/two_d/__init__.py:32: in &lt;module&gt;
    from .janus import generate_janus_tmd, JANUS_MATERIALS
E   ImportError: cannot import name 'generate_janus_tmd' from 'generators.two_d.janus' (/home/niel/git/crystal-mcp-server/src/python/generators/two_d/janus.py)</failure></testcase><testcase classname="test_all_operations.Test2DOperations" name="test_2d_generation[generate_silicene]" time="0.001"><failure message="ImportError: cannot import name 'generate_janus_tmd' from 'generators.two_d.janus' (/home/niel/git/crystal-mcp-server/src/python/generators/two_d/janus.py)">tests/testsuit/test_all_operations.py:447: in test_2d_generation
    module = importlib.import_module(op_info["module"])
/usr/lib/python3.12/importlib/__init__.py:90: in import_module
    return _bootstrap._gcd_import(name[level:], package, level)
&lt;frozen importlib._bootstrap&gt;:1387: in _gcd_import
    ???
&lt;frozen importlib._bootstrap&gt;:1360: in _find_and_load
    ???
&lt;frozen importlib._bootstrap&gt;:1310: in _find_and_load_unlocked
    ???
&lt;frozen importlib._bootstrap&gt;:488: in _call_with_frames_removed
    ???
&lt;frozen importlib._bootstrap&gt;:1387: in _gcd_import
    ???
&lt;frozen importlib._bootstrap&gt;:1360: in _find_and_load
    ???
&lt;frozen importlib._bootstrap&gt;:1331: in _find_and_load_unlocked
    ???
&lt;frozen importlib._bootstrap&gt;:935: in _load_unlocked
    ???
&lt;frozen importlib._bootstrap_external&gt;:995: in exec_module
    ???
&lt;frozen importlib._bootstrap&gt;:488: in _call_with_frames_removed
    ???
src/python/generators/two_d/__init__.py:32: in &lt;module&gt;
    from .janus import generate_janus_tmd, JANUS_MATERIALS
E   ImportError: cannot import name 'generate_janus_tmd' from 'generators.two_d.janus' (/home/niel/git/crystal-mcp-server/src/python/generators/two_d/janus.py)</failure></testcase><testcase classname="test_all_operations.Test2DOperations" name="test_2d_generation[generate_tmd]" time="0.001"><failure message="ImportError: cannot import name 'generate_janus_tmd' from 'generators.two_d.janus' (/home/niel/git/crystal-mcp-server/src/python/generators/two_d/janus.py)">tests/testsuit/test_all_operations.py:447: in test_2d_generation
    module = importlib.import_module(op_info["module"])
/usr/lib/python3.12/importlib/__init__.py:90: in import_module
    return _bootstrap._gcd_import(name[level:], package, level)
&lt;frozen importlib._bootstrap&gt;:1387: in _gcd_import
    ???
&lt;frozen importlib._bootstrap&gt;:1360: in _find_and_load
    ???
&lt;frozen importlib._bootstrap&gt;:1310: in _find_and_load_unlocked
    ???
&lt;frozen importlib._bootstrap&gt;:488: in _call_with_frames_removed
    ???
&lt;frozen importlib._bootstrap&gt;:1387: in _gcd_import
    ???
&lt;frozen importlib._bootstrap&gt;:1360: in _find_and_load
    ???
&lt;frozen importlib._bootstrap&gt;:1331: in _find_and_load_unlocked
    ???
&lt;frozen importlib._bootstrap&gt;:935: in _load_unlocked
    ???
&lt;frozen importlib._bootstrap_external&gt;:995: in exec_module
    ???
&lt;frozen importlib._bootstrap&gt;:488: in _call_with_frames_removed
    ???
src/python/generators/two_d/__init__.py:32: in &lt;module&gt;
    from .janus import generate_janus_tmd, JANUS_MATERIALS
E   ImportError: cannot import name 'generate_janus_tmd' from 'generators.two_d.janus' (/home/niel/git/crystal-mcp-server/src/python/generators/two_d/janus.py)</failure></testcase><testcase classname="test_all_operations.Test2DOperations" name="test_2d_generation[generate_mxene]" time="0.001"><failure message="ImportError: cannot import name 'generate_janus_tmd' from 'generators.two_d.janus' (/home/niel/git/crystal-mcp-server/src/python/generators/two_d/janus.py)">tests/testsuit/test_all_operations.py:447: in test_2d_generation
    module = importlib.import_module(op_info["module"])
/usr/lib/python3.12/importlib/__init__.py:90: in import_module
    return _bootstrap._gcd_import(name[level:], package, level)
&lt;frozen importlib._bootstrap&gt;:1387: in _gcd_import
    ???
&lt;frozen importlib._bootstrap&gt;:1360: in _find_and_load
    ???
&lt;frozen importlib._bootstrap&gt;:1310: in _find_and_load_unlocked
    ???
&lt;frozen importlib._bootstrap&gt;:488: in _call_with_frames_removed
    ???
&lt;frozen importlib._bootstrap&gt;:1387: in _gcd_import
    ???
&lt;frozen importlib._bootstrap&gt;:1360: in _find_and_load
    ???
&lt;frozen importlib._bootstrap&gt;:1331: in _find_and_load_unlocked
    ???
&lt;frozen importlib._bootstrap&gt;:935: in _load_unlocked
    ???
&lt;frozen importlib._bootstrap_external&gt;:995: in exec_module
    ???
&lt;frozen importlib._bootstrap&gt;:488: in _call_with_frames_removed
    ???
src/python/generators/two_d/__init__.py:32: in &lt;module&gt;
    from .janus import generate_janus_tmd, JANUS_MATERIALS
E   ImportError: cannot import name 'generate_janus_tmd' from 'generators.two_d.janus' (/home/niel/git/crystal-mcp-server/src/python/generators/two_d/janus.py)</failure></testcase><testcase classname="test_all_operations.Test2DOperations" name="test_2d_generation[generate_janus_tmd]" time="0.001"><failure message="ImportError: cannot import name 'generate_janus_tmd' from 'generators.two_d.janus' (/home/niel/git/crystal-mcp-server/src/python/generators/two_d/janus.py)">tests/testsuit/test_all_operations.py:447: in test_2d_generation
    module = importlib.import_module(op_info["module"])
/usr/lib/python3.12/importlib/__init__.py:90: in import_module
    return _bootstrap._gcd_import(name[level:], package, level)
&lt;frozen importlib._bootstrap&gt;:1387: in _gcd_import
    ???
&lt;frozen importlib._bootstrap&gt;:1360: in _find_and_load
    ???
&lt;frozen importlib._bootstrap&gt;:1310: in _find_and_load_unlocked
    ???
&lt;frozen importlib._bootstrap&gt;:488: in _call_with_frames_removed
    ???
&lt;frozen importlib._bootstrap&gt;:1387: in _gcd_import
    ???
&lt;frozen importlib._bootstrap&gt;:1360: in _find_and_load
    ???
&lt;frozen importlib._bootstrap&gt;:1331: in _find_and_load_unlocked
    ???
&lt;frozen importlib._bootstrap&gt;:935: in _load_unlocked
    ???
&lt;frozen importlib._bootstrap_external&gt;:995: in exec_module
    ???
&lt;frozen importlib._bootstrap&gt;:488: in _call_with_frames_removed
    ???
src/python/generators/two_d/__init__.py:32: in &lt;module&gt;
    from .janus import generate_janus_tmd, JANUS_MATERIALS
E   ImportError: cannot import name 'generate_janus_tmd' from 'generators.two_d.janus' (/home/niel/git/crystal-mcp-server/src/python/generators/two_d/janus.py)</failure></testcase><testcase classname="test_all_operations.TestElectronicOperations" name="test_electronic_generation[generate_topological_insulator]" time="0.002" /><testcase classname="test_all_operations.TestElectronicOperations" name="test_electronic_generation[generate_superconductor]" time="0.001" /><testcase classname="test_all_operations.TestMagneticOperations" name="test_magnetic_generation[generate_magnetic_structure]" time="0.001" /><testcase classname="test_all_operations.TestMagneticOperations" name="test_magnetic_generation[generate_heusler]" time="0.000" /><testcase classname="test_all_operations.TestMoleculeOperations" name="test_molecule_generation[generate_fullerene]" time="0.001" /><testcase classname="test_all_operations.TestMoleculeOperations" name="test_molecule_generation[generate_metal_cluster]" time="0.000" /><testcase classname="test_all_operations.TestMoleculeOperations" name="test_molecule_generation[generate_mof]" time="0.001" /><testcase classname="test_all_operations.TestQualityControlOperations" name="test_qc_operations[analyze_symmetry]" time="0.009" /><testcase classname="test_all_operations.TestQualityControlOperations" name="test_qc_operations[validate_structure]" time="0.003" /><testcase classname="test_all_operations.TestQualityControlOperations" name="test_qc_operations[get_subgroups]" time="0.936" /><testcase classname="test_all_operations.TestQualityControlOperations" name="test_qc_operations[get_symmetry_path]" time="0.666" /><testcase classname="test_all_operations.TestQualityControlOperations" name="test_qc_operations[transform_to_subgroup]" time="0.094" /><testcase classname="test_all_operations.TestExportOperations" name="test_export_operations[export_vasp]" time="0.001" /><testcase classname="test_all_operations.TestExportOperations" name="test_export_operations[export_cif]" time="0.000" /><testcase classname="test_all_operations.TestExportOperations" name="test_export_operations[export_xyz]" time="0.000" /><testcase classname="test_all_operations.TestAllCategoriesExecution" name="test_category_has_working_operation[adsorption]" time="0.001" /><testcase classname="test_all_operations.TestAllCategoriesExecution" name="test_category_has_working_operation[battery]" time="0.001" /><testcase classname="test_all_operations.TestAllCategoriesExecution" name="test_category_has_working_operation[biomolecular]" time="0.004" /><testcase classname="test_all_operations.TestAllCategoriesExecution" name="test_category_has_working_operation[bulk]" time="0.094" /><testcase classname="test_all_operations.TestAllCategoriesExecution" name="test_category_has_working_operation[catalyst]" time="0.003" /><testcase classname="test_all_operations.TestAllCategoriesExecution" name="test_category_has_working_operation[defect]" time="0.000" /><testcase classname="test_all_operations.TestAllCategoriesExecution" name="test_category_has_working_operation[electronic]" time="0.001" /><testcase classname="test_all_operations.TestAllCategoriesExecution" name="test_category_has_working_operation[external_fields]" time="0.000" /><testcase classname="test_all_operations.TestAllCategoriesExecution" name="test_category_has_working_operation[high_pressure]" time="0.001" /><testcase classname="test_all_operations.TestAllCategoriesExecution" name="test_category_has_working_operation[magnetic]" time="0.001" /><testcase classname="test_all_operations.TestAllCategoriesExecution" name="test_category_has_working_operation[molecule]" time="0.001" /><testcase classname="test_all_operations.TestAllCategoriesExecution" name="test_category_has_working_operation[nanotube]" time="0.003" /><testcase classname="test_all_operations.TestAllCategoriesExecution" name="test_category_has_working_operation[output_formats]" time="0.000" /><testcase classname="test_all_operations.TestAllCategoriesExecution" name="test_category_has_working_operation[photonic]" time="0.005" /><testcase classname="test_all_operations.TestAllCategoriesExecution" name="test_category_has_working_operation[quality_control]" time="0.007" /><testcase classname="test_all_operations.TestAllCategoriesExecution" name="test_category_has_working_operation[quantum]" time="0.004" /><testcase classname="test_all_operations.TestAllCategoriesExecution" name="test_category_has_working_operation[surface]" time="0.030" /><testcase classname="test_all_operations.TestAllCategoriesExecution" name="test_category_has_working_operation[thermoelectric]" time="0.001" /><testcase classname="test_all_operations.TestAllCategoriesExecution" name="test_category_has_working_operation[twist]" time="0.049" /><testcase classname="test_all_operations.TestAllCategoriesExecution" name="test_category_has_working_operation[two_d]" time="0.001"><failure message="ImportError: cannot import name 'generate_janus_tmd' from 'generators.two_d.janus' (/home/niel/git/crystal-mcp-server/src/python/generators/two_d/janus.py)">tests/testsuit/test_all_operations.py:623: in test_category_has_working_operation
    module = importlib.import_module(op_info["module"])
/usr/lib/python3.12/importlib/__init__.py:90: in import_module
    return _bootstrap._gcd_import(name[level:], package, level)
&lt;frozen importlib._bootstrap&gt;:1387: in _gcd_import
    ???
&lt;frozen importlib._bootstrap&gt;:1360: in _find_and_load
    ???
&lt;frozen importlib._bootstrap&gt;:1310: in _find_and_load_unlocked
    ???
&lt;frozen importlib._bootstrap&gt;:488: in _call_with_frames_removed
    ???
&lt;frozen importlib._bootstrap&gt;:1387: in _gcd_import
    ???
&lt;frozen importlib._bootstrap&gt;:1360: in _find_and_load
    ???
&lt;frozen importlib._bootstrap&gt;:1331: in _find_and_load_unlocked
    ???
&lt;frozen importlib._bootstrap&gt;:935: in _load_unlocked
    ???
&lt;frozen importlib._bootstrap_external&gt;:995: in exec_module
    ???
&lt;frozen importlib._bootstrap&gt;:488: in _call_with_frames_removed
    ???
src/python/generators/two_d/__init__.py:32: in &lt;module&gt;
    from .janus import generate_janus_tmd, JANUS_MATERIALS
E   ImportError: cannot import name 'generate_janus_tmd' from 'generators.two_d.janus' (/home/niel/git/crystal-mcp-server/src/python/generators/two_d/janus.py)</failure></testcase><testcase classname="test_new_modules.TestBatteryAnodes" name="test_module_importable" time="0.001" /><testcase classname="test_new_modules.TestBatteryAnodes" name="test_silicon_anode_basic" time="0.003" /><testcase classname="test_new_modules.TestBatteryAnodes" name="test_silicon_anode_lithiated" time="0.003" /><testcase classname="test_new_modules.TestBatteryAnodes" name="test_germanium_anode" time="0.002" /><testcase classname="test_new_modules.TestBatteryAnodes" name="test_tin_anode" time="0.001" /><testcase classname="test_new_modules.TestBatteryAnodes" name="test_phosphorus_anode" time="0.002" /><testcase classname="test_new_modules.TestBatteryAnodes" name="test_sulfur_cathode" time="0.005" /><testcase classname="test_new_modules.TestBatteryAnodes" name="test_metal_anode" time="0.021" /><testcase classname="test_new_modules.TestElectricFields" name="test_module_importable" time="0.000" /><testcase classname="test_new_modules.TestElectricFields" name="test_polarized_cell" time="0.001" /><testcase classname="test_new_modules.TestElectricFields" name="test_ferroelectric_domain" time="0.003" /><testcase classname="test_new_modules.TestElectricFields" name="test_polar_surface" time="0.034" /><testcase classname="test_new_modules.TestElectricFields" name="test_field_induced_phase" time="0.001" /><testcase classname="test_new_modules.TestAdvancedFields" name="test_module_importable" time="0.000" /><testcase classname="test_new_modules.TestAdvancedFields" name="test_floquet_cell" time="0.001" /><testcase classname="test_new_modules.TestAdvancedFields" name="test_phonon_pumped_cell" time="0.001" /><testcase classname="test_new_modules.TestAdvancedFields" name="test_warm_dense_matter" time="2.439" /><testcase classname="test_new_modules.TestAdvancedFields" name="test_laser_shocked_cell" time="0.003" /><testcase classname="test_new_modules.TestAdvancedFields" name="test_bimeron" time="0.009" /><testcase classname="test_new_modules.TestConformers" name="test_module_importable" time="0.000"><skipped type="pytest.skip" message="rdkit not installed">/home/niel/git/crystal-mcp-server/tests/testsuit/test_new_modules.py:237: rdkit not installed</skipped></testcase><testcase classname="test_new_modules.TestConformers" name="test_generate_conformers" time="0.000"><skipped type="pytest.skip" message="rdkit not installed">/home/niel/git/crystal-mcp-server/tests/testsuit/test_new_modules.py:243: rdkit not installed</skipped></testcase><testcase classname="test_new_modules.TestConformers" name="test_generate_tautomers" time="0.000"><skipped type="pytest.skip" message="rdkit not installed">/home/niel/git/crystal-mcp-server/tests/testsuit/test_new_modules.py:249: rdkit not installed</skipped></testcase><testcase classname="test_new_modules.TestConformers" name="test_enumerate_stereoisomers" time="0.000"><skipped type="pytest.skip" message="rdkit not installed">/home/niel/git/crystal-mcp-server/tests/testsuit/test_new_modules.py:255: rdkit not installed</skipped></testcase><testcase classname="test_new_modules.TestDatabaseAdapters" name="test_module_importable" time="0.000" /><testcase classname="test_new_modules.TestDatabaseAdapters" name="test_export_ase_atoms" time="0.001" /><testcase classname="test_new_modules.TestDatabaseAdapters" name="test_export_aiida" time="0.001" /><testcase classname="test_new_modules.TestDatabaseAdapters" name="test_export_aflow" time="0.002" /><testcase classname="test_new_modules.TestDatabaseAdapters" name="test_export_materials_project" time="0.001" /><testcase classname="test_new_modules.TestDatabaseAdapters" name="test_export_optimade" time="0.001" /><testcase classname="test_new_modules.TestDatabaseAdapters" name="test_export_jarvis" time="0.000" /><testcase classname="test_new_modules.TestOptimizer" name="test_module_importable" time="0.000" /><testcase classname="test_new_modules.TestOptimizer" name="test_optimize_structure_ase" time="0.011" /><testcase classname="test_new_modules.TestOptimizer" name="test_optimize_structure_mlff" time="0.000"><skipped type="pytest.skip" message="CUDA compatibility issues - skip for now">/home/niel/git/crystal-mcp-server/tests/testsuit/test_new_modules.py:351: CUDA compatibility issues - skip for now</skipped></testcase><testcase classname="test_new_modules.TestQuasicrystals" name="test_module_importable" time="0.003" /><testcase classname="test_new_modules.TestQuasicrystals" name="test_generate_quasicrystal" time="0.041" /><testcase classname="test_new_modules.TestQuasicrystals" name="test_penrose_tiling_golden_ratio" time="0.057" /><testcase classname="test_new_modules.TestQuasicrystals" name="test_fibonacci_approximant" time="0.001" /><testcase classname="test_new_modules.TestQuasicrystals" name="test_icosahedral_quasicrystal" time="0.002" /><testcase classname="test_new_modules.TestQuasicrystals" name="test_decagonal_quasicrystal" time="0.001" /><testcase classname="test_new_modules.TestArtificialLattices" name="test_module_importable" time="0.000" /><testcase classname="test_new_modules.TestArtificialLattices" name="test_kagome_lattice" time="0.001" /><testcase classname="test_new_modules.TestArtificialLattices" name="test_lieb_lattice" time="0.001" /><testcase classname="test_new_modules.TestArtificialLattices" name="test_checkerboard_lattice" time="0.002" /><testcase classname="test_new_modules.TestArtificialLattices" name="test_dice_lattice" time="0.001" /><testcase classname="test_new_modules.TestArtificialLattices" name="test_honeycomb_variants" time="0.002" /><testcase classname="test_new_modules.TestArtificialLattices" name="test_ruby_lattice" time="0.001" /><testcase classname="test_new_modules.TestHEA2D" name="test_module_importable" time="0.001"><failure message="ImportError: cannot import name 'generate_janus_tmd' from 'generators.two_d.janus' (/home/niel/git/crystal-mcp-server/src/python/generators/two_d/janus.py)">tests/testsuit/test_new_modules.py:467: in test_module_importable
    from generators.two_d import hea_2d
src/python/generators/two_d/__init__.py:32: in &lt;module&gt;
    from .janus import generate_janus_tmd, JANUS_MATERIALS
E   ImportError: cannot import name 'generate_janus_tmd' from 'generators.two_d.janus' (/home/niel/git/crystal-mcp-server/src/python/generators/two_d/janus.py)</failure></testcase><testcase classname="test_new_modules.TestHEA2D" name="test_generate_2d_hea" time="0.001"><failure message="ImportError: cannot import name 'generate_janus_tmd' from 'generators.two_d.janus' (/home/niel/git/crystal-mcp-server/src/python/generators/two_d/janus.py)">tests/testsuit/test_new_modules.py:473: in test_generate_2d_hea
    from generators.two_d.hea_2d import generate_2d_hea
src/python/generators/two_d/__init__.py:32: in &lt;module&gt;
    from .janus import generate_janus_tmd, JANUS_MATERIALS
E   ImportError: cannot import name 'generate_janus_tmd' from 'generators.two_d.janus' (/home/niel/git/crystal-mcp-server/src/python/generators/two_d/janus.py)</failure></testcase><testcase classname="test_new_modules.TestHEA2D" name="test_generate_2d_heo" time="0.001"><failure message="ImportError: cannot import name 'generate_janus_tmd' from 'generators.two_d.janus' (/home/niel/git/crystal-mcp-server/src/python/generators/two_d/janus.py)">tests/testsuit/test_new_modules.py:479: in test_generate_2d_heo
    from generators.two_d.hea_2d import generate_2d_heo
src/python/generators/two_d/__init__.py:32: in &lt;module&gt;
    from .janus import generate_janus_tmd, JANUS_MATERIALS
E   ImportError: cannot import name 'generate_janus_tmd' from 'generators.two_d.janus' (/home/niel/git/crystal-mcp-server/src/python/generators/two_d/janus.py)</failure></testcase><testcase classname="test_new_modules.TestHEA2D" name="test_generate_2d_hec" time="0.001"><failure message="ImportError: cannot import name 'generate_janus_tmd' from 'generators.two_d.janus' (/home/niel/git/crystal-mcp-server/src/python/generators/two_d/janus.py)">tests/testsuit/test_new_modules.py:485: in test_generate_2d_hec
    from generators.two_d.hea_2d import generate_2d_hec
src/python/generators/two_d/__init__.py:32: in &lt;module&gt;
    from .janus import generate_janus_tmd, JANUS_MATERIALS
E   ImportError: cannot import name 'generate_janus_tmd' from 'generators.two_d.janus' (/home/niel/git/crystal-mcp-server/src/python/generators/two_d/janus.py)</failure></testcase><testcase classname="test_new_modules.TestHEA2D" name="test_generate_2d_hen" time="0.001"><failure message="ImportError: cannot import name 'generate_janus_tmd' from 'generators.two_d.janus' (/home/niel/git/crystal-mcp-server/src/python/generators/two_d/janus.py)">tests/testsuit/test_new_modules.py:491: in test_generate_2d_hen
    from generators.two_d.hea_2d import generate_2d_hen
src/python/generators/two_d/__init__.py:32: in &lt;module&gt;
    from .janus import generate_janus_tmd, JANUS_MATERIALS
E   ImportError: cannot import name 'generate_janus_tmd' from 'generators.two_d.janus' (/home/niel/git/crystal-mcp-server/src/python/generators/two_d/janus.py)</failure></testcase><testcase classname="test_new_modules.TestHEA2D" name="test_generate_2d_he_tmd" time="0.001"><failure message="ImportError: cannot import name 'generate_janus_tmd' from 'generators.two_d.janus' (/home/niel/git/crystal-mcp-server/src/python/generators/two_d/janus.py)">tests/testsuit/test_new_modules.py:497: in test_generate_2d_he_tmd
    from generators.two_d.hea_2d import generate_2d_he_tmd
src/python/generators/two_d/__init__.py:32: in &lt;module&gt;
    from .janus import generate_janus_tmd, JANUS_MATERIALS
E   ImportError: cannot import name 'generate_janus_tmd' from 'generators.two_d.janus' (/home/niel/git/crystal-mcp-server/src/python/generators/two_d/janus.py)</failure></testcase><testcase classname="test_new_modules.TestHEA2D" name="test_generate_2d_he_mxene" time="0.001"><failure message="ImportError: cannot import name 'generate_janus_tmd' from 'generators.two_d.janus' (/home/niel/git/crystal-mcp-server/src/python/generators/two_d/janus.py)">tests/testsuit/test_new_modules.py:503: in test_generate_2d_he_mxene
    from generators.two_d.hea_2d import generate_2d_he_mxene
src/python/generators/two_d/__init__.py:32: in &lt;module&gt;
    from .janus import generate_janus_tmd, JANUS_MATERIALS
E   ImportError: cannot import name 'generate_janus_tmd' from 'generators.two_d.janus' (/home/niel/git/crystal-mcp-server/src/python/generators/two_d/janus.py)</failure></testcase><testcase classname="test_new_modules.TestRegistryIntegration" name="test_registry_has_new_operations" time="0.000" /><testcase classname="test_new_modules.TestRegistryIntegration" name="test_total_operations_count" time="0.000" /><testcase classname="test_new_modules.TestRegistryIntegration" name="test_meta_structures_category_exists" time="0.000" /><testcase classname="test_new_modules.TestScientificAccuracy" name="test_golden_ratio_in_quasicrystals" time="0.075" /><testcase classname="test_new_modules.TestScientificAccuracy" name="test_kagome_has_correct_atoms" time="0.002" /><testcase classname="test_scientific_accuracy.TestElementalCrystals" name="test_silicon_diamond" time="0.074" /><testcase classname="test_scientific_accuracy.TestElementalCrystals" name="test_germanium_diamond" time="0.075" /><testcase classname="test_scientific_accuracy.TestElementalCrystals" name="test_copper_fcc" time="0.093" /><testcase classname="test_scientific_accuracy.TestElementalCrystals" name="test_gold_fcc" time="0.097" /><testcase classname="test_scientific_accuracy.TestElementalCrystals" name="test_iron_bcc" time="0.058" /><testcase classname="test_scientific_accuracy.TestElementalCrystals" name="test_tungsten_bcc" time="0.258" /><testcase classname="test_scientific_accuracy.TestBinaryCompounds" name="test_nacl_rocksalt" time="0.113" /><testcase classname="test_scientific_accuracy.TestBinaryCompounds" name="test_mgo_rocksalt" time="0.114" /><testcase classname="test_scientific_accuracy.TestBinaryCompounds" name="test_gaas_zincblende" time="0.064" /><testcase classname="test_scientific_accuracy.TestBinaryCompounds" name="test_zno_wurtzite" time="0.028" /><testcase classname="test_scientific_accuracy.Test2DMaterials" name="test_graphene_lattice_constant" time="0.001"><failure message="ImportError: cannot import name 'generate_janus_tmd' from 'generators.two_d.janus' (/home/niel/git/crystal-mcp-server/src/python/generators/two_d/janus.py)">tests/testsuit/test_scientific_accuracy.py:477: in test_graphene_lattice_constant
    from generators.two_d.xenes import generate_graphene
src/python/generators/two_d/__init__.py:32: in &lt;module&gt;
    from .janus import generate_janus_tmd, JANUS_MATERIALS
E   ImportError: cannot import name 'generate_janus_tmd' from 'generators.two_d.janus' (/home/niel/git/crystal-mcp-server/src/python/generators/two_d/janus.py)</failure></testcase><testcase classname="test_scientific_accuracy.Test2DMaterials" name="test_hbn_lattice_constant" time="0.038" /><testcase classname="test_scientific_accuracy.Test2DMaterials" name="test_mos2_lattice_constant" time="0.001"><failure message="ImportError: cannot import name 'generate_janus_tmd' from 'generators.two_d.janus' (/home/niel/git/crystal-mcp-server/src/python/generators/two_d/janus.py)">tests/testsuit/test_scientific_accuracy.py:510: in test_mos2_lattice_constant
    from generators.two_d.tmds import generate_tmd
src/python/generators/two_d/__init__.py:32: in &lt;module&gt;
    from .janus import generate_janus_tmd, JANUS_MATERIALS
E   ImportError: cannot import name 'generate_janus_tmd' from 'generators.two_d.janus' (/home/niel/git/crystal-mcp-server/src/python/generators/two_d/janus.py)</failure></testcase><testcase classname="test_scientific_accuracy.Test2DMaterials" name="test_graphene_atom_count" time="0.001"><failure message="ImportError: cannot import name 'generate_janus_tmd' from 'generators.two_d.janus' (/home/niel/git/crystal-mcp-server/src/python/generators/two_d/janus.py)">tests/testsuit/test_scientific_accuracy.py:523: in test_graphene_atom_count
    from generators.two_d.xenes import generate_graphene
src/python/generators/two_d/__init__.py:32: in &lt;module&gt;
    from .janus import generate_janus_tmd, JANUS_MATERIALS
E   ImportError: cannot import name 'generate_janus_tmd' from 'generators.two_d.janus' (/home/niel/git/crystal-mcp-server/src/python/generators/two_d/janus.py)</failure></testcase><testcase classname="test_scientific_accuracy.TestTopologicalInsulators" name="test_bi2se3_structure" time="0.070" /><testcase classname="test_scientific_accuracy.TestTopologicalInsulators" name="test_bi2te3_structure" time="0.061" /><testcase classname="test_scientific_accuracy.TestStructureTransformations" name="test_hydrostatic_strain_volume" time="0.095" /><testcase classname="test_scientific_accuracy.TestStructureTransformations" name="test_vacancy_removes_one_atom" time="0.148" /><testcase classname="test_scientific_accuracy.TestSpaceGroupSymmetry" name="test_all_crystal_systems_covered" time="0.247" /><testcase classname="test_scientific_accuracy.TestSpaceGroupSymmetry" name="test_space_group_subgroup_relations" time="0.109" /><testcase classname="test_scientific_accuracy.TestSpaceGroupSymmetry" name="test_symmetry_path_finding" time="0.666" /><testcase classname="test_scientific_accuracy.TestCrystallographicConstraints" name="test_cubic_angles_are_90" time="0.093" /><testcase classname="test_scientific_accuracy.TestCrystallographicConstraints" name="test_cubic_axes_are_equal" time="0.076" /><testcase classname="test_scientific_accuracy.TestCrystallographicConstraints" name="test_hexagonal_gamma_is_120" time="0.026" /><testcase classname="test_scientific_accuracy.TestBatteryMaterials" name="test_lithium_metal_bcc" time="0.077" /><testcase classname="test_scientific_accuracy.TestBatteryMaterials" name="test_silicon_anode_structure" time="0.002" /><testcase classname="test_scientific_accuracy.TestBatteryMaterials" name="test_sulfur_cathode_has_s8_rings" time="0.005" /><testcase classname="test_scientific_accuracy.TestQuasicrystalScientificAccuracy" name="test_penrose_tiling_golden_ratio_precision" time="0.099" /><testcase classname="test_scientific_accuracy.TestQuasicrystalScientificAccuracy" name="test_fibonacci_sequence_in_approximant" time="0.002" /><testcase classname="test_scientific_accuracy.TestQuasicrystalScientificAccuracy" name="test_icosahedral_quasicrystal_symmetry" time="0.002" /><testcase classname="test_scientific_accuracy.TestArtificialLatticeScientificAccuracy" name="test_kagome_has_3_atoms_per_unit_cell" time="0.001" /><testcase classname="test_scientific_accuracy.TestArtificialLatticeScientificAccuracy" name="test_kagome_supercell_scaling" time="0.003" /><testcase classname="test_scientific_accuracy.TestArtificialLatticeScientificAccuracy" name="test_lieb_has_3_atoms_per_unit_cell" time="0.001" /><testcase classname="test_scientific_accuracy.TestMore2DMaterials" name="test_ws2_lattice_constant" time="0.001"><failure message="ImportError: cannot import name 'generate_janus_tmd' from 'generators.two_d.janus' (/home/niel/git/crystal-mcp-server/src/python/generators/two_d/janus.py)">tests/testsuit/test_scientific_accuracy.py:899: in test_ws2_lattice_constant
    from generators.two_d.tmds import generate_tmd
src/python/generators/two_d/__init__.py:32: in &lt;module&gt;
    from .janus import generate_janus_tmd, JANUS_MATERIALS
E   ImportError: cannot import name 'generate_janus_tmd' from 'generators.two_d.janus' (/home/niel/git/crystal-mcp-server/src/python/generators/two_d/janus.py)</failure></testcase><testcase classname="test_scientific_accuracy.TestMore2DMaterials" name="test_mose2_lattice_constant" time="0.001"><failure message="ImportError: cannot import name 'generate_janus_tmd' from 'generators.two_d.janus' (/home/niel/git/crystal-mcp-server/src/python/generators/two_d/janus.py)">tests/testsuit/test_scientific_accuracy.py:910: in test_mose2_lattice_constant
    from generators.two_d.tmds import generate_tmd
src/python/generators/two_d/__init__.py:32: in &lt;module&gt;
    from .janus import generate_janus_tmd, JANUS_MATERIALS
E   ImportError: cannot import name 'generate_janus_tmd' from 'generators.two_d.janus' (/home/niel/git/crystal-mcp-server/src/python/generators/two_d/janus.py)</failure></testcase><testcase classname="test_scientific_accuracy.TestMore2DMaterials" name="test_wse2_lattice_constant" time="0.001"><failure message="ImportError: cannot import name 'generate_janus_tmd' from 'generators.two_d.janus' (/home/niel/git/crystal-mcp-server/src/python/generators/two_d/janus.py)">tests/testsuit/test_scientific_accuracy.py:921: in test_wse2_lattice_constant
    from generators.two_d.tmds import generate_tmd
src/python/generators/two_d/__init__.py:32: in &lt;module&gt;
    from .janus import generate_janus_tmd, JANUS_MATERIALS
E   ImportError: cannot import name 'generate_janus_tmd' from 'generators.two_d.janus' (/home/niel/git/crystal-mcp-server/src/python/generators/two_d/janus.py)</failure></testcase><testcase classname="test_scientific_accuracy.TestMore2DMaterials" name="test_tmd_stoichiometry" time="0.001"><failure message="ImportError: cannot import name 'generate_janus_tmd' from 'generators.two_d.janus' (/home/niel/git/crystal-mcp-server/src/python/generators/two_d/janus.py)">tests/testsuit/test_scientific_accuracy.py:932: in test_tmd_stoichiometry
    from generators.two_d.tmds import generate_tmd
src/python/generators/two_d/__init__.py:32: in &lt;module&gt;
    from .janus import generate_janus_tmd, JANUS_MATERIALS
E   ImportError: cannot import name 'generate_janus_tmd' from 'generators.two_d.janus' (/home/niel/git/crystal-mcp-server/src/python/generators/two_d/janus.py)</failure></testcase><testcase classname="test_scientific_accuracy.TestMorePerovskites" name="test_pbtio3_tetragonality" time="0.039" /><testcase classname="test_scientific_accuracy.TestMorePerovskites" name="test_perovskite_stoichiometry" time="0.070" /><testcase classname="test_scientific_accuracy.TestHighEntropyMaterials" name="test_2d_hea_has_5_elements" time="0.001"><failure message="ImportError: cannot import name 'generate_janus_tmd' from 'generators.two_d.janus' (/home/niel/git/crystal-mcp-server/src/python/generators/two_d/janus.py)">tests/testsuit/test_scientific_accuracy.py:997: in test_2d_hea_has_5_elements
    from generators.two_d.hea_2d import generate_2d_hea
src/python/generators/two_d/__init__.py:32: in &lt;module&gt;
    from .janus import generate_janus_tmd, JANUS_MATERIALS
E   ImportError: cannot import name 'generate_janus_tmd' from 'generators.two_d.janus' (/home/niel/git/crystal-mcp-server/src/python/generators/two_d/janus.py)</failure></testcase><testcase classname="test_scientific_accuracy.TestHighEntropyMaterials" name="test_2d_heo_has_oxygen" time="0.001"><failure message="ImportError: cannot import name 'generate_janus_tmd' from 'generators.two_d.janus' (/home/niel/git/crystal-mcp-server/src/python/generators/two_d/janus.py)">tests/testsuit/test_scientific_accuracy.py:1011: in test_2d_heo_has_oxygen
    from generators.two_d.hea_2d import generate_2d_heo
src/python/generators/two_d/__init__.py:32: in &lt;module&gt;
    from .janus import generate_janus_tmd, JANUS_MATERIALS
E   ImportError: cannot import name 'generate_janus_tmd' from 'generators.two_d.janus' (/home/niel/git/crystal-mcp-server/src/python/generators/two_d/janus.py)</failure></testcase><testcase classname="test_scientific_accuracy.TestHighEntropyMaterials" name="test_2d_hec_has_carbon" time="0.001"><failure message="ImportError: cannot import name 'generate_janus_tmd' from 'generators.two_d.janus' (/home/niel/git/crystal-mcp-server/src/python/generators/two_d/janus.py)">tests/testsuit/test_scientific_accuracy.py:1025: in test_2d_hec_has_carbon
    from generators.two_d.hea_2d import generate_2d_hec
src/python/generators/two_d/__init__.py:32: in &lt;module&gt;
    from .janus import generate_janus_tmd, JANUS_MATERIALS
E   ImportError: cannot import name 'generate_janus_tmd' from 'generators.two_d.janus' (/home/niel/git/crystal-mcp-server/src/python/generators/two_d/janus.py)</failure></testcase><testcase classname="test_scientific_accuracy.TestNanotubeScientificAccuracy" name="test_cnt_diameter_formula" time="0.002" /><testcase classname="test_scientific_accuracy.TestNanotubeScientificAccuracy" name="test_cnt_chirality_types" time="0.002" /><testcase classname="test_scientific_accuracy.TestSpaceGroupTransformation" name="test_transform_to_direct_subgroup" time="0.124" /><testcase classname="test_scientific_accuracy.TestSpaceGroupTransformation" name="test_bifeo3_cubic_to_r3c_transformation" time="0.640" /><testcase classname="test_scientific_accuracy.TestSpaceGroupTransformation" name="test_get_all_transformation_paths" time="0.655" /><testcase classname="test_scientific_accuracy.TestSpaceGroupTransformation" name="test_transform_by_specific_path" time="0.112" /><testcase classname="test_scientific_accuracy.TestSpaceGroupTransformation" name="test_transformation_preserves_composition" time="0.530" /><testcase classname="test_scientific_accuracy.TestSpaceGroupTransformation" name="test_invalid_target_not_subgroup" time="0.019" /><testcase classname="test_phase3_implementations.TestVisualizationExports" name="test_module_importable" time="0.000" /><testcase classname="test_phase3_implementations.TestVisualizationExports" name="test_export_xsf" time="0.079" /><testcase classname="test_phase3_implementations.TestVisualizationExports" name="test_export_cube" time="0.203" /><testcase classname="test_phase3_implementations.TestVisualizationExports" name="test_export_vesta" time="0.078" /><testcase classname="test_phase3_implementations.TestVisualizationExports" name="test_export_threejs_json" time="0.078" /><testcase classname="test_phase3_implementations.TestVisualizationExports" name="test_export_html_viewer" time="0.076" /><testcase classname="test_phase3_implementations.TestCellSettings" name="test_module_importable" time="0.000" /><testcase classname="test_phase3_implementations.TestCellSettings" name="test_get_primitive_cell" time="0.114" /><testcase classname="test_phase3_implementations.TestCellSettings" name="test_get_conventional_cell" time="0.072" /><testcase classname="test_phase3_implementations.TestCellSettings" name="test_get_niggli_cell" time="0.074" /><testcase classname="test_phase3_implementations.TestCellSettings" name="test_transform_cell" time="0.105" /><testcase classname="test_phase3_implementations.TestCellSettings" name="test_compare_cell_settings" time="0.107" /><testcase classname="test_phase3_implementations.TestAdvancedMagneticOrderings" name="test_module_importable" time="0.000" /><testcase classname="test_phase3_implementations.TestAdvancedMagneticOrderings" name="test_single_q_structure" time="0.001" /><testcase classname="test_phase3_implementations.TestAdvancedMagneticOrderings" name="test_2q_structure" time="0.001" /><testcase classname="test_phase3_implementations.TestAdvancedMagneticOrderings" name="test_3q_structure" time="0.002" /><testcase classname="test_phase3_implementations.TestAdvancedMagneticOrderings" name="test_4q_structure" time="0.001" /><testcase classname="test_phase3_implementations.TestAdvancedMagneticOrderings" name="test_dmi_cycloid_bifeo3" time="0.020" /><testcase classname="test_phase3_implementations.TestAdvancedMagneticOrderings" name="test_dmi_cycloid_mnsi" time="0.008" /><testcase classname="test_phase3_implementations.TestAdvancedMagneticOrderings" name="test_conical_phase" time="0.005" /><testcase classname="test_phase3_implementations.TestAdvancedMagneticOrderings" name="test_skyrmion_lattice_bloch" time="0.004" /><testcase classname="test_phase3_implementations.TestAdvancedMagneticOrderings" name="test_skyrmion_lattice_neel" time="0.004" /><testcase classname="test_phase3_implementations.TestAdvancedDefects" name="test_module_importable" time="0.000" /><testcase classname="test_phase3_implementations.TestAdvancedDefects" name="test_trivacancy_triangular" time="0.080" /><testcase classname="test_phase3_implementations.TestAdvancedDefects" name="test_trivacancy_linear" time="0.001" /><testcase classname="test_phase3_implementations.TestAdvancedDefects" name="test_defect_gradient_linear" time="0.001" /><testcase classname="test_phase3_implementations.TestAdvancedDefects" name="test_defect_gradient_sigmoid" time="0.002" /><testcase classname="test_phase3_implementations.TestAdvancedDefects" name="test_vacancy_cluster_compact" time="0.002" /><testcase classname="test_phase3_implementations.TestFerroelectricPhases" name="test_module_importable" time="0.000" /><testcase classname="test_phase3_implementations.TestFerroelectricPhases" name="test_dion_jacobson_klanb2o7" time="0.002" /><testcase classname="test_phase3_implementations.TestFerroelectricPhases" name="test_dion_jacobson_n3" time="0.002" /><testcase classname="test_phase3_implementations.TestFerroelectricPhases" name="test_aurivillius_bi4ti3o12" time="0.002" /><testcase classname="test_phase3_implementations.TestFerroelectricPhases" name="test_aurivillius_srbi2ta2o9" time="0.002" /><testcase classname="test_phase3_implementations.TestFerroelectricPhases" name="test_aurivillius_n1" time="0.001" /><testcase classname="test_phase3_implementations.TestFerroelectricPhases" name="test_layered_perovskite_database" time="0.000" /><testcase classname="test_phase3_implementations.TestPhase3RegistryIntegration" name="test_visualization_operations_registered" time="0.000" /><testcase classname="test_phase3_implementations.TestPhase3RegistryIntegration" name="test_cell_settings_operations_registered" time="0.000" /><testcase classname="test_phase3_implementations.TestPhase3RegistryIntegration" name="test_magnetic_operations_registered" time="0.000" /><testcase classname="test_phase3_implementations.TestPhase3RegistryIntegration" name="test_defect_operations_registered" time="0.000" /><testcase classname="test_phase3_implementations.TestPhase3RegistryIntegration" name="test_ferroelectric_operations_registered" time="0.000" /><testcase classname="test_workflow_module.TestZScan" name="test_z_scan_basic" time="0.022" /><testcase classname="test_workflow_module.TestZScan" name="test_z_scan_with_material_name" time="0.024"><failure message="AttributeError: 'function' object has no attribute 'molecule'">tests/testsuit/test_workflow_module.py:109: in test_z_scan_with_material_name
    result = generate_z_scan(
src/python/generators/workflow/parametric_scans.py:125: in generate_z_scan
    mol_atoms = _generate_molecule(molecule)
src/python/generators/workflow/parametric_scans.py:868: in _generate_molecule
    mol = _ase_molecule_or_none(name)
src/python/generators/workflow/parametric_scans.py:768: in _ase_molecule_or_none
    return ase_molecule_module.molecule(name)
E   AttributeError: 'function' object has no attribute 'molecule'</failure></testcase><testcase classname="test_workflow_module.TestZScan" name="test_z_scan_z_values" time="0.002" /><testcase classname="test_workflow_module.TestZScan" name="test_z_scan_energy_template" time="0.001" /><testcase classname="test_workflow_module.TestDistanceScan" name="test_distance_scan_basic" time="0.001" /><testcase classname="test_workflow_module.TestDistanceScan" name="test_distance_scan_approach_axis" time="0.002" /><testcase classname="test_workflow_module.TestRotationScan" name="test_rotation_scan_basic" time="0.001" /><testcase classname="test_workflow_module.TestRotationScan" name="test_rotation_scan_full_rotation" time="0.001" /><testcase classname="test_workflow_module.TestParameterSweep" name="test_parameter_sweep_info" time="0.000" /><testcase classname="test_workflow_module.TestTrajectoryAnimation" name="test_xyz_trajectory" time="0.000" /><testcase classname="test_workflow_module.TestTrajectoryAnimation" name="test_xsf_animation" time="0.000" /><testcase classname="test_workflow_module.TestTrajectoryAnimation" name="test_extxyz_trajectory" time="0.000" /><testcase classname="test_workflow_module.TestTrajectoryAnimation" name="test_html_animation" time="0.000" /><testcase classname="test_workflow_module.TestStructureEditor" name="test_editor_initialization" time="0.000" /><testcase classname="test_workflow_module.TestStructureEditor" name="test_add_atom" time="0.001" /><testcase classname="test_workflow_module.TestStructureEditor" name="test_remove_atom" time="0.000" /><testcase classname="test_workflow_module.TestStructureEditor" name="test_substitute_atom" time="0.000" /><testcase classname="test_workflow_module.TestStructureEditor" name="test_translate_atoms" time="0.001" /><testcase classname="test_workflow_module.TestStructureEditor" name="test_rotate_atoms" time="0.001" /><testcase classname="test_workflow_module.TestStructureEditor" name="test_make_supercell" time="0.001" /><testcase classname="test_workflow_module.TestStructureEditor" name="test_apply_strain" time="0.001" /><testcase classname="test_workflow_module.TestStructureEditor" name="test_undo_redo" time="0.001" /><testcase classname="test_workflow_module.TestStructureEditor" name="test_chained_operations" time="0.001" /><testcase classname="test_workflow_module.TestStructureEditor" name="test_history_tracking" time="0.000" /><testcase classname="test_workflow_module.TestEditStructureFunction" name="test_edit_structure_sequence" time="0.001" /><testcase classname="test_workflow_module.TestEditStructureFunction" name="test_edit_structure_invalid_operation" time="0.000" /><testcase classname="test_workflow_module.TestCompareStructures" name="test_compare_identical" time="0.000" /><testcase classname="test_workflow_module.TestCompareStructures" name="test_compare_different_composition" time="0.000" /><testcase classname="test_workflow_module.TestAvailableOperations" name="test_get_available_edit_operations" time="0.000" /><testcase classname="test_workflow_module.TestWorkflowIntegration" name="test_z_scan_to_animation" time="0.001" /><testcase classname="test_workflow_module.TestWorkflowIntegration" name="test_edit_then_scan" time="0.001" /><testcase classname="test_workflow_module.TestRegistryIntegration" name="test_workflow_category_exists" time="0.000" /><testcase classname="test_workflow_module.TestRegistryIntegration" name="test_workflow_operations_registered" time="0.000" /><testcase classname="test_workflow_module.TestRegistryIntegration" name="test_get_operation_info" time="0.000" /><testcase classname="test_workflow_module.TestDirectionalScan" name="test_directional_scan_basic" time="0.000" /><testcase classname="test_workflow_module.TestDirectionalScan" name="test_directional_scan_arbitrary_direction" time="0.000" /><testcase classname="test_workflow_module.TestPlanarScan" name="test_planar_scan_xy" time="0.001" /><testcase classname="test_workflow_module.TestRadialScan" name="test_radial_scan_basic" time="0.001" /><testcase classname="test_workflow_module.TestLatticeScan" name="test_volume_scan" time="0.000" /><testcase classname="test_workflow_module.TestLatticeScan" name="test_lattice_a_scan" time="0.001" /><testcase classname="test_workflow_module.TestStrainTensorScan" name="test_strain_xx_scan" time="0.001" /><testcase classname="test_workflow_module.TestStrainTensorScan" name="test_biaxial_strain_scan" time="0.001" /><testcase classname="test_workflow_module.TestCoverageScan" name="test_coverage_scan_basic" time="0.001" /><testcase classname="test_workflow_module.TestNEBPath" name="test_neb_path_basic" time="0.000" /><testcase classname="test_workflow_module.TestNEBPath" name="test_neb_path_climbing_image" time="0.000" /><testcase classname="test_workflow_module.TestBondScan" name="test_bond_scan_basic" time="0.000" /><testcase classname="test_workflow_module.TestDihedralScan" name="test_dihedral_scan_basic" time="0.001" /><testcase classname="test_workflow_module.TestNewScansInRegistry" name="test_new_scans_registered" time="0.000" /><testcase classname="test_workflow_module.TestNewScansInRegistry" name="test_get_available_scans_complete" time="0.000" /><testcase classname="test_workflow_module.TestEdgeCases" name="test_empty_structure" time="0.000" /><testcase classname="test_workflow_module.TestEdgeCases" name="test_no_structure_set" time="0.000" /><testcase classname="test_workflow_module.TestEdgeCases" name="test_invalid_atom_index" time="0.001" /><testcase classname="test_workflow_module.TestEdgeCases" name="test_single_frame_trajectory" time="0.003" /></testsuite></testsuites>